[2025-01-31T12:09:12.312+0700] {processor.py:186} INFO - Started process (PID=11802) to work on /home/vmphat/miniconda3/envs/ds-env/lib/python3.11/site-packages/airflow/example_dags/example_outlet_event_extra.py
[2025-01-31T12:09:12.314+0700] {processor.py:914} INFO - Processing file /home/vmphat/miniconda3/envs/ds-env/lib/python3.11/site-packages/airflow/example_dags/example_outlet_event_extra.py for tasks to queue
[2025-01-31T12:09:12.318+0700] {logging_mixin.py:190} INFO - [2025-01-31T12:09:12.317+0700] {dagbag.py:588} INFO - Filling up the DagBag from /home/vmphat/miniconda3/envs/ds-env/lib/python3.11/site-packages/airflow/example_dags/example_outlet_event_extra.py
[2025-01-31T12:09:12.329+0700] {processor.py:925} INFO - DAG(s) 'dataset_with_extra_from_classic_operator', 'dataset_with_extra_by_yield', 'dataset_with_extra_by_context' retrieved from /home/vmphat/miniconda3/envs/ds-env/lib/python3.11/site-packages/airflow/example_dags/example_outlet_event_extra.py
[2025-01-31T12:09:12.583+0700] {logging_mixin.py:190} INFO - [2025-01-31T12:09:12.582+0700] {override.py:1912} INFO - Created Permission View: can edit on DAG:dataset_with_extra_from_classic_operator
[2025-01-31T12:09:12.606+0700] {logging_mixin.py:190} INFO - [2025-01-31T12:09:12.606+0700] {override.py:1912} INFO - Created Permission View: can delete on DAG:dataset_with_extra_from_classic_operator
[2025-01-31T12:09:12.627+0700] {logging_mixin.py:190} INFO - [2025-01-31T12:09:12.627+0700] {override.py:1912} INFO - Created Permission View: can read on DAG:dataset_with_extra_from_classic_operator
[2025-01-31T12:09:12.660+0700] {logging_mixin.py:190} INFO - [2025-01-31T12:09:12.660+0700] {override.py:1912} INFO - Created Permission View: can delete on DAG Run:dataset_with_extra_from_classic_operator
[2025-01-31T12:09:12.681+0700] {logging_mixin.py:190} INFO - [2025-01-31T12:09:12.681+0700] {override.py:1912} INFO - Created Permission View: menu access on DAG Run:dataset_with_extra_from_classic_operator
[2025-01-31T12:09:12.702+0700] {logging_mixin.py:190} INFO - [2025-01-31T12:09:12.701+0700] {override.py:1912} INFO - Created Permission View: can read on DAG Run:dataset_with_extra_from_classic_operator
[2025-01-31T12:09:12.721+0700] {logging_mixin.py:190} INFO - [2025-01-31T12:09:12.721+0700] {override.py:1912} INFO - Created Permission View: can create on DAG Run:dataset_with_extra_from_classic_operator
[2025-01-31T12:09:12.761+0700] {logging_mixin.py:190} INFO - [2025-01-31T12:09:12.761+0700] {override.py:1912} INFO - Created Permission View: can edit on DAG:dataset_with_extra_by_yield
[2025-01-31T12:09:12.782+0700] {logging_mixin.py:190} INFO - [2025-01-31T12:09:12.781+0700] {override.py:1912} INFO - Created Permission View: can delete on DAG:dataset_with_extra_by_yield
[2025-01-31T12:09:12.802+0700] {logging_mixin.py:190} INFO - [2025-01-31T12:09:12.802+0700] {override.py:1912} INFO - Created Permission View: can read on DAG:dataset_with_extra_by_yield
[2025-01-31T12:09:12.834+0700] {logging_mixin.py:190} INFO - [2025-01-31T12:09:12.833+0700] {override.py:1912} INFO - Created Permission View: can delete on DAG Run:dataset_with_extra_by_yield
[2025-01-31T12:09:12.854+0700] {logging_mixin.py:190} INFO - [2025-01-31T12:09:12.853+0700] {override.py:1912} INFO - Created Permission View: menu access on DAG Run:dataset_with_extra_by_yield
[2025-01-31T12:09:12.873+0700] {logging_mixin.py:190} INFO - [2025-01-31T12:09:12.873+0700] {override.py:1912} INFO - Created Permission View: can read on DAG Run:dataset_with_extra_by_yield
[2025-01-31T12:09:12.897+0700] {logging_mixin.py:190} INFO - [2025-01-31T12:09:12.896+0700] {override.py:1912} INFO - Created Permission View: can create on DAG Run:dataset_with_extra_by_yield
[2025-01-31T12:09:12.938+0700] {logging_mixin.py:190} INFO - [2025-01-31T12:09:12.937+0700] {override.py:1912} INFO - Created Permission View: can edit on DAG:dataset_with_extra_by_context
[2025-01-31T12:09:12.958+0700] {logging_mixin.py:190} INFO - [2025-01-31T12:09:12.958+0700] {override.py:1912} INFO - Created Permission View: can delete on DAG:dataset_with_extra_by_context
[2025-01-31T12:09:12.981+0700] {logging_mixin.py:190} INFO - [2025-01-31T12:09:12.980+0700] {override.py:1912} INFO - Created Permission View: can read on DAG:dataset_with_extra_by_context
[2025-01-31T12:09:13.012+0700] {logging_mixin.py:190} INFO - [2025-01-31T12:09:13.012+0700] {override.py:1912} INFO - Created Permission View: can delete on DAG Run:dataset_with_extra_by_context
[2025-01-31T12:09:13.035+0700] {logging_mixin.py:190} INFO - [2025-01-31T12:09:13.034+0700] {override.py:1912} INFO - Created Permission View: menu access on DAG Run:dataset_with_extra_by_context
[2025-01-31T12:09:13.055+0700] {logging_mixin.py:190} INFO - [2025-01-31T12:09:13.055+0700] {override.py:1912} INFO - Created Permission View: can read on DAG Run:dataset_with_extra_by_context
[2025-01-31T12:09:13.076+0700] {logging_mixin.py:190} INFO - [2025-01-31T12:09:13.076+0700] {override.py:1912} INFO - Created Permission View: can create on DAG Run:dataset_with_extra_by_context
[2025-01-31T12:09:13.077+0700] {logging_mixin.py:190} INFO - [2025-01-31T12:09:13.077+0700] {dag.py:3239} INFO - Sync 3 DAGs
[2025-01-31T12:09:13.089+0700] {logging_mixin.py:190} INFO - [2025-01-31T12:09:13.089+0700] {dag.py:3262} INFO - Creating ORM DAG for dataset_with_extra_from_classic_operator
[2025-01-31T12:09:13.090+0700] {logging_mixin.py:190} INFO - [2025-01-31T12:09:13.089+0700] {dag.py:3262} INFO - Creating ORM DAG for dataset_with_extra_by_yield
[2025-01-31T12:09:13.090+0700] {logging_mixin.py:190} INFO - [2025-01-31T12:09:13.090+0700] {dag.py:3262} INFO - Creating ORM DAG for dataset_with_extra_by_context
[2025-01-31T12:09:13.098+0700] {logging_mixin.py:190} INFO - [2025-01-31T12:09:13.098+0700] {dag.py:4180} INFO - Setting next_dagrun for dataset_with_extra_by_context to 2025-01-30 00:00:00+00:00, run_after=2025-01-31 00:00:00+00:00
[2025-01-31T12:09:13.100+0700] {logging_mixin.py:190} INFO - [2025-01-31T12:09:13.100+0700] {dag.py:4180} INFO - Setting next_dagrun for dataset_with_extra_by_yield to 2025-01-30 00:00:00+00:00, run_after=2025-01-31 00:00:00+00:00
[2025-01-31T12:09:13.102+0700] {logging_mixin.py:190} INFO - [2025-01-31T12:09:13.102+0700] {dag.py:4180} INFO - Setting next_dagrun for dataset_with_extra_from_classic_operator to 2025-01-30 00:00:00+00:00, run_after=2025-01-31 00:00:00+00:00
[2025-01-31T12:09:13.150+0700] {processor.py:208} INFO - Processing /home/vmphat/miniconda3/envs/ds-env/lib/python3.11/site-packages/airflow/example_dags/example_outlet_event_extra.py took 0.843 seconds
[2025-01-31T12:10:31.953+0700] {processor.py:186} INFO - Started process (PID=11877) to work on /home/vmphat/miniconda3/envs/ds-env/lib/python3.11/site-packages/airflow/example_dags/example_outlet_event_extra.py
[2025-01-31T12:10:31.954+0700] {processor.py:914} INFO - Processing file /home/vmphat/miniconda3/envs/ds-env/lib/python3.11/site-packages/airflow/example_dags/example_outlet_event_extra.py for tasks to queue
[2025-01-31T12:10:31.956+0700] {logging_mixin.py:190} INFO - [2025-01-31T12:10:31.956+0700] {dagbag.py:588} INFO - Filling up the DagBag from /home/vmphat/miniconda3/envs/ds-env/lib/python3.11/site-packages/airflow/example_dags/example_outlet_event_extra.py
[2025-01-31T12:10:31.965+0700] {processor.py:925} INFO - DAG(s) 'dataset_with_extra_by_yield', 'dataset_with_extra_from_classic_operator', 'dataset_with_extra_by_context' retrieved from /home/vmphat/miniconda3/envs/ds-env/lib/python3.11/site-packages/airflow/example_dags/example_outlet_event_extra.py
[2025-01-31T12:10:32.019+0700] {logging_mixin.py:190} INFO - [2025-01-31T12:10:32.019+0700] {dag.py:3239} INFO - Sync 3 DAGs
[2025-01-31T12:10:32.049+0700] {logging_mixin.py:190} INFO - [2025-01-31T12:10:32.049+0700] {dag.py:4180} INFO - Setting next_dagrun for dataset_with_extra_by_context to 2025-01-30 00:00:00+00:00, run_after=2025-01-31 00:00:00+00:00
[2025-01-31T12:10:32.056+0700] {logging_mixin.py:190} INFO - [2025-01-31T12:10:32.056+0700] {dag.py:4180} INFO - Setting next_dagrun for dataset_with_extra_by_yield to 2025-01-30 00:00:00+00:00, run_after=2025-01-31 00:00:00+00:00
[2025-01-31T12:10:32.061+0700] {logging_mixin.py:190} INFO - [2025-01-31T12:10:32.061+0700] {dag.py:4180} INFO - Setting next_dagrun for dataset_with_extra_from_classic_operator to 2025-01-30 00:00:00+00:00, run_after=2025-01-31 00:00:00+00:00
[2025-01-31T12:10:32.156+0700] {processor.py:208} INFO - Processing /home/vmphat/miniconda3/envs/ds-env/lib/python3.11/site-packages/airflow/example_dags/example_outlet_event_extra.py took 0.208 seconds
[2025-01-31T12:19:16.614+0700] {processor.py:186} INFO - Started process (PID=13364) to work on /home/vmphat/miniconda3/envs/ds-env/lib/python3.11/site-packages/airflow/example_dags/example_outlet_event_extra.py
[2025-01-31T12:19:16.615+0700] {processor.py:914} INFO - Processing file /home/vmphat/miniconda3/envs/ds-env/lib/python3.11/site-packages/airflow/example_dags/example_outlet_event_extra.py for tasks to queue
[2025-01-31T12:19:16.616+0700] {logging_mixin.py:190} INFO - [2025-01-31T12:19:16.616+0700] {dagbag.py:588} INFO - Filling up the DagBag from /home/vmphat/miniconda3/envs/ds-env/lib/python3.11/site-packages/airflow/example_dags/example_outlet_event_extra.py
[2025-01-31T12:19:16.628+0700] {processor.py:925} INFO - DAG(s) 'dataset_with_extra_by_context', 'dataset_with_extra_from_classic_operator', 'dataset_with_extra_by_yield' retrieved from /home/vmphat/miniconda3/envs/ds-env/lib/python3.11/site-packages/airflow/example_dags/example_outlet_event_extra.py
[2025-01-31T12:19:16.679+0700] {logging_mixin.py:190} INFO - [2025-01-31T12:19:16.679+0700] {dag.py:3239} INFO - Sync 3 DAGs
[2025-01-31T12:19:16.707+0700] {logging_mixin.py:190} INFO - [2025-01-31T12:19:16.707+0700] {dag.py:4180} INFO - Setting next_dagrun for dataset_with_extra_by_context to 2025-01-30 00:00:00+00:00, run_after=2025-01-31 00:00:00+00:00
[2025-01-31T12:19:16.714+0700] {logging_mixin.py:190} INFO - [2025-01-31T12:19:16.714+0700] {dag.py:4180} INFO - Setting next_dagrun for dataset_with_extra_by_yield to 2025-01-30 00:00:00+00:00, run_after=2025-01-31 00:00:00+00:00
[2025-01-31T12:19:16.720+0700] {logging_mixin.py:190} INFO - [2025-01-31T12:19:16.720+0700] {dag.py:4180} INFO - Setting next_dagrun for dataset_with_extra_from_classic_operator to 2025-01-30 00:00:00+00:00, run_after=2025-01-31 00:00:00+00:00
[2025-01-31T12:19:16.771+0700] {processor.py:208} INFO - Processing /home/vmphat/miniconda3/envs/ds-env/lib/python3.11/site-packages/airflow/example_dags/example_outlet_event_extra.py took 0.160 seconds
