[2025-01-31T12:09:35.557+0700] {processor.py:186} INFO - Started process (PID=11836) to work on /home/vmphat/miniconda3/envs/ds-env/lib/python3.11/site-packages/airflow/example_dags/example_sla_dag.py
[2025-01-31T12:09:35.558+0700] {processor.py:914} INFO - Processing file /home/vmphat/miniconda3/envs/ds-env/lib/python3.11/site-packages/airflow/example_dags/example_sla_dag.py for tasks to queue
[2025-01-31T12:09:35.560+0700] {logging_mixin.py:190} INFO - [2025-01-31T12:09:35.560+0700] {dagbag.py:588} INFO - Filling up the DagBag from /home/vmphat/miniconda3/envs/ds-env/lib/python3.11/site-packages/airflow/example_dags/example_sla_dag.py
[2025-01-31T12:09:35.568+0700] {processor.py:925} INFO - DAG(s) 'example_sla_dag' retrieved from /home/vmphat/miniconda3/envs/ds-env/lib/python3.11/site-packages/airflow/example_dags/example_sla_dag.py
[2025-01-31T12:09:35.817+0700] {logging_mixin.py:190} INFO - [2025-01-31T12:09:35.816+0700] {override.py:1912} INFO - Created Permission View: can edit on DAG:example_sla_dag
[2025-01-31T12:09:35.838+0700] {logging_mixin.py:190} INFO - [2025-01-31T12:09:35.837+0700] {override.py:1912} INFO - Created Permission View: can delete on DAG:example_sla_dag
[2025-01-31T12:09:35.859+0700] {logging_mixin.py:190} INFO - [2025-01-31T12:09:35.859+0700] {override.py:1912} INFO - Created Permission View: can read on DAG:example_sla_dag
[2025-01-31T12:09:35.890+0700] {logging_mixin.py:190} INFO - [2025-01-31T12:09:35.890+0700] {override.py:1912} INFO - Created Permission View: can delete on DAG Run:example_sla_dag
[2025-01-31T12:09:35.908+0700] {logging_mixin.py:190} INFO - [2025-01-31T12:09:35.908+0700] {override.py:1912} INFO - Created Permission View: menu access on DAG Run:example_sla_dag
[2025-01-31T12:09:35.925+0700] {logging_mixin.py:190} INFO - [2025-01-31T12:09:35.925+0700] {override.py:1912} INFO - Created Permission View: can read on DAG Run:example_sla_dag
[2025-01-31T12:09:35.944+0700] {logging_mixin.py:190} INFO - [2025-01-31T12:09:35.943+0700] {override.py:1912} INFO - Created Permission View: can create on DAG Run:example_sla_dag
[2025-01-31T12:09:35.944+0700] {logging_mixin.py:190} INFO - [2025-01-31T12:09:35.944+0700] {dag.py:3239} INFO - Sync 1 DAGs
[2025-01-31T12:09:35.954+0700] {logging_mixin.py:190} INFO - [2025-01-31T12:09:35.954+0700] {dag.py:3262} INFO - Creating ORM DAG for example_sla_dag
[2025-01-31T12:09:35.963+0700] {logging_mixin.py:190} INFO - [2025-01-31T12:09:35.963+0700] {dag.py:4180} INFO - Setting next_dagrun for example_sla_dag to 2025-01-31 05:06:00+00:00, run_after=2025-01-31 05:08:00+00:00
[2025-01-31T12:09:36.000+0700] {processor.py:208} INFO - Processing /home/vmphat/miniconda3/envs/ds-env/lib/python3.11/site-packages/airflow/example_dags/example_sla_dag.py took 0.447 seconds
[2025-01-31T12:10:52.004+0700] {processor.py:186} INFO - Started process (PID=11895) to work on /home/vmphat/miniconda3/envs/ds-env/lib/python3.11/site-packages/airflow/example_dags/example_sla_dag.py
[2025-01-31T12:10:52.004+0700] {processor.py:914} INFO - Processing file /home/vmphat/miniconda3/envs/ds-env/lib/python3.11/site-packages/airflow/example_dags/example_sla_dag.py for tasks to queue
[2025-01-31T12:10:52.006+0700] {logging_mixin.py:190} INFO - [2025-01-31T12:10:52.006+0700] {dagbag.py:588} INFO - Filling up the DagBag from /home/vmphat/miniconda3/envs/ds-env/lib/python3.11/site-packages/airflow/example_dags/example_sla_dag.py
[2025-01-31T12:10:52.014+0700] {processor.py:925} INFO - DAG(s) 'example_sla_dag' retrieved from /home/vmphat/miniconda3/envs/ds-env/lib/python3.11/site-packages/airflow/example_dags/example_sla_dag.py
[2025-01-31T12:10:52.048+0700] {logging_mixin.py:190} INFO - [2025-01-31T12:10:52.048+0700] {dag.py:3239} INFO - Sync 1 DAGs
[2025-01-31T12:10:52.078+0700] {logging_mixin.py:190} INFO - [2025-01-31T12:10:52.077+0700] {dag.py:4180} INFO - Setting next_dagrun for example_sla_dag to 2025-01-31 05:08:00+00:00, run_after=2025-01-31 05:10:00+00:00
[2025-01-31T12:10:52.128+0700] {processor.py:208} INFO - Processing /home/vmphat/miniconda3/envs/ds-env/lib/python3.11/site-packages/airflow/example_dags/example_sla_dag.py took 0.129 seconds
[2025-01-31T12:19:37.349+0700] {processor.py:186} INFO - Started process (PID=13382) to work on /home/vmphat/miniconda3/envs/ds-env/lib/python3.11/site-packages/airflow/example_dags/example_sla_dag.py
[2025-01-31T12:19:37.350+0700] {processor.py:914} INFO - Processing file /home/vmphat/miniconda3/envs/ds-env/lib/python3.11/site-packages/airflow/example_dags/example_sla_dag.py for tasks to queue
[2025-01-31T12:19:37.354+0700] {logging_mixin.py:190} INFO - [2025-01-31T12:19:37.353+0700] {dagbag.py:588} INFO - Filling up the DagBag from /home/vmphat/miniconda3/envs/ds-env/lib/python3.11/site-packages/airflow/example_dags/example_sla_dag.py
[2025-01-31T12:19:37.363+0700] {processor.py:925} INFO - DAG(s) 'example_sla_dag' retrieved from /home/vmphat/miniconda3/envs/ds-env/lib/python3.11/site-packages/airflow/example_dags/example_sla_dag.py
[2025-01-31T12:19:37.400+0700] {logging_mixin.py:190} INFO - [2025-01-31T12:19:37.400+0700] {dag.py:3239} INFO - Sync 1 DAGs
[2025-01-31T12:19:37.433+0700] {logging_mixin.py:190} INFO - [2025-01-31T12:19:37.432+0700] {dag.py:4180} INFO - Setting next_dagrun for example_sla_dag to 2025-01-31 05:16:00+00:00, run_after=2025-01-31 05:18:00+00:00
[2025-01-31T12:19:37.589+0700] {processor.py:208} INFO - Processing /home/vmphat/miniconda3/envs/ds-env/lib/python3.11/site-packages/airflow/example_dags/example_sla_dag.py took 0.244 seconds
