[2025-01-31T12:09:46.269+0700] {processor.py:186} INFO - Started process (PID=11843) to work on /home/vmphat/miniconda3/envs/ds-env/lib/python3.11/site-packages/airflow/example_dags/example_dynamic_task_mapping_with_no_taskflow_operators.py
[2025-01-31T12:09:46.271+0700] {processor.py:914} INFO - Processing file /home/vmphat/miniconda3/envs/ds-env/lib/python3.11/site-packages/airflow/example_dags/example_dynamic_task_mapping_with_no_taskflow_operators.py for tasks to queue
[2025-01-31T12:09:46.273+0700] {logging_mixin.py:190} INFO - [2025-01-31T12:09:46.273+0700] {dagbag.py:588} INFO - Filling up the DagBag from /home/vmphat/miniconda3/envs/ds-env/lib/python3.11/site-packages/airflow/example_dags/example_dynamic_task_mapping_with_no_taskflow_operators.py
[2025-01-31T12:09:46.286+0700] {processor.py:925} INFO - DAG(s) 'example_dynamic_task_mapping_with_no_taskflow_operators' retrieved from /home/vmphat/miniconda3/envs/ds-env/lib/python3.11/site-packages/airflow/example_dags/example_dynamic_task_mapping_with_no_taskflow_operators.py
[2025-01-31T12:09:46.562+0700] {logging_mixin.py:190} INFO - [2025-01-31T12:09:46.561+0700] {override.py:1912} INFO - Created Permission View: can edit on DAG:example_dynamic_task_mapping_with_no_taskflow_operators
[2025-01-31T12:09:46.587+0700] {logging_mixin.py:190} INFO - [2025-01-31T12:09:46.587+0700] {override.py:1912} INFO - Created Permission View: can delete on DAG:example_dynamic_task_mapping_with_no_taskflow_operators
[2025-01-31T12:09:46.611+0700] {logging_mixin.py:190} INFO - [2025-01-31T12:09:46.610+0700] {override.py:1912} INFO - Created Permission View: can read on DAG:example_dynamic_task_mapping_with_no_taskflow_operators
[2025-01-31T12:09:46.645+0700] {logging_mixin.py:190} INFO - [2025-01-31T12:09:46.645+0700] {override.py:1912} INFO - Created Permission View: can delete on DAG Run:example_dynamic_task_mapping_with_no_taskflow_operators
[2025-01-31T12:09:46.668+0700] {logging_mixin.py:190} INFO - [2025-01-31T12:09:46.667+0700] {override.py:1912} INFO - Created Permission View: menu access on DAG Run:example_dynamic_task_mapping_with_no_taskflow_operators
[2025-01-31T12:09:46.689+0700] {logging_mixin.py:190} INFO - [2025-01-31T12:09:46.688+0700] {override.py:1912} INFO - Created Permission View: can read on DAG Run:example_dynamic_task_mapping_with_no_taskflow_operators
[2025-01-31T12:09:46.709+0700] {logging_mixin.py:190} INFO - [2025-01-31T12:09:46.709+0700] {override.py:1912} INFO - Created Permission View: can create on DAG Run:example_dynamic_task_mapping_with_no_taskflow_operators
[2025-01-31T12:09:46.710+0700] {logging_mixin.py:190} INFO - [2025-01-31T12:09:46.710+0700] {dag.py:3239} INFO - Sync 1 DAGs
[2025-01-31T12:09:46.723+0700] {logging_mixin.py:190} INFO - [2025-01-31T12:09:46.723+0700] {dag.py:3262} INFO - Creating ORM DAG for example_dynamic_task_mapping_with_no_taskflow_operators
[2025-01-31T12:09:46.724+0700] {logging_mixin.py:190} INFO - [2025-01-31T12:09:46.724+0700] {dag.py:4180} INFO - Setting next_dagrun for example_dynamic_task_mapping_with_no_taskflow_operators to None, run_after=None
[2025-01-31T12:09:46.767+0700] {processor.py:208} INFO - Processing /home/vmphat/miniconda3/envs/ds-env/lib/python3.11/site-packages/airflow/example_dags/example_dynamic_task_mapping_with_no_taskflow_operators.py took 0.502 seconds
[2025-01-31T12:19:45.534+0700] {processor.py:186} INFO - Started process (PID=13389) to work on /home/vmphat/miniconda3/envs/ds-env/lib/python3.11/site-packages/airflow/example_dags/example_dynamic_task_mapping_with_no_taskflow_operators.py
[2025-01-31T12:19:45.536+0700] {processor.py:914} INFO - Processing file /home/vmphat/miniconda3/envs/ds-env/lib/python3.11/site-packages/airflow/example_dags/example_dynamic_task_mapping_with_no_taskflow_operators.py for tasks to queue
[2025-01-31T12:19:45.539+0700] {logging_mixin.py:190} INFO - [2025-01-31T12:19:45.538+0700] {dagbag.py:588} INFO - Filling up the DagBag from /home/vmphat/miniconda3/envs/ds-env/lib/python3.11/site-packages/airflow/example_dags/example_dynamic_task_mapping_with_no_taskflow_operators.py
[2025-01-31T12:19:45.549+0700] {processor.py:925} INFO - DAG(s) 'example_dynamic_task_mapping_with_no_taskflow_operators' retrieved from /home/vmphat/miniconda3/envs/ds-env/lib/python3.11/site-packages/airflow/example_dags/example_dynamic_task_mapping_with_no_taskflow_operators.py
[2025-01-31T12:19:45.576+0700] {logging_mixin.py:190} INFO - [2025-01-31T12:19:45.575+0700] {dag.py:3239} INFO - Sync 1 DAGs
[2025-01-31T12:19:45.589+0700] {logging_mixin.py:190} INFO - [2025-01-31T12:19:45.588+0700] {dag.py:4180} INFO - Setting next_dagrun for example_dynamic_task_mapping_with_no_taskflow_operators to None, run_after=None
[2025-01-31T12:19:45.745+0700] {processor.py:208} INFO - Processing /home/vmphat/miniconda3/envs/ds-env/lib/python3.11/site-packages/airflow/example_dags/example_dynamic_task_mapping_with_no_taskflow_operators.py took 0.218 seconds
