[2025-01-31T12:09:14.486+0700] {processor.py:186} INFO - Started process (PID=11803) to work on /home/vmphat/miniconda3/envs/ds-env/lib/python3.11/site-packages/airflow/example_dags/example_setup_teardown_taskflow.py
[2025-01-31T12:09:14.487+0700] {processor.py:914} INFO - Processing file /home/vmphat/miniconda3/envs/ds-env/lib/python3.11/site-packages/airflow/example_dags/example_setup_teardown_taskflow.py for tasks to queue
[2025-01-31T12:09:14.489+0700] {logging_mixin.py:190} INFO - [2025-01-31T12:09:14.489+0700] {dagbag.py:588} INFO - Filling up the DagBag from /home/vmphat/miniconda3/envs/ds-env/lib/python3.11/site-packages/airflow/example_dags/example_setup_teardown_taskflow.py
[2025-01-31T12:09:14.500+0700] {processor.py:925} INFO - DAG(s) 'example_setup_teardown_taskflow' retrieved from /home/vmphat/miniconda3/envs/ds-env/lib/python3.11/site-packages/airflow/example_dags/example_setup_teardown_taskflow.py
[2025-01-31T12:09:14.749+0700] {logging_mixin.py:190} INFO - [2025-01-31T12:09:14.748+0700] {override.py:1912} INFO - Created Permission View: can edit on DAG:example_setup_teardown_taskflow
[2025-01-31T12:09:14.775+0700] {logging_mixin.py:190} INFO - [2025-01-31T12:09:14.775+0700] {override.py:1912} INFO - Created Permission View: can delete on DAG:example_setup_teardown_taskflow
[2025-01-31T12:09:14.799+0700] {logging_mixin.py:190} INFO - [2025-01-31T12:09:14.798+0700] {override.py:1912} INFO - Created Permission View: can read on DAG:example_setup_teardown_taskflow
[2025-01-31T12:09:14.829+0700] {logging_mixin.py:190} INFO - [2025-01-31T12:09:14.828+0700] {override.py:1912} INFO - Created Permission View: can delete on DAG Run:example_setup_teardown_taskflow
[2025-01-31T12:09:14.849+0700] {logging_mixin.py:190} INFO - [2025-01-31T12:09:14.848+0700] {override.py:1912} INFO - Created Permission View: menu access on DAG Run:example_setup_teardown_taskflow
[2025-01-31T12:09:14.867+0700] {logging_mixin.py:190} INFO - [2025-01-31T12:09:14.867+0700] {override.py:1912} INFO - Created Permission View: can read on DAG Run:example_setup_teardown_taskflow
[2025-01-31T12:09:14.886+0700] {logging_mixin.py:190} INFO - [2025-01-31T12:09:14.886+0700] {override.py:1912} INFO - Created Permission View: can create on DAG Run:example_setup_teardown_taskflow
[2025-01-31T12:09:14.886+0700] {logging_mixin.py:190} INFO - [2025-01-31T12:09:14.886+0700] {dag.py:3239} INFO - Sync 1 DAGs
[2025-01-31T12:09:14.896+0700] {logging_mixin.py:190} INFO - [2025-01-31T12:09:14.896+0700] {dag.py:3262} INFO - Creating ORM DAG for example_setup_teardown_taskflow
[2025-01-31T12:09:14.897+0700] {logging_mixin.py:190} INFO - [2025-01-31T12:09:14.897+0700] {dag.py:4180} INFO - Setting next_dagrun for example_setup_teardown_taskflow to None, run_after=None
[2025-01-31T12:09:14.928+0700] {processor.py:208} INFO - Processing /home/vmphat/miniconda3/envs/ds-env/lib/python3.11/site-packages/airflow/example_dags/example_setup_teardown_taskflow.py took 0.447 seconds
[2025-01-31T12:10:33.415+0700] {processor.py:186} INFO - Started process (PID=11878) to work on /home/vmphat/miniconda3/envs/ds-env/lib/python3.11/site-packages/airflow/example_dags/example_setup_teardown_taskflow.py
[2025-01-31T12:10:33.416+0700] {processor.py:914} INFO - Processing file /home/vmphat/miniconda3/envs/ds-env/lib/python3.11/site-packages/airflow/example_dags/example_setup_teardown_taskflow.py for tasks to queue
[2025-01-31T12:10:33.419+0700] {logging_mixin.py:190} INFO - [2025-01-31T12:10:33.418+0700] {dagbag.py:588} INFO - Filling up the DagBag from /home/vmphat/miniconda3/envs/ds-env/lib/python3.11/site-packages/airflow/example_dags/example_setup_teardown_taskflow.py
[2025-01-31T12:10:33.552+0700] {processor.py:925} INFO - DAG(s) 'example_setup_teardown_taskflow' retrieved from /home/vmphat/miniconda3/envs/ds-env/lib/python3.11/site-packages/airflow/example_dags/example_setup_teardown_taskflow.py
[2025-01-31T12:10:33.592+0700] {logging_mixin.py:190} INFO - [2025-01-31T12:10:33.592+0700] {dag.py:3239} INFO - Sync 1 DAGs
[2025-01-31T12:10:33.608+0700] {logging_mixin.py:190} INFO - [2025-01-31T12:10:33.607+0700] {dag.py:4180} INFO - Setting next_dagrun for example_setup_teardown_taskflow to None, run_after=None
[2025-01-31T12:10:33.652+0700] {processor.py:208} INFO - Processing /home/vmphat/miniconda3/envs/ds-env/lib/python3.11/site-packages/airflow/example_dags/example_setup_teardown_taskflow.py took 0.240 seconds
[2025-01-31T12:19:17.956+0700] {processor.py:186} INFO - Started process (PID=13365) to work on /home/vmphat/miniconda3/envs/ds-env/lib/python3.11/site-packages/airflow/example_dags/example_setup_teardown_taskflow.py
[2025-01-31T12:19:17.957+0700] {processor.py:914} INFO - Processing file /home/vmphat/miniconda3/envs/ds-env/lib/python3.11/site-packages/airflow/example_dags/example_setup_teardown_taskflow.py for tasks to queue
[2025-01-31T12:19:17.958+0700] {logging_mixin.py:190} INFO - [2025-01-31T12:19:17.958+0700] {dagbag.py:588} INFO - Filling up the DagBag from /home/vmphat/miniconda3/envs/ds-env/lib/python3.11/site-packages/airflow/example_dags/example_setup_teardown_taskflow.py
[2025-01-31T12:19:17.967+0700] {processor.py:925} INFO - DAG(s) 'example_setup_teardown_taskflow' retrieved from /home/vmphat/miniconda3/envs/ds-env/lib/python3.11/site-packages/airflow/example_dags/example_setup_teardown_taskflow.py
[2025-01-31T12:19:18.005+0700] {logging_mixin.py:190} INFO - [2025-01-31T12:19:18.005+0700] {dag.py:3239} INFO - Sync 1 DAGs
[2025-01-31T12:19:18.021+0700] {logging_mixin.py:190} INFO - [2025-01-31T12:19:18.021+0700] {dag.py:4180} INFO - Setting next_dagrun for example_setup_teardown_taskflow to None, run_after=None
[2025-01-31T12:19:18.085+0700] {processor.py:208} INFO - Processing /home/vmphat/miniconda3/envs/ds-env/lib/python3.11/site-packages/airflow/example_dags/example_setup_teardown_taskflow.py took 0.133 seconds
