[2025-01-31T12:09:23.441+0700] {processor.py:186} INFO - Started process (PID=11810) to work on /home/vmphat/miniconda3/envs/ds-env/lib/python3.11/site-packages/airflow/example_dags/example_short_circuit_decorator.py
[2025-01-31T12:09:23.442+0700] {processor.py:914} INFO - Processing file /home/vmphat/miniconda3/envs/ds-env/lib/python3.11/site-packages/airflow/example_dags/example_short_circuit_decorator.py for tasks to queue
[2025-01-31T12:09:23.443+0700] {logging_mixin.py:190} INFO - [2025-01-31T12:09:23.443+0700] {dagbag.py:588} INFO - Filling up the DagBag from /home/vmphat/miniconda3/envs/ds-env/lib/python3.11/site-packages/airflow/example_dags/example_short_circuit_decorator.py
[2025-01-31T12:09:23.453+0700] {processor.py:925} INFO - DAG(s) 'example_short_circuit_decorator' retrieved from /home/vmphat/miniconda3/envs/ds-env/lib/python3.11/site-packages/airflow/example_dags/example_short_circuit_decorator.py
[2025-01-31T12:09:23.694+0700] {logging_mixin.py:190} INFO - [2025-01-31T12:09:23.693+0700] {override.py:1912} INFO - Created Permission View: can edit on DAG:example_short_circuit_decorator
[2025-01-31T12:09:23.714+0700] {logging_mixin.py:190} INFO - [2025-01-31T12:09:23.714+0700] {override.py:1912} INFO - Created Permission View: can delete on DAG:example_short_circuit_decorator
[2025-01-31T12:09:23.735+0700] {logging_mixin.py:190} INFO - [2025-01-31T12:09:23.735+0700] {override.py:1912} INFO - Created Permission View: can read on DAG:example_short_circuit_decorator
[2025-01-31T12:09:23.771+0700] {logging_mixin.py:190} INFO - [2025-01-31T12:09:23.771+0700] {override.py:1912} INFO - Created Permission View: can delete on DAG Run:example_short_circuit_decorator
[2025-01-31T12:09:23.794+0700] {logging_mixin.py:190} INFO - [2025-01-31T12:09:23.793+0700] {override.py:1912} INFO - Created Permission View: menu access on DAG Run:example_short_circuit_decorator
[2025-01-31T12:09:23.814+0700] {logging_mixin.py:190} INFO - [2025-01-31T12:09:23.813+0700] {override.py:1912} INFO - Created Permission View: can read on DAG Run:example_short_circuit_decorator
[2025-01-31T12:09:23.833+0700] {logging_mixin.py:190} INFO - [2025-01-31T12:09:23.833+0700] {override.py:1912} INFO - Created Permission View: can create on DAG Run:example_short_circuit_decorator
[2025-01-31T12:09:23.834+0700] {logging_mixin.py:190} INFO - [2025-01-31T12:09:23.833+0700] {dag.py:3239} INFO - Sync 1 DAGs
[2025-01-31T12:09:23.846+0700] {logging_mixin.py:190} INFO - [2025-01-31T12:09:23.846+0700] {dag.py:3262} INFO - Creating ORM DAG for example_short_circuit_decorator
[2025-01-31T12:09:23.847+0700] {logging_mixin.py:190} INFO - [2025-01-31T12:09:23.846+0700] {dag.py:4180} INFO - Setting next_dagrun for example_short_circuit_decorator to None, run_after=None
[2025-01-31T12:09:23.883+0700] {processor.py:208} INFO - Processing /home/vmphat/miniconda3/envs/ds-env/lib/python3.11/site-packages/airflow/example_dags/example_short_circuit_decorator.py took 0.446 seconds
[2025-01-31T12:10:42.051+0700] {processor.py:186} INFO - Started process (PID=11885) to work on /home/vmphat/miniconda3/envs/ds-env/lib/python3.11/site-packages/airflow/example_dags/example_short_circuit_decorator.py
[2025-01-31T12:10:42.052+0700] {processor.py:914} INFO - Processing file /home/vmphat/miniconda3/envs/ds-env/lib/python3.11/site-packages/airflow/example_dags/example_short_circuit_decorator.py for tasks to queue
[2025-01-31T12:10:42.055+0700] {logging_mixin.py:190} INFO - [2025-01-31T12:10:42.054+0700] {dagbag.py:588} INFO - Filling up the DagBag from /home/vmphat/miniconda3/envs/ds-env/lib/python3.11/site-packages/airflow/example_dags/example_short_circuit_decorator.py
[2025-01-31T12:10:42.174+0700] {processor.py:925} INFO - DAG(s) 'example_short_circuit_decorator' retrieved from /home/vmphat/miniconda3/envs/ds-env/lib/python3.11/site-packages/airflow/example_dags/example_short_circuit_decorator.py
[2025-01-31T12:10:42.211+0700] {logging_mixin.py:190} INFO - [2025-01-31T12:10:42.210+0700] {dag.py:3239} INFO - Sync 1 DAGs
[2025-01-31T12:10:42.227+0700] {logging_mixin.py:190} INFO - [2025-01-31T12:10:42.226+0700] {dag.py:4180} INFO - Setting next_dagrun for example_short_circuit_decorator to None, run_after=None
[2025-01-31T12:10:42.288+0700] {processor.py:208} INFO - Processing /home/vmphat/miniconda3/envs/ds-env/lib/python3.11/site-packages/airflow/example_dags/example_short_circuit_decorator.py took 0.243 seconds
[2025-01-31T12:19:26.919+0700] {processor.py:186} INFO - Started process (PID=13373) to work on /home/vmphat/miniconda3/envs/ds-env/lib/python3.11/site-packages/airflow/example_dags/example_short_circuit_decorator.py
[2025-01-31T12:19:26.921+0700] {processor.py:914} INFO - Processing file /home/vmphat/miniconda3/envs/ds-env/lib/python3.11/site-packages/airflow/example_dags/example_short_circuit_decorator.py for tasks to queue
[2025-01-31T12:19:26.923+0700] {logging_mixin.py:190} INFO - [2025-01-31T12:19:26.923+0700] {dagbag.py:588} INFO - Filling up the DagBag from /home/vmphat/miniconda3/envs/ds-env/lib/python3.11/site-packages/airflow/example_dags/example_short_circuit_decorator.py
[2025-01-31T12:19:26.930+0700] {processor.py:925} INFO - DAG(s) 'example_short_circuit_decorator' retrieved from /home/vmphat/miniconda3/envs/ds-env/lib/python3.11/site-packages/airflow/example_dags/example_short_circuit_decorator.py
[2025-01-31T12:19:26.950+0700] {logging_mixin.py:190} INFO - [2025-01-31T12:19:26.950+0700] {dag.py:3239} INFO - Sync 1 DAGs
[2025-01-31T12:19:26.963+0700] {logging_mixin.py:190} INFO - [2025-01-31T12:19:26.963+0700] {dag.py:4180} INFO - Setting next_dagrun for example_short_circuit_decorator to None, run_after=None
[2025-01-31T12:19:27.001+0700] {processor.py:208} INFO - Processing /home/vmphat/miniconda3/envs/ds-env/lib/python3.11/site-packages/airflow/example_dags/example_short_circuit_decorator.py took 0.086 seconds
