[2025-01-31T12:10:09.159+0700] {processor.py:186} INFO - Started process (PID=11858) to work on /home/vmphat/miniconda3/envs/ds-env/lib/python3.11/site-packages/airflow/example_dags/example_branch_datetime_operator.py
[2025-01-31T12:10:09.160+0700] {processor.py:914} INFO - Processing file /home/vmphat/miniconda3/envs/ds-env/lib/python3.11/site-packages/airflow/example_dags/example_branch_datetime_operator.py for tasks to queue
[2025-01-31T12:10:09.161+0700] {logging_mixin.py:190} INFO - [2025-01-31T12:10:09.161+0700] {dagbag.py:588} INFO - Filling up the DagBag from /home/vmphat/miniconda3/envs/ds-env/lib/python3.11/site-packages/airflow/example_dags/example_branch_datetime_operator.py
[2025-01-31T12:10:09.172+0700] {processor.py:925} INFO - DAG(s) 'example_branch_datetime_operator_3', 'example_branch_datetime_operator_2', 'example_branch_datetime_operator' retrieved from /home/vmphat/miniconda3/envs/ds-env/lib/python3.11/site-packages/airflow/example_dags/example_branch_datetime_operator.py
[2025-01-31T12:10:09.431+0700] {logging_mixin.py:190} INFO - [2025-01-31T12:10:09.429+0700] {override.py:1912} INFO - Created Permission View: can edit on DAG:example_branch_datetime_operator_3
[2025-01-31T12:10:09.464+0700] {logging_mixin.py:190} INFO - [2025-01-31T12:10:09.463+0700] {override.py:1912} INFO - Created Permission View: can delete on DAG:example_branch_datetime_operator_3
[2025-01-31T12:10:09.484+0700] {logging_mixin.py:190} INFO - [2025-01-31T12:10:09.484+0700] {override.py:1912} INFO - Created Permission View: can read on DAG:example_branch_datetime_operator_3
[2025-01-31T12:10:09.516+0700] {logging_mixin.py:190} INFO - [2025-01-31T12:10:09.515+0700] {override.py:1912} INFO - Created Permission View: can delete on DAG Run:example_branch_datetime_operator_3
[2025-01-31T12:10:09.534+0700] {logging_mixin.py:190} INFO - [2025-01-31T12:10:09.533+0700] {override.py:1912} INFO - Created Permission View: menu access on DAG Run:example_branch_datetime_operator_3
[2025-01-31T12:10:09.553+0700] {logging_mixin.py:190} INFO - [2025-01-31T12:10:09.553+0700] {override.py:1912} INFO - Created Permission View: can read on DAG Run:example_branch_datetime_operator_3
[2025-01-31T12:10:09.571+0700] {logging_mixin.py:190} INFO - [2025-01-31T12:10:09.571+0700] {override.py:1912} INFO - Created Permission View: can create on DAG Run:example_branch_datetime_operator_3
[2025-01-31T12:10:09.608+0700] {logging_mixin.py:190} INFO - [2025-01-31T12:10:09.607+0700] {override.py:1912} INFO - Created Permission View: can edit on DAG:example_branch_datetime_operator_2
[2025-01-31T12:10:09.626+0700] {logging_mixin.py:190} INFO - [2025-01-31T12:10:09.625+0700] {override.py:1912} INFO - Created Permission View: can delete on DAG:example_branch_datetime_operator_2
[2025-01-31T12:10:09.643+0700] {logging_mixin.py:190} INFO - [2025-01-31T12:10:09.643+0700] {override.py:1912} INFO - Created Permission View: can read on DAG:example_branch_datetime_operator_2
[2025-01-31T12:10:09.671+0700] {logging_mixin.py:190} INFO - [2025-01-31T12:10:09.671+0700] {override.py:1912} INFO - Created Permission View: can delete on DAG Run:example_branch_datetime_operator_2
[2025-01-31T12:10:09.689+0700] {logging_mixin.py:190} INFO - [2025-01-31T12:10:09.689+0700] {override.py:1912} INFO - Created Permission View: menu access on DAG Run:example_branch_datetime_operator_2
[2025-01-31T12:10:09.708+0700] {logging_mixin.py:190} INFO - [2025-01-31T12:10:09.708+0700] {override.py:1912} INFO - Created Permission View: can read on DAG Run:example_branch_datetime_operator_2
[2025-01-31T12:10:09.726+0700] {logging_mixin.py:190} INFO - [2025-01-31T12:10:09.726+0700] {override.py:1912} INFO - Created Permission View: can create on DAG Run:example_branch_datetime_operator_2
[2025-01-31T12:10:09.763+0700] {logging_mixin.py:190} INFO - [2025-01-31T12:10:09.763+0700] {override.py:1912} INFO - Created Permission View: can edit on DAG:example_branch_datetime_operator
[2025-01-31T12:10:09.781+0700] {logging_mixin.py:190} INFO - [2025-01-31T12:10:09.781+0700] {override.py:1912} INFO - Created Permission View: can delete on DAG:example_branch_datetime_operator
[2025-01-31T12:10:09.799+0700] {logging_mixin.py:190} INFO - [2025-01-31T12:10:09.799+0700] {override.py:1912} INFO - Created Permission View: can read on DAG:example_branch_datetime_operator
[2025-01-31T12:10:09.827+0700] {logging_mixin.py:190} INFO - [2025-01-31T12:10:09.827+0700] {override.py:1912} INFO - Created Permission View: can delete on DAG Run:example_branch_datetime_operator
[2025-01-31T12:10:09.845+0700] {logging_mixin.py:190} INFO - [2025-01-31T12:10:09.845+0700] {override.py:1912} INFO - Created Permission View: menu access on DAG Run:example_branch_datetime_operator
[2025-01-31T12:10:09.862+0700] {logging_mixin.py:190} INFO - [2025-01-31T12:10:09.862+0700] {override.py:1912} INFO - Created Permission View: can read on DAG Run:example_branch_datetime_operator
[2025-01-31T12:10:09.881+0700] {logging_mixin.py:190} INFO - [2025-01-31T12:10:09.881+0700] {override.py:1912} INFO - Created Permission View: can create on DAG Run:example_branch_datetime_operator
[2025-01-31T12:10:09.881+0700] {logging_mixin.py:190} INFO - [2025-01-31T12:10:09.881+0700] {dag.py:3239} INFO - Sync 3 DAGs
[2025-01-31T12:10:09.893+0700] {logging_mixin.py:190} INFO - [2025-01-31T12:10:09.893+0700] {dag.py:3262} INFO - Creating ORM DAG for example_branch_datetime_operator
[2025-01-31T12:10:09.893+0700] {logging_mixin.py:190} INFO - [2025-01-31T12:10:09.893+0700] {dag.py:3262} INFO - Creating ORM DAG for example_branch_datetime_operator_3
[2025-01-31T12:10:09.894+0700] {logging_mixin.py:190} INFO - [2025-01-31T12:10:09.894+0700] {dag.py:3262} INFO - Creating ORM DAG for example_branch_datetime_operator_2
[2025-01-31T12:10:09.902+0700] {logging_mixin.py:190} INFO - [2025-01-31T12:10:09.902+0700] {dag.py:4180} INFO - Setting next_dagrun for example_branch_datetime_operator to 2025-01-30 00:00:00+00:00, run_after=2025-01-31 00:00:00+00:00
[2025-01-31T12:10:09.904+0700] {logging_mixin.py:190} INFO - [2025-01-31T12:10:09.904+0700] {dag.py:4180} INFO - Setting next_dagrun for example_branch_datetime_operator_2 to 2025-01-30 00:00:00+00:00, run_after=2025-01-31 00:00:00+00:00
[2025-01-31T12:10:09.905+0700] {logging_mixin.py:190} INFO - [2025-01-31T12:10:09.905+0700] {dag.py:4180} INFO - Setting next_dagrun for example_branch_datetime_operator_3 to 2025-01-30 00:00:00+00:00, run_after=2025-01-31 00:00:00+00:00
[2025-01-31T12:10:09.951+0700] {processor.py:208} INFO - Processing /home/vmphat/miniconda3/envs/ds-env/lib/python3.11/site-packages/airflow/example_dags/example_branch_datetime_operator.py took 0.797 seconds
