[2025-01-31T12:09:34.036+0700] {processor.py:186} INFO - Started process (PID=11831) to work on /home/vmphat/miniconda3/envs/ds-env/lib/python3.11/site-packages/airflow/example_dags/example_workday_timetable.py
[2025-01-31T12:09:34.037+0700] {processor.py:914} INFO - Processing file /home/vmphat/miniconda3/envs/ds-env/lib/python3.11/site-packages/airflow/example_dags/example_workday_timetable.py for tasks to queue
[2025-01-31T12:09:34.039+0700] {logging_mixin.py:190} INFO - [2025-01-31T12:09:34.039+0700] {dagbag.py:588} INFO - Filling up the DagBag from /home/vmphat/miniconda3/envs/ds-env/lib/python3.11/site-packages/airflow/example_dags/example_workday_timetable.py
[2025-01-31T12:09:34.047+0700] {processor.py:925} INFO - DAG(s) 'example_workday_timetable' retrieved from /home/vmphat/miniconda3/envs/ds-env/lib/python3.11/site-packages/airflow/example_dags/example_workday_timetable.py
[2025-01-31T12:09:34.337+0700] {logging_mixin.py:190} INFO - [2025-01-31T12:09:34.336+0700] {override.py:1912} INFO - Created Permission View: can edit on DAG:example_workday_timetable
[2025-01-31T12:09:34.392+0700] {logging_mixin.py:190} INFO - [2025-01-31T12:09:34.392+0700] {override.py:1912} INFO - Created Permission View: can delete on DAG:example_workday_timetable
[2025-01-31T12:09:34.433+0700] {logging_mixin.py:190} INFO - [2025-01-31T12:09:34.432+0700] {override.py:1912} INFO - Created Permission View: can read on DAG:example_workday_timetable
[2025-01-31T12:09:34.492+0700] {logging_mixin.py:190} INFO - [2025-01-31T12:09:34.492+0700] {override.py:1912} INFO - Created Permission View: can delete on DAG Run:example_workday_timetable
[2025-01-31T12:09:34.533+0700] {logging_mixin.py:190} INFO - [2025-01-31T12:09:34.532+0700] {override.py:1912} INFO - Created Permission View: menu access on DAG Run:example_workday_timetable
[2025-01-31T12:09:34.569+0700] {logging_mixin.py:190} INFO - [2025-01-31T12:09:34.569+0700] {override.py:1912} INFO - Created Permission View: can read on DAG Run:example_workday_timetable
[2025-01-31T12:09:34.608+0700] {logging_mixin.py:190} INFO - [2025-01-31T12:09:34.608+0700] {override.py:1912} INFO - Created Permission View: can create on DAG Run:example_workday_timetable
[2025-01-31T12:09:34.608+0700] {logging_mixin.py:190} INFO - [2025-01-31T12:09:34.608+0700] {dag.py:3239} INFO - Sync 1 DAGs
[2025-01-31T12:09:34.624+0700] {logging_mixin.py:190} INFO - [2025-01-31T12:09:34.624+0700] {dag.py:3262} INFO - Creating ORM DAG for example_workday_timetable
[2025-01-31T12:09:34.674+0700] {logging_mixin.py:190} INFO - [2025-01-31T12:09:34.673+0700] {dag.py:4180} INFO - Setting next_dagrun for example_workday_timetable to 2021-01-04 00:00:00+00:00, run_after=2021-01-05 00:00:00+00:00
[2025-01-31T12:09:34.719+0700] {processor.py:208} INFO - Processing /home/vmphat/miniconda3/envs/ds-env/lib/python3.11/site-packages/airflow/example_dags/example_workday_timetable.py took 0.689 seconds
[2025-01-31T12:10:50.645+0700] {processor.py:186} INFO - Started process (PID=11894) to work on /home/vmphat/miniconda3/envs/ds-env/lib/python3.11/site-packages/airflow/example_dags/example_workday_timetable.py
[2025-01-31T12:10:50.646+0700] {processor.py:914} INFO - Processing file /home/vmphat/miniconda3/envs/ds-env/lib/python3.11/site-packages/airflow/example_dags/example_workday_timetable.py for tasks to queue
[2025-01-31T12:10:50.648+0700] {logging_mixin.py:190} INFO - [2025-01-31T12:10:50.648+0700] {dagbag.py:588} INFO - Filling up the DagBag from /home/vmphat/miniconda3/envs/ds-env/lib/python3.11/site-packages/airflow/example_dags/example_workday_timetable.py
[2025-01-31T12:10:50.652+0700] {processor.py:925} INFO - DAG(s) 'example_workday_timetable' retrieved from /home/vmphat/miniconda3/envs/ds-env/lib/python3.11/site-packages/airflow/example_dags/example_workday_timetable.py
[2025-01-31T12:10:50.676+0700] {logging_mixin.py:190} INFO - [2025-01-31T12:10:50.676+0700] {dag.py:3239} INFO - Sync 1 DAGs
[2025-01-31T12:10:50.723+0700] {logging_mixin.py:190} INFO - [2025-01-31T12:10:50.722+0700] {dag.py:4180} INFO - Setting next_dagrun for example_workday_timetable to 2021-01-04 00:00:00+00:00, run_after=2021-01-05 00:00:00+00:00
[2025-01-31T12:10:50.773+0700] {processor.py:208} INFO - Processing /home/vmphat/miniconda3/envs/ds-env/lib/python3.11/site-packages/airflow/example_dags/example_workday_timetable.py took 0.132 seconds
[2025-01-31T12:19:35.930+0700] {processor.py:186} INFO - Started process (PID=13381) to work on /home/vmphat/miniconda3/envs/ds-env/lib/python3.11/site-packages/airflow/example_dags/example_workday_timetable.py
[2025-01-31T12:19:35.931+0700] {processor.py:914} INFO - Processing file /home/vmphat/miniconda3/envs/ds-env/lib/python3.11/site-packages/airflow/example_dags/example_workday_timetable.py for tasks to queue
[2025-01-31T12:19:35.933+0700] {logging_mixin.py:190} INFO - [2025-01-31T12:19:35.933+0700] {dagbag.py:588} INFO - Filling up the DagBag from /home/vmphat/miniconda3/envs/ds-env/lib/python3.11/site-packages/airflow/example_dags/example_workday_timetable.py
[2025-01-31T12:19:35.940+0700] {processor.py:925} INFO - DAG(s) 'example_workday_timetable' retrieved from /home/vmphat/miniconda3/envs/ds-env/lib/python3.11/site-packages/airflow/example_dags/example_workday_timetable.py
[2025-01-31T12:19:35.982+0700] {logging_mixin.py:190} INFO - [2025-01-31T12:19:35.982+0700] {dag.py:3239} INFO - Sync 1 DAGs
[2025-01-31T12:19:36.055+0700] {logging_mixin.py:190} INFO - [2025-01-31T12:19:36.055+0700] {dag.py:4180} INFO - Setting next_dagrun for example_workday_timetable to 2021-01-04 00:00:00+00:00, run_after=2021-01-05 00:00:00+00:00
[2025-01-31T12:19:36.261+0700] {processor.py:208} INFO - Processing /home/vmphat/miniconda3/envs/ds-env/lib/python3.11/site-packages/airflow/example_dags/example_workday_timetable.py took 0.335 seconds
