[2025-01-31T12:09:38.429+0700] {processor.py:186} INFO - Started process (PID=11838) to work on /home/vmphat/miniconda3/envs/ds-env/lib/python3.11/site-packages/airflow/example_dags/example_python_decorator.py
[2025-01-31T12:09:38.430+0700] {processor.py:914} INFO - Processing file /home/vmphat/miniconda3/envs/ds-env/lib/python3.11/site-packages/airflow/example_dags/example_python_decorator.py for tasks to queue
[2025-01-31T12:09:38.431+0700] {logging_mixin.py:190} INFO - [2025-01-31T12:09:38.431+0700] {dagbag.py:588} INFO - Filling up the DagBag from /home/vmphat/miniconda3/envs/ds-env/lib/python3.11/site-packages/airflow/example_dags/example_python_decorator.py
[2025-01-31T12:09:38.465+0700] {logging_mixin.py:190} INFO - [2025-01-31T12:09:38.465+0700] {example_python_decorator.py:80} WARNING - The virtalenv_python example task requires virtualenv, please install it.
[2025-01-31T12:09:38.467+0700] {processor.py:925} INFO - DAG(s) 'example_python_decorator' retrieved from /home/vmphat/miniconda3/envs/ds-env/lib/python3.11/site-packages/airflow/example_dags/example_python_decorator.py
[2025-01-31T12:09:38.666+0700] {logging_mixin.py:190} INFO - [2025-01-31T12:09:38.665+0700] {override.py:1912} INFO - Created Permission View: can edit on DAG:example_python_decorator
[2025-01-31T12:09:38.690+0700] {logging_mixin.py:190} INFO - [2025-01-31T12:09:38.690+0700] {override.py:1912} INFO - Created Permission View: can delete on DAG:example_python_decorator
[2025-01-31T12:09:38.713+0700] {logging_mixin.py:190} INFO - [2025-01-31T12:09:38.713+0700] {override.py:1912} INFO - Created Permission View: can read on DAG:example_python_decorator
[2025-01-31T12:09:38.752+0700] {logging_mixin.py:190} INFO - [2025-01-31T12:09:38.751+0700] {override.py:1912} INFO - Created Permission View: can delete on DAG Run:example_python_decorator
[2025-01-31T12:09:38.774+0700] {logging_mixin.py:190} INFO - [2025-01-31T12:09:38.773+0700] {override.py:1912} INFO - Created Permission View: menu access on DAG Run:example_python_decorator
[2025-01-31T12:09:38.796+0700] {logging_mixin.py:190} INFO - [2025-01-31T12:09:38.796+0700] {override.py:1912} INFO - Created Permission View: can read on DAG Run:example_python_decorator
[2025-01-31T12:09:38.815+0700] {logging_mixin.py:190} INFO - [2025-01-31T12:09:38.815+0700] {override.py:1912} INFO - Created Permission View: can create on DAG Run:example_python_decorator
[2025-01-31T12:09:38.816+0700] {logging_mixin.py:190} INFO - [2025-01-31T12:09:38.816+0700] {dag.py:3239} INFO - Sync 1 DAGs
[2025-01-31T12:09:38.827+0700] {logging_mixin.py:190} INFO - [2025-01-31T12:09:38.827+0700] {dag.py:3262} INFO - Creating ORM DAG for example_python_decorator
[2025-01-31T12:09:38.828+0700] {logging_mixin.py:190} INFO - [2025-01-31T12:09:38.828+0700] {dag.py:4180} INFO - Setting next_dagrun for example_python_decorator to None, run_after=None
[2025-01-31T12:09:38.865+0700] {processor.py:208} INFO - Processing /home/vmphat/miniconda3/envs/ds-env/lib/python3.11/site-packages/airflow/example_dags/example_python_decorator.py took 0.440 seconds
[2025-01-31T12:10:53.345+0700] {processor.py:186} INFO - Started process (PID=11897) to work on /home/vmphat/miniconda3/envs/ds-env/lib/python3.11/site-packages/airflow/example_dags/example_python_decorator.py
[2025-01-31T12:10:53.346+0700] {processor.py:914} INFO - Processing file /home/vmphat/miniconda3/envs/ds-env/lib/python3.11/site-packages/airflow/example_dags/example_python_decorator.py for tasks to queue
[2025-01-31T12:10:53.348+0700] {logging_mixin.py:190} INFO - [2025-01-31T12:10:53.348+0700] {dagbag.py:588} INFO - Filling up the DagBag from /home/vmphat/miniconda3/envs/ds-env/lib/python3.11/site-packages/airflow/example_dags/example_python_decorator.py
[2025-01-31T12:10:53.408+0700] {logging_mixin.py:190} INFO - [2025-01-31T12:10:53.407+0700] {example_python_decorator.py:80} WARNING - The virtalenv_python example task requires virtualenv, please install it.
[2025-01-31T12:10:53.411+0700] {processor.py:925} INFO - DAG(s) 'example_python_decorator' retrieved from /home/vmphat/miniconda3/envs/ds-env/lib/python3.11/site-packages/airflow/example_dags/example_python_decorator.py
[2025-01-31T12:10:53.443+0700] {logging_mixin.py:190} INFO - [2025-01-31T12:10:53.442+0700] {dag.py:3239} INFO - Sync 1 DAGs
[2025-01-31T12:10:53.460+0700] {logging_mixin.py:190} INFO - [2025-01-31T12:10:53.460+0700] {dag.py:4180} INFO - Setting next_dagrun for example_python_decorator to None, run_after=None
[2025-01-31T12:10:53.519+0700] {processor.py:208} INFO - Processing /home/vmphat/miniconda3/envs/ds-env/lib/python3.11/site-packages/airflow/example_dags/example_python_decorator.py took 0.180 seconds
[2025-01-31T12:19:40.219+0700] {processor.py:186} INFO - Started process (PID=13384) to work on /home/vmphat/miniconda3/envs/ds-env/lib/python3.11/site-packages/airflow/example_dags/example_python_decorator.py
[2025-01-31T12:19:40.220+0700] {processor.py:914} INFO - Processing file /home/vmphat/miniconda3/envs/ds-env/lib/python3.11/site-packages/airflow/example_dags/example_python_decorator.py for tasks to queue
[2025-01-31T12:19:40.222+0700] {logging_mixin.py:190} INFO - [2025-01-31T12:19:40.222+0700] {dagbag.py:588} INFO - Filling up the DagBag from /home/vmphat/miniconda3/envs/ds-env/lib/python3.11/site-packages/airflow/example_dags/example_python_decorator.py
[2025-01-31T12:19:40.264+0700] {logging_mixin.py:190} INFO - [2025-01-31T12:19:40.264+0700] {example_python_decorator.py:80} WARNING - The virtalenv_python example task requires virtualenv, please install it.
[2025-01-31T12:19:40.267+0700] {processor.py:925} INFO - DAG(s) 'example_python_decorator' retrieved from /home/vmphat/miniconda3/envs/ds-env/lib/python3.11/site-packages/airflow/example_dags/example_python_decorator.py
[2025-01-31T12:19:40.288+0700] {logging_mixin.py:190} INFO - [2025-01-31T12:19:40.288+0700] {dag.py:3239} INFO - Sync 1 DAGs
[2025-01-31T12:19:40.303+0700] {logging_mixin.py:190} INFO - [2025-01-31T12:19:40.303+0700] {dag.py:4180} INFO - Setting next_dagrun for example_python_decorator to None, run_after=None
[2025-01-31T12:19:40.343+0700] {processor.py:208} INFO - Processing /home/vmphat/miniconda3/envs/ds-env/lib/python3.11/site-packages/airflow/example_dags/example_python_decorator.py took 0.128 seconds
