[2025-01-31T12:09:33.245+0700] {processor.py:186} INFO - Started process (PID=11830) to work on /home/vmphat/miniconda3/envs/ds-env/lib/python3.11/site-packages/airflow/example_dags/example_sensors.py
[2025-01-31T12:09:33.247+0700] {processor.py:914} INFO - Processing file /home/vmphat/miniconda3/envs/ds-env/lib/python3.11/site-packages/airflow/example_dags/example_sensors.py for tasks to queue
[2025-01-31T12:09:33.249+0700] {logging_mixin.py:190} INFO - [2025-01-31T12:09:33.249+0700] {dagbag.py:588} INFO - Filling up the DagBag from /home/vmphat/miniconda3/envs/ds-env/lib/python3.11/site-packages/airflow/example_dags/example_sensors.py
[2025-01-31T12:09:33.260+0700] {processor.py:925} INFO - DAG(s) 'example_sensors' retrieved from /home/vmphat/miniconda3/envs/ds-env/lib/python3.11/site-packages/airflow/example_dags/example_sensors.py
[2025-01-31T12:09:33.545+0700] {logging_mixin.py:190} INFO - [2025-01-31T12:09:33.544+0700] {override.py:1912} INFO - Created Permission View: can edit on DAG:example_sensors
[2025-01-31T12:09:33.586+0700] {logging_mixin.py:190} INFO - [2025-01-31T12:09:33.586+0700] {override.py:1912} INFO - Created Permission View: can delete on DAG:example_sensors
[2025-01-31T12:09:33.616+0700] {logging_mixin.py:190} INFO - [2025-01-31T12:09:33.615+0700] {override.py:1912} INFO - Created Permission View: can read on DAG:example_sensors
[2025-01-31T12:09:33.665+0700] {logging_mixin.py:190} INFO - [2025-01-31T12:09:33.664+0700] {override.py:1912} INFO - Created Permission View: can delete on DAG Run:example_sensors
[2025-01-31T12:09:33.692+0700] {logging_mixin.py:190} INFO - [2025-01-31T12:09:33.692+0700] {override.py:1912} INFO - Created Permission View: menu access on DAG Run:example_sensors
[2025-01-31T12:09:33.721+0700] {logging_mixin.py:190} INFO - [2025-01-31T12:09:33.720+0700] {override.py:1912} INFO - Created Permission View: can read on DAG Run:example_sensors
[2025-01-31T12:09:33.748+0700] {logging_mixin.py:190} INFO - [2025-01-31T12:09:33.748+0700] {override.py:1912} INFO - Created Permission View: can create on DAG Run:example_sensors
[2025-01-31T12:09:33.749+0700] {logging_mixin.py:190} INFO - [2025-01-31T12:09:33.748+0700] {dag.py:3239} INFO - Sync 1 DAGs
[2025-01-31T12:09:33.769+0700] {logging_mixin.py:190} INFO - [2025-01-31T12:09:33.769+0700] {dag.py:3262} INFO - Creating ORM DAG for example_sensors
[2025-01-31T12:09:33.770+0700] {logging_mixin.py:190} INFO - [2025-01-31T12:09:33.770+0700] {dag.py:4180} INFO - Setting next_dagrun for example_sensors to None, run_after=None
[2025-01-31T12:09:33.820+0700] {processor.py:208} INFO - Processing /home/vmphat/miniconda3/envs/ds-env/lib/python3.11/site-packages/airflow/example_dags/example_sensors.py took 0.581 seconds
[2025-01-31T12:10:49.345+0700] {processor.py:186} INFO - Started process (PID=11893) to work on /home/vmphat/miniconda3/envs/ds-env/lib/python3.11/site-packages/airflow/example_dags/example_sensors.py
[2025-01-31T12:10:49.346+0700] {processor.py:914} INFO - Processing file /home/vmphat/miniconda3/envs/ds-env/lib/python3.11/site-packages/airflow/example_dags/example_sensors.py for tasks to queue
[2025-01-31T12:10:49.348+0700] {logging_mixin.py:190} INFO - [2025-01-31T12:10:49.348+0700] {dagbag.py:588} INFO - Filling up the DagBag from /home/vmphat/miniconda3/envs/ds-env/lib/python3.11/site-packages/airflow/example_dags/example_sensors.py
[2025-01-31T12:10:49.356+0700] {processor.py:925} INFO - DAG(s) 'example_sensors' retrieved from /home/vmphat/miniconda3/envs/ds-env/lib/python3.11/site-packages/airflow/example_dags/example_sensors.py
[2025-01-31T12:10:49.394+0700] {logging_mixin.py:190} INFO - [2025-01-31T12:10:49.394+0700] {dag.py:3239} INFO - Sync 1 DAGs
[2025-01-31T12:10:49.411+0700] {logging_mixin.py:190} INFO - [2025-01-31T12:10:49.411+0700] {dag.py:4180} INFO - Setting next_dagrun for example_sensors to None, run_after=None
[2025-01-31T12:10:49.455+0700] {processor.py:208} INFO - Processing /home/vmphat/miniconda3/envs/ds-env/lib/python3.11/site-packages/airflow/example_dags/example_sensors.py took 0.114 seconds
[2025-01-31T12:19:34.647+0700] {processor.py:186} INFO - Started process (PID=13380) to work on /home/vmphat/miniconda3/envs/ds-env/lib/python3.11/site-packages/airflow/example_dags/example_sensors.py
[2025-01-31T12:19:34.648+0700] {processor.py:914} INFO - Processing file /home/vmphat/miniconda3/envs/ds-env/lib/python3.11/site-packages/airflow/example_dags/example_sensors.py for tasks to queue
[2025-01-31T12:19:34.651+0700] {logging_mixin.py:190} INFO - [2025-01-31T12:19:34.650+0700] {dagbag.py:588} INFO - Filling up the DagBag from /home/vmphat/miniconda3/envs/ds-env/lib/python3.11/site-packages/airflow/example_dags/example_sensors.py
[2025-01-31T12:19:34.664+0700] {processor.py:925} INFO - DAG(s) 'example_sensors' retrieved from /home/vmphat/miniconda3/envs/ds-env/lib/python3.11/site-packages/airflow/example_dags/example_sensors.py
[2025-01-31T12:19:34.703+0700] {logging_mixin.py:190} INFO - [2025-01-31T12:19:34.702+0700] {dag.py:3239} INFO - Sync 1 DAGs
[2025-01-31T12:19:34.722+0700] {logging_mixin.py:190} INFO - [2025-01-31T12:19:34.721+0700] {dag.py:4180} INFO - Setting next_dagrun for example_sensors to None, run_after=None
[2025-01-31T12:19:34.808+0700] {processor.py:208} INFO - Processing /home/vmphat/miniconda3/envs/ds-env/lib/python3.11/site-packages/airflow/example_dags/example_sensors.py took 0.165 seconds
