[2025-01-31T12:09:37.199+0700] {processor.py:186} INFO - Started process (PID=11837) to work on /home/vmphat/miniconda3/envs/ds-env/lib/python3.11/site-packages/airflow/example_dags/example_params_trigger_ui.py
[2025-01-31T12:09:37.200+0700] {processor.py:914} INFO - Processing file /home/vmphat/miniconda3/envs/ds-env/lib/python3.11/site-packages/airflow/example_dags/example_params_trigger_ui.py for tasks to queue
[2025-01-31T12:09:37.201+0700] {logging_mixin.py:190} INFO - [2025-01-31T12:09:37.201+0700] {dagbag.py:588} INFO - Filling up the DagBag from /home/vmphat/miniconda3/envs/ds-env/lib/python3.11/site-packages/airflow/example_dags/example_params_trigger_ui.py
[2025-01-31T12:09:37.211+0700] {processor.py:925} INFO - DAG(s) 'example_params_trigger_ui' retrieved from /home/vmphat/miniconda3/envs/ds-env/lib/python3.11/site-packages/airflow/example_dags/example_params_trigger_ui.py
[2025-01-31T12:09:37.418+0700] {logging_mixin.py:190} INFO - [2025-01-31T12:09:37.417+0700] {override.py:1912} INFO - Created Permission View: can edit on DAG:example_params_trigger_ui
[2025-01-31T12:09:37.440+0700] {logging_mixin.py:190} INFO - [2025-01-31T12:09:37.440+0700] {override.py:1912} INFO - Created Permission View: can delete on DAG:example_params_trigger_ui
[2025-01-31T12:09:37.462+0700] {logging_mixin.py:190} INFO - [2025-01-31T12:09:37.461+0700] {override.py:1912} INFO - Created Permission View: can read on DAG:example_params_trigger_ui
[2025-01-31T12:09:37.496+0700] {logging_mixin.py:190} INFO - [2025-01-31T12:09:37.495+0700] {override.py:1912} INFO - Created Permission View: can delete on DAG Run:example_params_trigger_ui
[2025-01-31T12:09:37.521+0700] {logging_mixin.py:190} INFO - [2025-01-31T12:09:37.521+0700] {override.py:1912} INFO - Created Permission View: menu access on DAG Run:example_params_trigger_ui
[2025-01-31T12:09:37.544+0700] {logging_mixin.py:190} INFO - [2025-01-31T12:09:37.543+0700] {override.py:1912} INFO - Created Permission View: can read on DAG Run:example_params_trigger_ui
[2025-01-31T12:09:37.566+0700] {logging_mixin.py:190} INFO - [2025-01-31T12:09:37.565+0700] {override.py:1912} INFO - Created Permission View: can create on DAG Run:example_params_trigger_ui
[2025-01-31T12:09:37.566+0700] {logging_mixin.py:190} INFO - [2025-01-31T12:09:37.566+0700] {dag.py:3239} INFO - Sync 1 DAGs
[2025-01-31T12:09:37.580+0700] {logging_mixin.py:190} INFO - [2025-01-31T12:09:37.580+0700] {dag.py:3262} INFO - Creating ORM DAG for example_params_trigger_ui
[2025-01-31T12:09:37.581+0700] {logging_mixin.py:190} INFO - [2025-01-31T12:09:37.581+0700] {dag.py:4180} INFO - Setting next_dagrun for example_params_trigger_ui to None, run_after=None
[2025-01-31T12:09:37.625+0700] {processor.py:208} INFO - Processing /home/vmphat/miniconda3/envs/ds-env/lib/python3.11/site-packages/airflow/example_dags/example_params_trigger_ui.py took 0.431 seconds
[2025-01-31T12:10:52.577+0700] {processor.py:186} INFO - Started process (PID=11896) to work on /home/vmphat/miniconda3/envs/ds-env/lib/python3.11/site-packages/airflow/example_dags/example_params_trigger_ui.py
[2025-01-31T12:10:52.578+0700] {processor.py:914} INFO - Processing file /home/vmphat/miniconda3/envs/ds-env/lib/python3.11/site-packages/airflow/example_dags/example_params_trigger_ui.py for tasks to queue
[2025-01-31T12:10:52.580+0700] {logging_mixin.py:190} INFO - [2025-01-31T12:10:52.580+0700] {dagbag.py:588} INFO - Filling up the DagBag from /home/vmphat/miniconda3/envs/ds-env/lib/python3.11/site-packages/airflow/example_dags/example_params_trigger_ui.py
[2025-01-31T12:10:52.588+0700] {processor.py:925} INFO - DAG(s) 'example_params_trigger_ui' retrieved from /home/vmphat/miniconda3/envs/ds-env/lib/python3.11/site-packages/airflow/example_dags/example_params_trigger_ui.py
[2025-01-31T12:10:52.631+0700] {logging_mixin.py:190} INFO - [2025-01-31T12:10:52.631+0700] {dag.py:3239} INFO - Sync 1 DAGs
[2025-01-31T12:10:52.648+0700] {logging_mixin.py:190} INFO - [2025-01-31T12:10:52.648+0700] {dag.py:4180} INFO - Setting next_dagrun for example_params_trigger_ui to None, run_after=None
[2025-01-31T12:10:52.711+0700] {processor.py:208} INFO - Processing /home/vmphat/miniconda3/envs/ds-env/lib/python3.11/site-packages/airflow/example_dags/example_params_trigger_ui.py took 0.138 seconds
[2025-01-31T12:19:38.817+0700] {processor.py:186} INFO - Started process (PID=13383) to work on /home/vmphat/miniconda3/envs/ds-env/lib/python3.11/site-packages/airflow/example_dags/example_params_trigger_ui.py
[2025-01-31T12:19:38.818+0700] {processor.py:914} INFO - Processing file /home/vmphat/miniconda3/envs/ds-env/lib/python3.11/site-packages/airflow/example_dags/example_params_trigger_ui.py for tasks to queue
[2025-01-31T12:19:38.820+0700] {logging_mixin.py:190} INFO - [2025-01-31T12:19:38.820+0700] {dagbag.py:588} INFO - Filling up the DagBag from /home/vmphat/miniconda3/envs/ds-env/lib/python3.11/site-packages/airflow/example_dags/example_params_trigger_ui.py
[2025-01-31T12:19:38.830+0700] {processor.py:925} INFO - DAG(s) 'example_params_trigger_ui' retrieved from /home/vmphat/miniconda3/envs/ds-env/lib/python3.11/site-packages/airflow/example_dags/example_params_trigger_ui.py
[2025-01-31T12:19:38.874+0700] {logging_mixin.py:190} INFO - [2025-01-31T12:19:38.874+0700] {dag.py:3239} INFO - Sync 1 DAGs
[2025-01-31T12:19:38.889+0700] {logging_mixin.py:190} INFO - [2025-01-31T12:19:38.889+0700] {dag.py:4180} INFO - Setting next_dagrun for example_params_trigger_ui to None, run_after=None
[2025-01-31T12:19:39.031+0700] {processor.py:208} INFO - Processing /home/vmphat/miniconda3/envs/ds-env/lib/python3.11/site-packages/airflow/example_dags/example_params_trigger_ui.py took 0.218 seconds
