[2025-01-31T12:09:43.323+0700] {processor.py:186} INFO - Started process (PID=11841) to work on /home/vmphat/miniconda3/envs/ds-env/lib/python3.11/site-packages/airflow/example_dags/example_bash_decorator.py
[2025-01-31T12:09:43.324+0700] {processor.py:914} INFO - Processing file /home/vmphat/miniconda3/envs/ds-env/lib/python3.11/site-packages/airflow/example_dags/example_bash_decorator.py for tasks to queue
[2025-01-31T12:09:43.327+0700] {logging_mixin.py:190} INFO - [2025-01-31T12:09:43.326+0700] {dagbag.py:588} INFO - Filling up the DagBag from /home/vmphat/miniconda3/envs/ds-env/lib/python3.11/site-packages/airflow/example_dags/example_bash_decorator.py
[2025-01-31T12:09:43.340+0700] {processor.py:925} INFO - DAG(s) 'example_bash_decorator' retrieved from /home/vmphat/miniconda3/envs/ds-env/lib/python3.11/site-packages/airflow/example_dags/example_bash_decorator.py
[2025-01-31T12:09:43.633+0700] {logging_mixin.py:190} INFO - [2025-01-31T12:09:43.632+0700] {override.py:1912} INFO - Created Permission View: can edit on DAG:example_bash_decorator
[2025-01-31T12:09:43.703+0700] {logging_mixin.py:190} INFO - [2025-01-31T12:09:43.702+0700] {override.py:1912} INFO - Created Permission View: can delete on DAG:example_bash_decorator
[2025-01-31T12:09:43.769+0700] {logging_mixin.py:190} INFO - [2025-01-31T12:09:43.769+0700] {override.py:1912} INFO - Created Permission View: can read on DAG:example_bash_decorator
[2025-01-31T12:09:43.859+0700] {logging_mixin.py:190} INFO - [2025-01-31T12:09:43.858+0700] {override.py:1912} INFO - Created Permission View: can delete on DAG Run:example_bash_decorator
[2025-01-31T12:09:43.906+0700] {logging_mixin.py:190} INFO - [2025-01-31T12:09:43.905+0700] {override.py:1912} INFO - Created Permission View: menu access on DAG Run:example_bash_decorator
[2025-01-31T12:09:43.944+0700] {logging_mixin.py:190} INFO - [2025-01-31T12:09:43.943+0700] {override.py:1912} INFO - Created Permission View: can read on DAG Run:example_bash_decorator
[2025-01-31T12:09:43.965+0700] {logging_mixin.py:190} INFO - [2025-01-31T12:09:43.964+0700] {override.py:1912} INFO - Created Permission View: can create on DAG Run:example_bash_decorator
[2025-01-31T12:09:43.965+0700] {logging_mixin.py:190} INFO - [2025-01-31T12:09:43.965+0700] {dag.py:3239} INFO - Sync 1 DAGs
[2025-01-31T12:09:43.979+0700] {logging_mixin.py:190} INFO - [2025-01-31T12:09:43.979+0700] {dag.py:3262} INFO - Creating ORM DAG for example_bash_decorator
[2025-01-31T12:09:43.981+0700] {logging_mixin.py:190} INFO - [2025-01-31T12:09:43.981+0700] {dag.py:4180} INFO - Setting next_dagrun for example_bash_decorator to None, run_after=None
[2025-01-31T12:09:44.027+0700] {processor.py:208} INFO - Processing /home/vmphat/miniconda3/envs/ds-env/lib/python3.11/site-packages/airflow/example_dags/example_bash_decorator.py took 0.710 seconds
[2025-01-31T12:10:57.214+0700] {processor.py:186} INFO - Started process (PID=11900) to work on /home/vmphat/miniconda3/envs/ds-env/lib/python3.11/site-packages/airflow/example_dags/example_bash_decorator.py
[2025-01-31T12:10:57.215+0700] {processor.py:914} INFO - Processing file /home/vmphat/miniconda3/envs/ds-env/lib/python3.11/site-packages/airflow/example_dags/example_bash_decorator.py for tasks to queue
[2025-01-31T12:10:57.217+0700] {logging_mixin.py:190} INFO - [2025-01-31T12:10:57.216+0700] {dagbag.py:588} INFO - Filling up the DagBag from /home/vmphat/miniconda3/envs/ds-env/lib/python3.11/site-packages/airflow/example_dags/example_bash_decorator.py
[2025-01-31T12:10:57.227+0700] {processor.py:925} INFO - DAG(s) 'example_bash_decorator' retrieved from /home/vmphat/miniconda3/envs/ds-env/lib/python3.11/site-packages/airflow/example_dags/example_bash_decorator.py
[2025-01-31T12:10:57.265+0700] {logging_mixin.py:190} INFO - [2025-01-31T12:10:57.265+0700] {dag.py:3239} INFO - Sync 1 DAGs
[2025-01-31T12:10:57.280+0700] {logging_mixin.py:190} INFO - [2025-01-31T12:10:57.279+0700] {dag.py:4180} INFO - Setting next_dagrun for example_bash_decorator to None, run_after=None
[2025-01-31T12:10:57.363+0700] {processor.py:208} INFO - Processing /home/vmphat/miniconda3/envs/ds-env/lib/python3.11/site-packages/airflow/example_dags/example_bash_decorator.py took 0.154 seconds
[2025-01-31T12:19:42.817+0700] {processor.py:186} INFO - Started process (PID=13387) to work on /home/vmphat/miniconda3/envs/ds-env/lib/python3.11/site-packages/airflow/example_dags/example_bash_decorator.py
[2025-01-31T12:19:42.819+0700] {processor.py:914} INFO - Processing file /home/vmphat/miniconda3/envs/ds-env/lib/python3.11/site-packages/airflow/example_dags/example_bash_decorator.py for tasks to queue
[2025-01-31T12:19:42.820+0700] {logging_mixin.py:190} INFO - [2025-01-31T12:19:42.820+0700] {dagbag.py:588} INFO - Filling up the DagBag from /home/vmphat/miniconda3/envs/ds-env/lib/python3.11/site-packages/airflow/example_dags/example_bash_decorator.py
[2025-01-31T12:19:42.830+0700] {processor.py:925} INFO - DAG(s) 'example_bash_decorator' retrieved from /home/vmphat/miniconda3/envs/ds-env/lib/python3.11/site-packages/airflow/example_dags/example_bash_decorator.py
[2025-01-31T12:19:43.089+0700] {logging_mixin.py:190} INFO - [2025-01-31T12:19:43.089+0700] {dag.py:3239} INFO - Sync 1 DAGs
[2025-01-31T12:19:43.099+0700] {logging_mixin.py:190} INFO - [2025-01-31T12:19:43.099+0700] {dag.py:4180} INFO - Setting next_dagrun for example_bash_decorator to None, run_after=None
[2025-01-31T12:19:43.146+0700] {processor.py:208} INFO - Processing /home/vmphat/miniconda3/envs/ds-env/lib/python3.11/site-packages/airflow/example_dags/example_bash_decorator.py took 0.334 seconds
