[2025-01-31T12:09:50.833+0700] {processor.py:186} INFO - Started process (PID=11846) to work on /home/vmphat/miniconda3/envs/ds-env/lib/python3.11/site-packages/airflow/example_dags/example_display_name.py
[2025-01-31T12:09:50.834+0700] {processor.py:914} INFO - Processing file /home/vmphat/miniconda3/envs/ds-env/lib/python3.11/site-packages/airflow/example_dags/example_display_name.py for tasks to queue
[2025-01-31T12:09:50.836+0700] {logging_mixin.py:190} INFO - [2025-01-31T12:09:50.835+0700] {dagbag.py:588} INFO - Filling up the DagBag from /home/vmphat/miniconda3/envs/ds-env/lib/python3.11/site-packages/airflow/example_dags/example_display_name.py
[2025-01-31T12:09:50.842+0700] {processor.py:925} INFO - DAG(s) 'example_display_name' retrieved from /home/vmphat/miniconda3/envs/ds-env/lib/python3.11/site-packages/airflow/example_dags/example_display_name.py
[2025-01-31T12:09:51.125+0700] {logging_mixin.py:190} INFO - [2025-01-31T12:09:51.124+0700] {override.py:1912} INFO - Created Permission View: can edit on DAG:example_display_name
[2025-01-31T12:09:51.180+0700] {logging_mixin.py:190} INFO - [2025-01-31T12:09:51.180+0700] {override.py:1912} INFO - Created Permission View: can delete on DAG:example_display_name
[2025-01-31T12:09:51.220+0700] {logging_mixin.py:190} INFO - [2025-01-31T12:09:51.219+0700] {override.py:1912} INFO - Created Permission View: can read on DAG:example_display_name
[2025-01-31T12:09:51.265+0700] {logging_mixin.py:190} INFO - [2025-01-31T12:09:51.265+0700] {override.py:1912} INFO - Created Permission View: can delete on DAG Run:example_display_name
[2025-01-31T12:09:51.290+0700] {logging_mixin.py:190} INFO - [2025-01-31T12:09:51.289+0700] {override.py:1912} INFO - Created Permission View: menu access on DAG Run:example_display_name
[2025-01-31T12:09:51.317+0700] {logging_mixin.py:190} INFO - [2025-01-31T12:09:51.317+0700] {override.py:1912} INFO - Created Permission View: can read on DAG Run:example_display_name
[2025-01-31T12:09:51.339+0700] {logging_mixin.py:190} INFO - [2025-01-31T12:09:51.338+0700] {override.py:1912} INFO - Created Permission View: can create on DAG Run:example_display_name
[2025-01-31T12:09:51.339+0700] {logging_mixin.py:190} INFO - [2025-01-31T12:09:51.339+0700] {dag.py:3239} INFO - Sync 1 DAGs
[2025-01-31T12:09:51.353+0700] {logging_mixin.py:190} INFO - [2025-01-31T12:09:51.353+0700] {dag.py:3262} INFO - Creating ORM DAG for example_display_name
[2025-01-31T12:09:51.354+0700] {logging_mixin.py:190} INFO - [2025-01-31T12:09:51.354+0700] {dag.py:4180} INFO - Setting next_dagrun for example_display_name to None, run_after=None
[2025-01-31T12:09:51.396+0700] {processor.py:208} INFO - Processing /home/vmphat/miniconda3/envs/ds-env/lib/python3.11/site-packages/airflow/example_dags/example_display_name.py took 0.567 seconds
[2025-01-31T12:19:49.537+0700] {processor.py:186} INFO - Started process (PID=13393) to work on /home/vmphat/miniconda3/envs/ds-env/lib/python3.11/site-packages/airflow/example_dags/example_display_name.py
[2025-01-31T12:19:49.538+0700] {processor.py:914} INFO - Processing file /home/vmphat/miniconda3/envs/ds-env/lib/python3.11/site-packages/airflow/example_dags/example_display_name.py for tasks to queue
[2025-01-31T12:19:49.540+0700] {logging_mixin.py:190} INFO - [2025-01-31T12:19:49.539+0700] {dagbag.py:588} INFO - Filling up the DagBag from /home/vmphat/miniconda3/envs/ds-env/lib/python3.11/site-packages/airflow/example_dags/example_display_name.py
[2025-01-31T12:19:49.545+0700] {processor.py:925} INFO - DAG(s) 'example_display_name' retrieved from /home/vmphat/miniconda3/envs/ds-env/lib/python3.11/site-packages/airflow/example_dags/example_display_name.py
[2025-01-31T12:19:49.561+0700] {logging_mixin.py:190} INFO - [2025-01-31T12:19:49.561+0700] {dag.py:3239} INFO - Sync 1 DAGs
[2025-01-31T12:19:49.576+0700] {logging_mixin.py:190} INFO - [2025-01-31T12:19:49.575+0700] {dag.py:4180} INFO - Setting next_dagrun for example_display_name to None, run_after=None
[2025-01-31T12:19:49.738+0700] {processor.py:208} INFO - Processing /home/vmphat/miniconda3/envs/ds-env/lib/python3.11/site-packages/airflow/example_dags/example_display_name.py took 0.205 seconds
