[2025-01-31T12:09:22.937+0700] {processor.py:186} INFO - Started process (PID=11809) to work on /home/vmphat/miniconda3/envs/ds-env/lib/python3.11/site-packages/airflow/example_dags/example_sensor_decorator.py
[2025-01-31T12:09:22.939+0700] {processor.py:914} INFO - Processing file /home/vmphat/miniconda3/envs/ds-env/lib/python3.11/site-packages/airflow/example_dags/example_sensor_decorator.py for tasks to queue
[2025-01-31T12:09:22.940+0700] {logging_mixin.py:190} INFO - [2025-01-31T12:09:22.940+0700] {dagbag.py:588} INFO - Filling up the DagBag from /home/vmphat/miniconda3/envs/ds-env/lib/python3.11/site-packages/airflow/example_dags/example_sensor_decorator.py
[2025-01-31T12:09:22.947+0700] {processor.py:925} INFO - DAG(s) 'example_sensor_decorator' retrieved from /home/vmphat/miniconda3/envs/ds-env/lib/python3.11/site-packages/airflow/example_dags/example_sensor_decorator.py
[2025-01-31T12:09:23.143+0700] {logging_mixin.py:190} INFO - [2025-01-31T12:09:23.142+0700] {override.py:1912} INFO - Created Permission View: can edit on DAG:example_sensor_decorator
[2025-01-31T12:09:23.164+0700] {logging_mixin.py:190} INFO - [2025-01-31T12:09:23.163+0700] {override.py:1912} INFO - Created Permission View: can delete on DAG:example_sensor_decorator
[2025-01-31T12:09:23.182+0700] {logging_mixin.py:190} INFO - [2025-01-31T12:09:23.182+0700] {override.py:1912} INFO - Created Permission View: can read on DAG:example_sensor_decorator
[2025-01-31T12:09:23.211+0700] {logging_mixin.py:190} INFO - [2025-01-31T12:09:23.211+0700] {override.py:1912} INFO - Created Permission View: can delete on DAG Run:example_sensor_decorator
[2025-01-31T12:09:23.230+0700] {logging_mixin.py:190} INFO - [2025-01-31T12:09:23.229+0700] {override.py:1912} INFO - Created Permission View: menu access on DAG Run:example_sensor_decorator
[2025-01-31T12:09:23.247+0700] {logging_mixin.py:190} INFO - [2025-01-31T12:09:23.247+0700] {override.py:1912} INFO - Created Permission View: can read on DAG Run:example_sensor_decorator
[2025-01-31T12:09:23.265+0700] {logging_mixin.py:190} INFO - [2025-01-31T12:09:23.265+0700] {override.py:1912} INFO - Created Permission View: can create on DAG Run:example_sensor_decorator
[2025-01-31T12:09:23.266+0700] {logging_mixin.py:190} INFO - [2025-01-31T12:09:23.265+0700] {dag.py:3239} INFO - Sync 1 DAGs
[2025-01-31T12:09:23.277+0700] {logging_mixin.py:190} INFO - [2025-01-31T12:09:23.277+0700] {dag.py:3262} INFO - Creating ORM DAG for example_sensor_decorator
[2025-01-31T12:09:23.278+0700] {logging_mixin.py:190} INFO - [2025-01-31T12:09:23.277+0700] {dag.py:4180} INFO - Setting next_dagrun for example_sensor_decorator to None, run_after=None
[2025-01-31T12:09:23.313+0700] {processor.py:208} INFO - Processing /home/vmphat/miniconda3/envs/ds-env/lib/python3.11/site-packages/airflow/example_dags/example_sensor_decorator.py took 0.379 seconds
[2025-01-31T12:10:40.657+0700] {processor.py:186} INFO - Started process (PID=11884) to work on /home/vmphat/miniconda3/envs/ds-env/lib/python3.11/site-packages/airflow/example_dags/example_sensor_decorator.py
[2025-01-31T12:10:40.658+0700] {processor.py:914} INFO - Processing file /home/vmphat/miniconda3/envs/ds-env/lib/python3.11/site-packages/airflow/example_dags/example_sensor_decorator.py for tasks to queue
[2025-01-31T12:10:40.660+0700] {logging_mixin.py:190} INFO - [2025-01-31T12:10:40.660+0700] {dagbag.py:588} INFO - Filling up the DagBag from /home/vmphat/miniconda3/envs/ds-env/lib/python3.11/site-packages/airflow/example_dags/example_sensor_decorator.py
[2025-01-31T12:10:40.775+0700] {processor.py:925} INFO - DAG(s) 'example_sensor_decorator' retrieved from /home/vmphat/miniconda3/envs/ds-env/lib/python3.11/site-packages/airflow/example_dags/example_sensor_decorator.py
[2025-01-31T12:10:40.792+0700] {logging_mixin.py:190} INFO - [2025-01-31T12:10:40.792+0700] {dag.py:3239} INFO - Sync 1 DAGs
[2025-01-31T12:10:40.805+0700] {logging_mixin.py:190} INFO - [2025-01-31T12:10:40.805+0700] {dag.py:4180} INFO - Setting next_dagrun for example_sensor_decorator to None, run_after=None
[2025-01-31T12:10:40.848+0700] {processor.py:208} INFO - Processing /home/vmphat/miniconda3/envs/ds-env/lib/python3.11/site-packages/airflow/example_dags/example_sensor_decorator.py took 0.196 seconds
[2025-01-31T12:19:25.592+0700] {processor.py:186} INFO - Started process (PID=13372) to work on /home/vmphat/miniconda3/envs/ds-env/lib/python3.11/site-packages/airflow/example_dags/example_sensor_decorator.py
[2025-01-31T12:19:25.592+0700] {processor.py:914} INFO - Processing file /home/vmphat/miniconda3/envs/ds-env/lib/python3.11/site-packages/airflow/example_dags/example_sensor_decorator.py for tasks to queue
[2025-01-31T12:19:25.595+0700] {logging_mixin.py:190} INFO - [2025-01-31T12:19:25.594+0700] {dagbag.py:588} INFO - Filling up the DagBag from /home/vmphat/miniconda3/envs/ds-env/lib/python3.11/site-packages/airflow/example_dags/example_sensor_decorator.py
[2025-01-31T12:19:25.600+0700] {processor.py:925} INFO - DAG(s) 'example_sensor_decorator' retrieved from /home/vmphat/miniconda3/envs/ds-env/lib/python3.11/site-packages/airflow/example_dags/example_sensor_decorator.py
[2025-01-31T12:19:25.629+0700] {logging_mixin.py:190} INFO - [2025-01-31T12:19:25.629+0700] {dag.py:3239} INFO - Sync 1 DAGs
[2025-01-31T12:19:25.652+0700] {logging_mixin.py:190} INFO - [2025-01-31T12:19:25.652+0700] {dag.py:4180} INFO - Setting next_dagrun for example_sensor_decorator to None, run_after=None
[2025-01-31T12:19:25.718+0700] {processor.py:208} INFO - Processing /home/vmphat/miniconda3/envs/ds-env/lib/python3.11/site-packages/airflow/example_dags/example_sensor_decorator.py took 0.131 seconds
