[2025-01-31T12:09:24.128+0700] {processor.py:186} INFO - Started process (PID=11811) to work on /home/vmphat/miniconda3/envs/ds-env/lib/python3.11/site-packages/airflow/example_dags/example_task_group.py
[2025-01-31T12:09:24.128+0700] {processor.py:914} INFO - Processing file /home/vmphat/miniconda3/envs/ds-env/lib/python3.11/site-packages/airflow/example_dags/example_task_group.py for tasks to queue
[2025-01-31T12:09:24.130+0700] {logging_mixin.py:190} INFO - [2025-01-31T12:09:24.130+0700] {dagbag.py:588} INFO - Filling up the DagBag from /home/vmphat/miniconda3/envs/ds-env/lib/python3.11/site-packages/airflow/example_dags/example_task_group.py
[2025-01-31T12:09:24.137+0700] {processor.py:925} INFO - DAG(s) 'example_task_group' retrieved from /home/vmphat/miniconda3/envs/ds-env/lib/python3.11/site-packages/airflow/example_dags/example_task_group.py
[2025-01-31T12:09:24.382+0700] {logging_mixin.py:190} INFO - [2025-01-31T12:09:24.382+0700] {override.py:1912} INFO - Created Permission View: can edit on DAG:example_task_group
[2025-01-31T12:09:24.407+0700] {logging_mixin.py:190} INFO - [2025-01-31T12:09:24.407+0700] {override.py:1912} INFO - Created Permission View: can delete on DAG:example_task_group
[2025-01-31T12:09:24.430+0700] {logging_mixin.py:190} INFO - [2025-01-31T12:09:24.429+0700] {override.py:1912} INFO - Created Permission View: can read on DAG:example_task_group
[2025-01-31T12:09:24.460+0700] {logging_mixin.py:190} INFO - [2025-01-31T12:09:24.459+0700] {override.py:1912} INFO - Created Permission View: can delete on DAG Run:example_task_group
[2025-01-31T12:09:24.479+0700] {logging_mixin.py:190} INFO - [2025-01-31T12:09:24.479+0700] {override.py:1912} INFO - Created Permission View: menu access on DAG Run:example_task_group
[2025-01-31T12:09:24.497+0700] {logging_mixin.py:190} INFO - [2025-01-31T12:09:24.497+0700] {override.py:1912} INFO - Created Permission View: can read on DAG Run:example_task_group
[2025-01-31T12:09:24.517+0700] {logging_mixin.py:190} INFO - [2025-01-31T12:09:24.517+0700] {override.py:1912} INFO - Created Permission View: can create on DAG Run:example_task_group
[2025-01-31T12:09:24.518+0700] {logging_mixin.py:190} INFO - [2025-01-31T12:09:24.518+0700] {dag.py:3239} INFO - Sync 1 DAGs
[2025-01-31T12:09:24.528+0700] {logging_mixin.py:190} INFO - [2025-01-31T12:09:24.528+0700] {dag.py:3262} INFO - Creating ORM DAG for example_task_group
[2025-01-31T12:09:24.529+0700] {logging_mixin.py:190} INFO - [2025-01-31T12:09:24.528+0700] {dag.py:4180} INFO - Setting next_dagrun for example_task_group to None, run_after=None
[2025-01-31T12:09:24.564+0700] {processor.py:208} INFO - Processing /home/vmphat/miniconda3/envs/ds-env/lib/python3.11/site-packages/airflow/example_dags/example_task_group.py took 0.440 seconds
[2025-01-31T12:10:42.594+0700] {processor.py:186} INFO - Started process (PID=11886) to work on /home/vmphat/miniconda3/envs/ds-env/lib/python3.11/site-packages/airflow/example_dags/example_task_group.py
[2025-01-31T12:10:42.595+0700] {processor.py:914} INFO - Processing file /home/vmphat/miniconda3/envs/ds-env/lib/python3.11/site-packages/airflow/example_dags/example_task_group.py for tasks to queue
[2025-01-31T12:10:42.692+0700] {logging_mixin.py:190} INFO - [2025-01-31T12:10:42.691+0700] {dagbag.py:588} INFO - Filling up the DagBag from /home/vmphat/miniconda3/envs/ds-env/lib/python3.11/site-packages/airflow/example_dags/example_task_group.py
[2025-01-31T12:10:42.696+0700] {processor.py:925} INFO - DAG(s) 'example_task_group' retrieved from /home/vmphat/miniconda3/envs/ds-env/lib/python3.11/site-packages/airflow/example_dags/example_task_group.py
[2025-01-31T12:10:42.730+0700] {logging_mixin.py:190} INFO - [2025-01-31T12:10:42.730+0700] {dag.py:3239} INFO - Sync 1 DAGs
[2025-01-31T12:10:42.745+0700] {logging_mixin.py:190} INFO - [2025-01-31T12:10:42.745+0700] {dag.py:4180} INFO - Setting next_dagrun for example_task_group to None, run_after=None
[2025-01-31T12:10:42.793+0700] {processor.py:208} INFO - Processing /home/vmphat/miniconda3/envs/ds-env/lib/python3.11/site-packages/airflow/example_dags/example_task_group.py took 0.204 seconds
[2025-01-31T12:19:28.120+0700] {processor.py:186} INFO - Started process (PID=13374) to work on /home/vmphat/miniconda3/envs/ds-env/lib/python3.11/site-packages/airflow/example_dags/example_task_group.py
[2025-01-31T12:19:28.121+0700] {processor.py:914} INFO - Processing file /home/vmphat/miniconda3/envs/ds-env/lib/python3.11/site-packages/airflow/example_dags/example_task_group.py for tasks to queue
[2025-01-31T12:19:28.123+0700] {logging_mixin.py:190} INFO - [2025-01-31T12:19:28.122+0700] {dagbag.py:588} INFO - Filling up the DagBag from /home/vmphat/miniconda3/envs/ds-env/lib/python3.11/site-packages/airflow/example_dags/example_task_group.py
[2025-01-31T12:19:28.129+0700] {processor.py:925} INFO - DAG(s) 'example_task_group' retrieved from /home/vmphat/miniconda3/envs/ds-env/lib/python3.11/site-packages/airflow/example_dags/example_task_group.py
[2025-01-31T12:19:28.148+0700] {logging_mixin.py:190} INFO - [2025-01-31T12:19:28.148+0700] {dag.py:3239} INFO - Sync 1 DAGs
[2025-01-31T12:19:28.163+0700] {logging_mixin.py:190} INFO - [2025-01-31T12:19:28.163+0700] {dag.py:4180} INFO - Setting next_dagrun for example_task_group to None, run_after=None
[2025-01-31T12:19:28.201+0700] {processor.py:208} INFO - Processing /home/vmphat/miniconda3/envs/ds-env/lib/python3.11/site-packages/airflow/example_dags/example_task_group.py took 0.085 seconds
