[2025-01-31T12:09:21.697+0700] {processor.py:186} INFO - Started process (PID=11808) to work on /home/vmphat/miniconda3/envs/ds-env/lib/python3.11/site-packages/airflow/example_dags/example_trigger_controller_dag.py
[2025-01-31T12:09:21.698+0700] {processor.py:914} INFO - Processing file /home/vmphat/miniconda3/envs/ds-env/lib/python3.11/site-packages/airflow/example_dags/example_trigger_controller_dag.py for tasks to queue
[2025-01-31T12:09:21.700+0700] {logging_mixin.py:190} INFO - [2025-01-31T12:09:21.700+0700] {dagbag.py:588} INFO - Filling up the DagBag from /home/vmphat/miniconda3/envs/ds-env/lib/python3.11/site-packages/airflow/example_dags/example_trigger_controller_dag.py
[2025-01-31T12:09:21.707+0700] {processor.py:925} INFO - DAG(s) 'example_trigger_controller_dag' retrieved from /home/vmphat/miniconda3/envs/ds-env/lib/python3.11/site-packages/airflow/example_dags/example_trigger_controller_dag.py
[2025-01-31T12:09:21.901+0700] {logging_mixin.py:190} INFO - [2025-01-31T12:09:21.901+0700] {override.py:1912} INFO - Created Permission View: can edit on DAG:example_trigger_controller_dag
[2025-01-31T12:09:21.924+0700] {logging_mixin.py:190} INFO - [2025-01-31T12:09:21.923+0700] {override.py:1912} INFO - Created Permission View: can delete on DAG:example_trigger_controller_dag
[2025-01-31T12:09:21.944+0700] {logging_mixin.py:190} INFO - [2025-01-31T12:09:21.944+0700] {override.py:1912} INFO - Created Permission View: can read on DAG:example_trigger_controller_dag
[2025-01-31T12:09:21.978+0700] {logging_mixin.py:190} INFO - [2025-01-31T12:09:21.977+0700] {override.py:1912} INFO - Created Permission View: can delete on DAG Run:example_trigger_controller_dag
[2025-01-31T12:09:21.997+0700] {logging_mixin.py:190} INFO - [2025-01-31T12:09:21.996+0700] {override.py:1912} INFO - Created Permission View: menu access on DAG Run:example_trigger_controller_dag
[2025-01-31T12:09:22.018+0700] {logging_mixin.py:190} INFO - [2025-01-31T12:09:22.017+0700] {override.py:1912} INFO - Created Permission View: can read on DAG Run:example_trigger_controller_dag
[2025-01-31T12:09:22.035+0700] {logging_mixin.py:190} INFO - [2025-01-31T12:09:22.035+0700] {override.py:1912} INFO - Created Permission View: can create on DAG Run:example_trigger_controller_dag
[2025-01-31T12:09:22.036+0700] {logging_mixin.py:190} INFO - [2025-01-31T12:09:22.036+0700] {dag.py:3239} INFO - Sync 1 DAGs
[2025-01-31T12:09:22.049+0700] {logging_mixin.py:190} INFO - [2025-01-31T12:09:22.049+0700] {dag.py:3262} INFO - Creating ORM DAG for example_trigger_controller_dag
[2025-01-31T12:09:22.057+0700] {logging_mixin.py:190} INFO - [2025-01-31T12:09:22.057+0700] {dag.py:4180} INFO - Setting next_dagrun for example_trigger_controller_dag to 2021-01-01 00:00:00+00:00, run_after=2021-01-01 00:00:00+00:00
[2025-01-31T12:09:22.093+0700] {processor.py:208} INFO - Processing /home/vmphat/miniconda3/envs/ds-env/lib/python3.11/site-packages/airflow/example_dags/example_trigger_controller_dag.py took 0.403 seconds
[2025-01-31T12:10:40.086+0700] {processor.py:186} INFO - Started process (PID=11883) to work on /home/vmphat/miniconda3/envs/ds-env/lib/python3.11/site-packages/airflow/example_dags/example_trigger_controller_dag.py
[2025-01-31T12:10:40.087+0700] {processor.py:914} INFO - Processing file /home/vmphat/miniconda3/envs/ds-env/lib/python3.11/site-packages/airflow/example_dags/example_trigger_controller_dag.py for tasks to queue
[2025-01-31T12:10:40.090+0700] {logging_mixin.py:190} INFO - [2025-01-31T12:10:40.090+0700] {dagbag.py:588} INFO - Filling up the DagBag from /home/vmphat/miniconda3/envs/ds-env/lib/python3.11/site-packages/airflow/example_dags/example_trigger_controller_dag.py
[2025-01-31T12:10:40.213+0700] {processor.py:925} INFO - DAG(s) 'example_trigger_controller_dag' retrieved from /home/vmphat/miniconda3/envs/ds-env/lib/python3.11/site-packages/airflow/example_dags/example_trigger_controller_dag.py
[2025-01-31T12:10:40.230+0700] {logging_mixin.py:190} INFO - [2025-01-31T12:10:40.229+0700] {dag.py:3239} INFO - Sync 1 DAGs
[2025-01-31T12:10:40.247+0700] {logging_mixin.py:190} INFO - [2025-01-31T12:10:40.247+0700] {dag.py:4180} INFO - Setting next_dagrun for example_trigger_controller_dag to 2021-01-01 00:00:00+00:00, run_after=2021-01-01 00:00:00+00:00
[2025-01-31T12:10:40.292+0700] {processor.py:208} INFO - Processing /home/vmphat/miniconda3/envs/ds-env/lib/python3.11/site-packages/airflow/example_dags/example_trigger_controller_dag.py took 0.211 seconds
[2025-01-31T12:19:24.271+0700] {processor.py:186} INFO - Started process (PID=13371) to work on /home/vmphat/miniconda3/envs/ds-env/lib/python3.11/site-packages/airflow/example_dags/example_trigger_controller_dag.py
[2025-01-31T12:19:24.273+0700] {processor.py:914} INFO - Processing file /home/vmphat/miniconda3/envs/ds-env/lib/python3.11/site-packages/airflow/example_dags/example_trigger_controller_dag.py for tasks to queue
[2025-01-31T12:19:24.274+0700] {logging_mixin.py:190} INFO - [2025-01-31T12:19:24.274+0700] {dagbag.py:588} INFO - Filling up the DagBag from /home/vmphat/miniconda3/envs/ds-env/lib/python3.11/site-packages/airflow/example_dags/example_trigger_controller_dag.py
[2025-01-31T12:19:24.279+0700] {processor.py:925} INFO - DAG(s) 'example_trigger_controller_dag' retrieved from /home/vmphat/miniconda3/envs/ds-env/lib/python3.11/site-packages/airflow/example_dags/example_trigger_controller_dag.py
[2025-01-31T12:19:24.316+0700] {logging_mixin.py:190} INFO - [2025-01-31T12:19:24.316+0700] {dag.py:3239} INFO - Sync 1 DAGs
[2025-01-31T12:19:24.347+0700] {logging_mixin.py:190} INFO - [2025-01-31T12:19:24.347+0700] {dag.py:4180} INFO - Setting next_dagrun for example_trigger_controller_dag to 2021-01-01 00:00:00+00:00, run_after=2021-01-01 00:00:00+00:00
[2025-01-31T12:19:24.396+0700] {processor.py:208} INFO - Processing /home/vmphat/miniconda3/envs/ds-env/lib/python3.11/site-packages/airflow/example_dags/example_trigger_controller_dag.py took 0.129 seconds
