[2025-01-31T12:09:29.142+0700] {processor.py:186} INFO - Started process (PID=11819) to work on /home/vmphat/miniconda3/envs/ds-env/lib/python3.11/site-packages/airflow/example_dags/example_setup_teardown.py
[2025-01-31T12:09:29.143+0700] {processor.py:914} INFO - Processing file /home/vmphat/miniconda3/envs/ds-env/lib/python3.11/site-packages/airflow/example_dags/example_setup_teardown.py for tasks to queue
[2025-01-31T12:09:29.146+0700] {logging_mixin.py:190} INFO - [2025-01-31T12:09:29.146+0700] {dagbag.py:588} INFO - Filling up the DagBag from /home/vmphat/miniconda3/envs/ds-env/lib/python3.11/site-packages/airflow/example_dags/example_setup_teardown.py
[2025-01-31T12:09:29.153+0700] {processor.py:925} INFO - DAG(s) 'example_setup_teardown' retrieved from /home/vmphat/miniconda3/envs/ds-env/lib/python3.11/site-packages/airflow/example_dags/example_setup_teardown.py
[2025-01-31T12:09:29.374+0700] {logging_mixin.py:190} INFO - [2025-01-31T12:09:29.374+0700] {override.py:1912} INFO - Created Permission View: can edit on DAG:example_setup_teardown
[2025-01-31T12:09:29.404+0700] {logging_mixin.py:190} INFO - [2025-01-31T12:09:29.403+0700] {override.py:1912} INFO - Created Permission View: can delete on DAG:example_setup_teardown
[2025-01-31T12:09:29.433+0700] {logging_mixin.py:190} INFO - [2025-01-31T12:09:29.432+0700] {override.py:1912} INFO - Created Permission View: can read on DAG:example_setup_teardown
[2025-01-31T12:09:29.473+0700] {logging_mixin.py:190} INFO - [2025-01-31T12:09:29.473+0700] {override.py:1912} INFO - Created Permission View: can delete on DAG Run:example_setup_teardown
[2025-01-31T12:09:29.505+0700] {logging_mixin.py:190} INFO - [2025-01-31T12:09:29.505+0700] {override.py:1912} INFO - Created Permission View: menu access on DAG Run:example_setup_teardown
[2025-01-31T12:09:29.536+0700] {logging_mixin.py:190} INFO - [2025-01-31T12:09:29.536+0700] {override.py:1912} INFO - Created Permission View: can read on DAG Run:example_setup_teardown
[2025-01-31T12:09:29.565+0700] {logging_mixin.py:190} INFO - [2025-01-31T12:09:29.565+0700] {override.py:1912} INFO - Created Permission View: can create on DAG Run:example_setup_teardown
[2025-01-31T12:09:29.566+0700] {logging_mixin.py:190} INFO - [2025-01-31T12:09:29.566+0700] {dag.py:3239} INFO - Sync 1 DAGs
[2025-01-31T12:09:29.576+0700] {logging_mixin.py:190} INFO - [2025-01-31T12:09:29.576+0700] {dag.py:3262} INFO - Creating ORM DAG for example_setup_teardown
[2025-01-31T12:09:29.577+0700] {logging_mixin.py:190} INFO - [2025-01-31T12:09:29.576+0700] {dag.py:4180} INFO - Setting next_dagrun for example_setup_teardown to None, run_after=None
[2025-01-31T12:09:29.618+0700] {processor.py:208} INFO - Processing /home/vmphat/miniconda3/envs/ds-env/lib/python3.11/site-packages/airflow/example_dags/example_setup_teardown.py took 0.480 seconds
[2025-01-31T12:10:46.662+0700] {processor.py:186} INFO - Started process (PID=11889) to work on /home/vmphat/miniconda3/envs/ds-env/lib/python3.11/site-packages/airflow/example_dags/example_setup_teardown.py
[2025-01-31T12:10:46.663+0700] {processor.py:914} INFO - Processing file /home/vmphat/miniconda3/envs/ds-env/lib/python3.11/site-packages/airflow/example_dags/example_setup_teardown.py for tasks to queue
[2025-01-31T12:10:46.665+0700] {logging_mixin.py:190} INFO - [2025-01-31T12:10:46.665+0700] {dagbag.py:588} INFO - Filling up the DagBag from /home/vmphat/miniconda3/envs/ds-env/lib/python3.11/site-packages/airflow/example_dags/example_setup_teardown.py
[2025-01-31T12:10:46.671+0700] {processor.py:925} INFO - DAG(s) 'example_setup_teardown' retrieved from /home/vmphat/miniconda3/envs/ds-env/lib/python3.11/site-packages/airflow/example_dags/example_setup_teardown.py
[2025-01-31T12:10:46.692+0700] {logging_mixin.py:190} INFO - [2025-01-31T12:10:46.692+0700] {dag.py:3239} INFO - Sync 1 DAGs
[2025-01-31T12:10:46.705+0700] {logging_mixin.py:190} INFO - [2025-01-31T12:10:46.705+0700] {dag.py:4180} INFO - Setting next_dagrun for example_setup_teardown to None, run_after=None
[2025-01-31T12:10:46.747+0700] {processor.py:208} INFO - Processing /home/vmphat/miniconda3/envs/ds-env/lib/python3.11/site-packages/airflow/example_dags/example_setup_teardown.py took 0.089 seconds
[2025-01-31T12:19:31.640+0700] {processor.py:186} INFO - Started process (PID=13377) to work on /home/vmphat/miniconda3/envs/ds-env/lib/python3.11/site-packages/airflow/example_dags/example_setup_teardown.py
[2025-01-31T12:19:31.641+0700] {processor.py:914} INFO - Processing file /home/vmphat/miniconda3/envs/ds-env/lib/python3.11/site-packages/airflow/example_dags/example_setup_teardown.py for tasks to queue
[2025-01-31T12:19:31.643+0700] {logging_mixin.py:190} INFO - [2025-01-31T12:19:31.643+0700] {dagbag.py:588} INFO - Filling up the DagBag from /home/vmphat/miniconda3/envs/ds-env/lib/python3.11/site-packages/airflow/example_dags/example_setup_teardown.py
[2025-01-31T12:19:31.650+0700] {processor.py:925} INFO - DAG(s) 'example_setup_teardown' retrieved from /home/vmphat/miniconda3/envs/ds-env/lib/python3.11/site-packages/airflow/example_dags/example_setup_teardown.py
[2025-01-31T12:19:31.668+0700] {logging_mixin.py:190} INFO - [2025-01-31T12:19:31.668+0700] {dag.py:3239} INFO - Sync 1 DAGs
[2025-01-31T12:19:31.678+0700] {logging_mixin.py:190} INFO - [2025-01-31T12:19:31.678+0700] {dag.py:4180} INFO - Setting next_dagrun for example_setup_teardown to None, run_after=None
[2025-01-31T12:19:31.710+0700] {processor.py:208} INFO - Processing /home/vmphat/miniconda3/envs/ds-env/lib/python3.11/site-packages/airflow/example_dags/example_setup_teardown.py took 0.075 seconds
