[2025-01-31T12:09:47.247+0700] {processor.py:186} INFO - Started process (PID=11844) to work on /home/vmphat/miniconda3/envs/ds-env/lib/python3.11/site-packages/airflow/example_dags/example_dataset_alias_with_no_taskflow.py
[2025-01-31T12:09:47.249+0700] {processor.py:914} INFO - Processing file /home/vmphat/miniconda3/envs/ds-env/lib/python3.11/site-packages/airflow/example_dags/example_dataset_alias_with_no_taskflow.py for tasks to queue
[2025-01-31T12:09:47.250+0700] {logging_mixin.py:190} INFO - [2025-01-31T12:09:47.250+0700] {dagbag.py:588} INFO - Filling up the DagBag from /home/vmphat/miniconda3/envs/ds-env/lib/python3.11/site-packages/airflow/example_dags/example_dataset_alias_with_no_taskflow.py
[2025-01-31T12:09:47.274+0700] {processor.py:925} INFO - DAG(s) 'dataset_alias_example_alias_producer_with_no_taskflow', 'dataset_alias_example_alias_consumer_with_no_taskflow', 'dataset_s3_bucket_producer_with_no_taskflow', 'dataset_s3_bucket_consumer_with_no_taskflow' retrieved from /home/vmphat/miniconda3/envs/ds-env/lib/python3.11/site-packages/airflow/example_dags/example_dataset_alias_with_no_taskflow.py
[2025-01-31T12:09:47.546+0700] {logging_mixin.py:190} INFO - [2025-01-31T12:09:47.545+0700] {override.py:1912} INFO - Created Permission View: can edit on DAG:dataset_alias_example_alias_producer_with_no_taskflow
[2025-01-31T12:09:47.589+0700] {logging_mixin.py:190} INFO - [2025-01-31T12:09:47.589+0700] {override.py:1912} INFO - Created Permission View: can delete on DAG:dataset_alias_example_alias_producer_with_no_taskflow
[2025-01-31T12:09:47.614+0700] {logging_mixin.py:190} INFO - [2025-01-31T12:09:47.614+0700] {override.py:1912} INFO - Created Permission View: can read on DAG:dataset_alias_example_alias_producer_with_no_taskflow
[2025-01-31T12:09:47.648+0700] {logging_mixin.py:190} INFO - [2025-01-31T12:09:47.648+0700] {override.py:1912} INFO - Created Permission View: can delete on DAG Run:dataset_alias_example_alias_producer_with_no_taskflow
[2025-01-31T12:09:47.670+0700] {logging_mixin.py:190} INFO - [2025-01-31T12:09:47.670+0700] {override.py:1912} INFO - Created Permission View: menu access on DAG Run:dataset_alias_example_alias_producer_with_no_taskflow
[2025-01-31T12:09:47.691+0700] {logging_mixin.py:190} INFO - [2025-01-31T12:09:47.691+0700] {override.py:1912} INFO - Created Permission View: can read on DAG Run:dataset_alias_example_alias_producer_with_no_taskflow
[2025-01-31T12:09:47.714+0700] {logging_mixin.py:190} INFO - [2025-01-31T12:09:47.714+0700] {override.py:1912} INFO - Created Permission View: can create on DAG Run:dataset_alias_example_alias_producer_with_no_taskflow
[2025-01-31T12:09:47.756+0700] {logging_mixin.py:190} INFO - [2025-01-31T12:09:47.756+0700] {override.py:1912} INFO - Created Permission View: can edit on DAG:dataset_alias_example_alias_consumer_with_no_taskflow
[2025-01-31T12:09:47.778+0700] {logging_mixin.py:190} INFO - [2025-01-31T12:09:47.777+0700] {override.py:1912} INFO - Created Permission View: can delete on DAG:dataset_alias_example_alias_consumer_with_no_taskflow
[2025-01-31T12:09:47.800+0700] {logging_mixin.py:190} INFO - [2025-01-31T12:09:47.800+0700] {override.py:1912} INFO - Created Permission View: can read on DAG:dataset_alias_example_alias_consumer_with_no_taskflow
[2025-01-31T12:09:47.834+0700] {logging_mixin.py:190} INFO - [2025-01-31T12:09:47.834+0700] {override.py:1912} INFO - Created Permission View: can delete on DAG Run:dataset_alias_example_alias_consumer_with_no_taskflow
[2025-01-31T12:09:47.854+0700] {logging_mixin.py:190} INFO - [2025-01-31T12:09:47.853+0700] {override.py:1912} INFO - Created Permission View: menu access on DAG Run:dataset_alias_example_alias_consumer_with_no_taskflow
[2025-01-31T12:09:47.874+0700] {logging_mixin.py:190} INFO - [2025-01-31T12:09:47.873+0700] {override.py:1912} INFO - Created Permission View: can read on DAG Run:dataset_alias_example_alias_consumer_with_no_taskflow
[2025-01-31T12:09:47.895+0700] {logging_mixin.py:190} INFO - [2025-01-31T12:09:47.895+0700] {override.py:1912} INFO - Created Permission View: can create on DAG Run:dataset_alias_example_alias_consumer_with_no_taskflow
[2025-01-31T12:09:47.935+0700] {logging_mixin.py:190} INFO - [2025-01-31T12:09:47.935+0700] {override.py:1912} INFO - Created Permission View: can edit on DAG:dataset_s3_bucket_producer_with_no_taskflow
[2025-01-31T12:09:47.956+0700] {logging_mixin.py:190} INFO - [2025-01-31T12:09:47.956+0700] {override.py:1912} INFO - Created Permission View: can delete on DAG:dataset_s3_bucket_producer_with_no_taskflow
[2025-01-31T12:09:47.979+0700] {logging_mixin.py:190} INFO - [2025-01-31T12:09:47.978+0700] {override.py:1912} INFO - Created Permission View: can read on DAG:dataset_s3_bucket_producer_with_no_taskflow
[2025-01-31T12:09:48.012+0700] {logging_mixin.py:190} INFO - [2025-01-31T12:09:48.011+0700] {override.py:1912} INFO - Created Permission View: can delete on DAG Run:dataset_s3_bucket_producer_with_no_taskflow
[2025-01-31T12:09:48.033+0700] {logging_mixin.py:190} INFO - [2025-01-31T12:09:48.033+0700] {override.py:1912} INFO - Created Permission View: menu access on DAG Run:dataset_s3_bucket_producer_with_no_taskflow
[2025-01-31T12:09:48.053+0700] {logging_mixin.py:190} INFO - [2025-01-31T12:09:48.053+0700] {override.py:1912} INFO - Created Permission View: can read on DAG Run:dataset_s3_bucket_producer_with_no_taskflow
[2025-01-31T12:09:48.077+0700] {logging_mixin.py:190} INFO - [2025-01-31T12:09:48.077+0700] {override.py:1912} INFO - Created Permission View: can create on DAG Run:dataset_s3_bucket_producer_with_no_taskflow
[2025-01-31T12:09:48.123+0700] {logging_mixin.py:190} INFO - [2025-01-31T12:09:48.122+0700] {override.py:1912} INFO - Created Permission View: can edit on DAG:dataset_s3_bucket_consumer_with_no_taskflow
[2025-01-31T12:09:48.145+0700] {logging_mixin.py:190} INFO - [2025-01-31T12:09:48.144+0700] {override.py:1912} INFO - Created Permission View: can delete on DAG:dataset_s3_bucket_consumer_with_no_taskflow
[2025-01-31T12:09:48.166+0700] {logging_mixin.py:190} INFO - [2025-01-31T12:09:48.166+0700] {override.py:1912} INFO - Created Permission View: can read on DAG:dataset_s3_bucket_consumer_with_no_taskflow
[2025-01-31T12:09:48.203+0700] {logging_mixin.py:190} INFO - [2025-01-31T12:09:48.203+0700] {override.py:1912} INFO - Created Permission View: can delete on DAG Run:dataset_s3_bucket_consumer_with_no_taskflow
[2025-01-31T12:09:48.226+0700] {logging_mixin.py:190} INFO - [2025-01-31T12:09:48.226+0700] {override.py:1912} INFO - Created Permission View: menu access on DAG Run:dataset_s3_bucket_consumer_with_no_taskflow
[2025-01-31T12:09:48.248+0700] {logging_mixin.py:190} INFO - [2025-01-31T12:09:48.248+0700] {override.py:1912} INFO - Created Permission View: can read on DAG Run:dataset_s3_bucket_consumer_with_no_taskflow
[2025-01-31T12:09:48.269+0700] {logging_mixin.py:190} INFO - [2025-01-31T12:09:48.269+0700] {override.py:1912} INFO - Created Permission View: can create on DAG Run:dataset_s3_bucket_consumer_with_no_taskflow
[2025-01-31T12:09:48.269+0700] {logging_mixin.py:190} INFO - [2025-01-31T12:09:48.269+0700] {dag.py:3239} INFO - Sync 4 DAGs
[2025-01-31T12:09:48.283+0700] {logging_mixin.py:190} INFO - [2025-01-31T12:09:48.283+0700] {dag.py:3262} INFO - Creating ORM DAG for dataset_alias_example_alias_producer_with_no_taskflow
[2025-01-31T12:09:48.284+0700] {logging_mixin.py:190} INFO - [2025-01-31T12:09:48.284+0700] {dag.py:3262} INFO - Creating ORM DAG for dataset_s3_bucket_consumer_with_no_taskflow
[2025-01-31T12:09:48.284+0700] {logging_mixin.py:190} INFO - [2025-01-31T12:09:48.284+0700] {dag.py:3262} INFO - Creating ORM DAG for dataset_alias_example_alias_consumer_with_no_taskflow
[2025-01-31T12:09:48.285+0700] {logging_mixin.py:190} INFO - [2025-01-31T12:09:48.285+0700] {dag.py:3262} INFO - Creating ORM DAG for dataset_s3_bucket_producer_with_no_taskflow
[2025-01-31T12:09:48.292+0700] {logging_mixin.py:190} INFO - [2025-01-31T12:09:48.292+0700] {dag.py:4180} INFO - Setting next_dagrun for dataset_alias_example_alias_consumer_with_no_taskflow to None, run_after=None
[2025-01-31T12:09:48.293+0700] {logging_mixin.py:190} INFO - [2025-01-31T12:09:48.293+0700] {dag.py:4180} INFO - Setting next_dagrun for dataset_alias_example_alias_producer_with_no_taskflow to None, run_after=None
[2025-01-31T12:09:48.295+0700] {logging_mixin.py:190} INFO - [2025-01-31T12:09:48.294+0700] {dag.py:4180} INFO - Setting next_dagrun for dataset_s3_bucket_consumer_with_no_taskflow to None, run_after=None
[2025-01-31T12:09:48.295+0700] {logging_mixin.py:190} INFO - [2025-01-31T12:09:48.295+0700] {dag.py:4180} INFO - Setting next_dagrun for dataset_s3_bucket_producer_with_no_taskflow to None, run_after=None
[2025-01-31T12:09:48.355+0700] {processor.py:208} INFO - Processing /home/vmphat/miniconda3/envs/ds-env/lib/python3.11/site-packages/airflow/example_dags/example_dataset_alias_with_no_taskflow.py took 1.114 seconds
[2025-01-31T12:19:46.818+0700] {processor.py:186} INFO - Started process (PID=13390) to work on /home/vmphat/miniconda3/envs/ds-env/lib/python3.11/site-packages/airflow/example_dags/example_dataset_alias_with_no_taskflow.py
[2025-01-31T12:19:46.820+0700] {processor.py:914} INFO - Processing file /home/vmphat/miniconda3/envs/ds-env/lib/python3.11/site-packages/airflow/example_dags/example_dataset_alias_with_no_taskflow.py for tasks to queue
[2025-01-31T12:19:46.821+0700] {logging_mixin.py:190} INFO - [2025-01-31T12:19:46.821+0700] {dagbag.py:588} INFO - Filling up the DagBag from /home/vmphat/miniconda3/envs/ds-env/lib/python3.11/site-packages/airflow/example_dags/example_dataset_alias_with_no_taskflow.py
[2025-01-31T12:19:46.850+0700] {processor.py:925} INFO - DAG(s) 'dataset_s3_bucket_producer_with_no_taskflow', 'dataset_alias_example_alias_consumer_with_no_taskflow', 'dataset_alias_example_alias_producer_with_no_taskflow', 'dataset_s3_bucket_consumer_with_no_taskflow' retrieved from /home/vmphat/miniconda3/envs/ds-env/lib/python3.11/site-packages/airflow/example_dags/example_dataset_alias_with_no_taskflow.py
[2025-01-31T12:19:46.901+0700] {logging_mixin.py:190} INFO - [2025-01-31T12:19:46.901+0700] {dag.py:3239} INFO - Sync 4 DAGs
[2025-01-31T12:19:47.068+0700] {logging_mixin.py:190} INFO - [2025-01-31T12:19:47.068+0700] {dag.py:4180} INFO - Setting next_dagrun for dataset_alias_example_alias_consumer_with_no_taskflow to None, run_after=None
[2025-01-31T12:19:47.073+0700] {logging_mixin.py:190} INFO - [2025-01-31T12:19:47.073+0700] {dag.py:4180} INFO - Setting next_dagrun for dataset_alias_example_alias_producer_with_no_taskflow to None, run_after=None
[2025-01-31T12:19:47.078+0700] {logging_mixin.py:190} INFO - [2025-01-31T12:19:47.077+0700] {dag.py:4180} INFO - Setting next_dagrun for dataset_s3_bucket_consumer_with_no_taskflow to None, run_after=None
[2025-01-31T12:19:47.083+0700] {logging_mixin.py:190} INFO - [2025-01-31T12:19:47.082+0700] {dag.py:4180} INFO - Setting next_dagrun for dataset_s3_bucket_producer_with_no_taskflow to None, run_after=None
[2025-01-31T12:19:47.190+0700] {processor.py:208} INFO - Processing /home/vmphat/miniconda3/envs/ds-env/lib/python3.11/site-packages/airflow/example_dags/example_dataset_alias_with_no_taskflow.py took 0.375 seconds
