[2025-01-31T12:09:08.959+0700] {processor.py:186} INFO - Started process (PID=11800) to work on /home/vmphat/miniconda3/envs/ds-env/lib/python3.11/site-packages/airflow/example_dags/example_trigger_target_dag.py
[2025-01-31T12:09:08.960+0700] {processor.py:914} INFO - Processing file /home/vmphat/miniconda3/envs/ds-env/lib/python3.11/site-packages/airflow/example_dags/example_trigger_target_dag.py for tasks to queue
[2025-01-31T12:09:08.961+0700] {logging_mixin.py:190} INFO - [2025-01-31T12:09:08.961+0700] {dagbag.py:588} INFO - Filling up the DagBag from /home/vmphat/miniconda3/envs/ds-env/lib/python3.11/site-packages/airflow/example_dags/example_trigger_target_dag.py
[2025-01-31T12:09:08.968+0700] {processor.py:925} INFO - DAG(s) 'example_trigger_target_dag' retrieved from /home/vmphat/miniconda3/envs/ds-env/lib/python3.11/site-packages/airflow/example_dags/example_trigger_target_dag.py
[2025-01-31T12:09:09.201+0700] {logging_mixin.py:190} INFO - [2025-01-31T12:09:09.200+0700] {override.py:1912} INFO - Created Permission View: can edit on DAG:example_trigger_target_dag
[2025-01-31T12:09:09.220+0700] {logging_mixin.py:190} INFO - [2025-01-31T12:09:09.220+0700] {override.py:1912} INFO - Created Permission View: can delete on DAG:example_trigger_target_dag
[2025-01-31T12:09:09.238+0700] {logging_mixin.py:190} INFO - [2025-01-31T12:09:09.238+0700] {override.py:1912} INFO - Created Permission View: can read on DAG:example_trigger_target_dag
[2025-01-31T12:09:09.266+0700] {logging_mixin.py:190} INFO - [2025-01-31T12:09:09.265+0700] {override.py:1912} INFO - Created Permission View: can delete on DAG Run:example_trigger_target_dag
[2025-01-31T12:09:09.283+0700] {logging_mixin.py:190} INFO - [2025-01-31T12:09:09.283+0700] {override.py:1912} INFO - Created Permission View: menu access on DAG Run:example_trigger_target_dag
[2025-01-31T12:09:09.300+0700] {logging_mixin.py:190} INFO - [2025-01-31T12:09:09.299+0700] {override.py:1912} INFO - Created Permission View: can read on DAG Run:example_trigger_target_dag
[2025-01-31T12:09:09.317+0700] {logging_mixin.py:190} INFO - [2025-01-31T12:09:09.317+0700] {override.py:1912} INFO - Created Permission View: can create on DAG Run:example_trigger_target_dag
[2025-01-31T12:09:09.318+0700] {logging_mixin.py:190} INFO - [2025-01-31T12:09:09.317+0700] {dag.py:3239} INFO - Sync 1 DAGs
[2025-01-31T12:09:09.329+0700] {logging_mixin.py:190} INFO - [2025-01-31T12:09:09.328+0700] {dag.py:3262} INFO - Creating ORM DAG for example_trigger_target_dag
[2025-01-31T12:09:09.329+0700] {logging_mixin.py:190} INFO - [2025-01-31T12:09:09.329+0700] {dag.py:4180} INFO - Setting next_dagrun for example_trigger_target_dag to None, run_after=None
[2025-01-31T12:09:09.360+0700] {processor.py:208} INFO - Processing /home/vmphat/miniconda3/envs/ds-env/lib/python3.11/site-packages/airflow/example_dags/example_trigger_target_dag.py took 0.405 seconds
[2025-01-31T12:10:29.271+0700] {processor.py:186} INFO - Started process (PID=11875) to work on /home/vmphat/miniconda3/envs/ds-env/lib/python3.11/site-packages/airflow/example_dags/example_trigger_target_dag.py
[2025-01-31T12:10:29.273+0700] {processor.py:914} INFO - Processing file /home/vmphat/miniconda3/envs/ds-env/lib/python3.11/site-packages/airflow/example_dags/example_trigger_target_dag.py for tasks to queue
[2025-01-31T12:10:29.277+0700] {logging_mixin.py:190} INFO - [2025-01-31T12:10:29.277+0700] {dagbag.py:588} INFO - Filling up the DagBag from /home/vmphat/miniconda3/envs/ds-env/lib/python3.11/site-packages/airflow/example_dags/example_trigger_target_dag.py
[2025-01-31T12:10:29.285+0700] {processor.py:925} INFO - DAG(s) 'example_trigger_target_dag' retrieved from /home/vmphat/miniconda3/envs/ds-env/lib/python3.11/site-packages/airflow/example_dags/example_trigger_target_dag.py
[2025-01-31T12:10:29.320+0700] {logging_mixin.py:190} INFO - [2025-01-31T12:10:29.319+0700] {dag.py:3239} INFO - Sync 1 DAGs
[2025-01-31T12:10:29.339+0700] {logging_mixin.py:190} INFO - [2025-01-31T12:10:29.338+0700] {dag.py:4180} INFO - Setting next_dagrun for example_trigger_target_dag to None, run_after=None
[2025-01-31T12:10:29.427+0700] {processor.py:208} INFO - Processing /home/vmphat/miniconda3/envs/ds-env/lib/python3.11/site-packages/airflow/example_dags/example_trigger_target_dag.py took 0.160 seconds
[2025-01-31T12:19:15.412+0700] {processor.py:186} INFO - Started process (PID=13362) to work on /home/vmphat/miniconda3/envs/ds-env/lib/python3.11/site-packages/airflow/example_dags/example_trigger_target_dag.py
[2025-01-31T12:19:15.414+0700] {processor.py:914} INFO - Processing file /home/vmphat/miniconda3/envs/ds-env/lib/python3.11/site-packages/airflow/example_dags/example_trigger_target_dag.py for tasks to queue
[2025-01-31T12:19:15.417+0700] {logging_mixin.py:190} INFO - [2025-01-31T12:19:15.416+0700] {dagbag.py:588} INFO - Filling up the DagBag from /home/vmphat/miniconda3/envs/ds-env/lib/python3.11/site-packages/airflow/example_dags/example_trigger_target_dag.py
[2025-01-31T12:19:15.428+0700] {processor.py:925} INFO - DAG(s) 'example_trigger_target_dag' retrieved from /home/vmphat/miniconda3/envs/ds-env/lib/python3.11/site-packages/airflow/example_dags/example_trigger_target_dag.py
[2025-01-31T12:19:15.464+0700] {logging_mixin.py:190} INFO - [2025-01-31T12:19:15.464+0700] {dag.py:3239} INFO - Sync 1 DAGs
[2025-01-31T12:19:15.477+0700] {logging_mixin.py:190} INFO - [2025-01-31T12:19:15.477+0700] {dag.py:4180} INFO - Setting next_dagrun for example_trigger_target_dag to None, run_after=None
[2025-01-31T12:19:15.537+0700] {processor.py:208} INFO - Processing /home/vmphat/miniconda3/envs/ds-env/lib/python3.11/site-packages/airflow/example_dags/example_trigger_target_dag.py took 0.130 seconds
