[2025-01-31T12:09:41.215+0700] {processor.py:186} INFO - Started process (PID=11840) to work on /home/vmphat/miniconda3/envs/ds-env/lib/python3.11/site-packages/airflow/example_dags/example_external_task_marker_dag.py
[2025-01-31T12:09:41.216+0700] {processor.py:914} INFO - Processing file /home/vmphat/miniconda3/envs/ds-env/lib/python3.11/site-packages/airflow/example_dags/example_external_task_marker_dag.py for tasks to queue
[2025-01-31T12:09:41.220+0700] {logging_mixin.py:190} INFO - [2025-01-31T12:09:41.220+0700] {dagbag.py:588} INFO - Filling up the DagBag from /home/vmphat/miniconda3/envs/ds-env/lib/python3.11/site-packages/airflow/example_dags/example_external_task_marker_dag.py
[2025-01-31T12:09:41.228+0700] {processor.py:925} INFO - DAG(s) 'example_external_task_marker_parent', 'example_external_task_marker_child' retrieved from /home/vmphat/miniconda3/envs/ds-env/lib/python3.11/site-packages/airflow/example_dags/example_external_task_marker_dag.py
[2025-01-31T12:09:41.499+0700] {logging_mixin.py:190} INFO - [2025-01-31T12:09:41.498+0700] {override.py:1912} INFO - Created Permission View: can edit on DAG:example_external_task_marker_parent
[2025-01-31T12:09:41.526+0700] {logging_mixin.py:190} INFO - [2025-01-31T12:09:41.525+0700] {override.py:1912} INFO - Created Permission View: can delete on DAG:example_external_task_marker_parent
[2025-01-31T12:09:41.548+0700] {logging_mixin.py:190} INFO - [2025-01-31T12:09:41.547+0700] {override.py:1912} INFO - Created Permission View: can read on DAG:example_external_task_marker_parent
[2025-01-31T12:09:41.580+0700] {logging_mixin.py:190} INFO - [2025-01-31T12:09:41.579+0700] {override.py:1912} INFO - Created Permission View: can delete on DAG Run:example_external_task_marker_parent
[2025-01-31T12:09:41.600+0700] {logging_mixin.py:190} INFO - [2025-01-31T12:09:41.600+0700] {override.py:1912} INFO - Created Permission View: menu access on DAG Run:example_external_task_marker_parent
[2025-01-31T12:09:41.623+0700] {logging_mixin.py:190} INFO - [2025-01-31T12:09:41.622+0700] {override.py:1912} INFO - Created Permission View: can read on DAG Run:example_external_task_marker_parent
[2025-01-31T12:09:41.646+0700] {logging_mixin.py:190} INFO - [2025-01-31T12:09:41.646+0700] {override.py:1912} INFO - Created Permission View: can create on DAG Run:example_external_task_marker_parent
[2025-01-31T12:09:41.689+0700] {logging_mixin.py:190} INFO - [2025-01-31T12:09:41.689+0700] {override.py:1912} INFO - Created Permission View: can edit on DAG:example_external_task_marker_child
[2025-01-31T12:09:41.710+0700] {logging_mixin.py:190} INFO - [2025-01-31T12:09:41.710+0700] {override.py:1912} INFO - Created Permission View: can delete on DAG:example_external_task_marker_child
[2025-01-31T12:09:41.732+0700] {logging_mixin.py:190} INFO - [2025-01-31T12:09:41.731+0700] {override.py:1912} INFO - Created Permission View: can read on DAG:example_external_task_marker_child
[2025-01-31T12:09:41.764+0700] {logging_mixin.py:190} INFO - [2025-01-31T12:09:41.764+0700] {override.py:1912} INFO - Created Permission View: can delete on DAG Run:example_external_task_marker_child
[2025-01-31T12:09:41.785+0700] {logging_mixin.py:190} INFO - [2025-01-31T12:09:41.785+0700] {override.py:1912} INFO - Created Permission View: menu access on DAG Run:example_external_task_marker_child
[2025-01-31T12:09:41.809+0700] {logging_mixin.py:190} INFO - [2025-01-31T12:09:41.809+0700] {override.py:1912} INFO - Created Permission View: can read on DAG Run:example_external_task_marker_child
[2025-01-31T12:09:41.832+0700] {logging_mixin.py:190} INFO - [2025-01-31T12:09:41.832+0700] {override.py:1912} INFO - Created Permission View: can create on DAG Run:example_external_task_marker_child
[2025-01-31T12:09:41.833+0700] {logging_mixin.py:190} INFO - [2025-01-31T12:09:41.833+0700] {dag.py:3239} INFO - Sync 2 DAGs
[2025-01-31T12:09:41.845+0700] {logging_mixin.py:190} INFO - [2025-01-31T12:09:41.845+0700] {dag.py:3262} INFO - Creating ORM DAG for example_external_task_marker_child
[2025-01-31T12:09:41.846+0700] {logging_mixin.py:190} INFO - [2025-01-31T12:09:41.846+0700] {dag.py:3262} INFO - Creating ORM DAG for example_external_task_marker_parent
[2025-01-31T12:09:41.847+0700] {logging_mixin.py:190} INFO - [2025-01-31T12:09:41.846+0700] {dag.py:4180} INFO - Setting next_dagrun for example_external_task_marker_child to None, run_after=None
[2025-01-31T12:09:41.847+0700] {logging_mixin.py:190} INFO - [2025-01-31T12:09:41.847+0700] {dag.py:4180} INFO - Setting next_dagrun for example_external_task_marker_parent to None, run_after=None
[2025-01-31T12:09:41.888+0700] {processor.py:208} INFO - Processing /home/vmphat/miniconda3/envs/ds-env/lib/python3.11/site-packages/airflow/example_dags/example_external_task_marker_dag.py took 0.678 seconds
[2025-01-31T12:10:56.029+0700] {processor.py:186} INFO - Started process (PID=11899) to work on /home/vmphat/miniconda3/envs/ds-env/lib/python3.11/site-packages/airflow/example_dags/example_external_task_marker_dag.py
[2025-01-31T12:10:56.030+0700] {processor.py:914} INFO - Processing file /home/vmphat/miniconda3/envs/ds-env/lib/python3.11/site-packages/airflow/example_dags/example_external_task_marker_dag.py for tasks to queue
[2025-01-31T12:10:56.032+0700] {logging_mixin.py:190} INFO - [2025-01-31T12:10:56.031+0700] {dagbag.py:588} INFO - Filling up the DagBag from /home/vmphat/miniconda3/envs/ds-env/lib/python3.11/site-packages/airflow/example_dags/example_external_task_marker_dag.py
[2025-01-31T12:10:56.039+0700] {processor.py:925} INFO - DAG(s) 'example_external_task_marker_child', 'example_external_task_marker_parent' retrieved from /home/vmphat/miniconda3/envs/ds-env/lib/python3.11/site-packages/airflow/example_dags/example_external_task_marker_dag.py
[2025-01-31T12:10:56.061+0700] {logging_mixin.py:190} INFO - [2025-01-31T12:10:56.061+0700] {dag.py:3239} INFO - Sync 2 DAGs
[2025-01-31T12:10:56.073+0700] {logging_mixin.py:190} INFO - [2025-01-31T12:10:56.073+0700] {dag.py:4180} INFO - Setting next_dagrun for example_external_task_marker_child to None, run_after=None
[2025-01-31T12:10:56.077+0700] {logging_mixin.py:190} INFO - [2025-01-31T12:10:56.077+0700] {dag.py:4180} INFO - Setting next_dagrun for example_external_task_marker_parent to None, run_after=None
[2025-01-31T12:10:56.113+0700] {processor.py:208} INFO - Processing /home/vmphat/miniconda3/envs/ds-env/lib/python3.11/site-packages/airflow/example_dags/example_external_task_marker_dag.py took 0.089 seconds
[2025-01-31T12:19:42.282+0700] {processor.py:186} INFO - Started process (PID=13386) to work on /home/vmphat/miniconda3/envs/ds-env/lib/python3.11/site-packages/airflow/example_dags/example_external_task_marker_dag.py
[2025-01-31T12:19:42.283+0700] {processor.py:914} INFO - Processing file /home/vmphat/miniconda3/envs/ds-env/lib/python3.11/site-packages/airflow/example_dags/example_external_task_marker_dag.py for tasks to queue
[2025-01-31T12:19:42.286+0700] {logging_mixin.py:190} INFO - [2025-01-31T12:19:42.285+0700] {dagbag.py:588} INFO - Filling up the DagBag from /home/vmphat/miniconda3/envs/ds-env/lib/python3.11/site-packages/airflow/example_dags/example_external_task_marker_dag.py
[2025-01-31T12:19:42.291+0700] {processor.py:925} INFO - DAG(s) 'example_external_task_marker_parent', 'example_external_task_marker_child' retrieved from /home/vmphat/miniconda3/envs/ds-env/lib/python3.11/site-packages/airflow/example_dags/example_external_task_marker_dag.py
[2025-01-31T12:19:42.338+0700] {logging_mixin.py:190} INFO - [2025-01-31T12:19:42.338+0700] {dag.py:3239} INFO - Sync 2 DAGs
[2025-01-31T12:19:42.355+0700] {logging_mixin.py:190} INFO - [2025-01-31T12:19:42.354+0700] {dag.py:4180} INFO - Setting next_dagrun for example_external_task_marker_child to None, run_after=None
[2025-01-31T12:19:42.361+0700] {logging_mixin.py:190} INFO - [2025-01-31T12:19:42.361+0700] {dag.py:4180} INFO - Setting next_dagrun for example_external_task_marker_parent to None, run_after=None
[2025-01-31T12:19:42.412+0700] {processor.py:208} INFO - Processing /home/vmphat/miniconda3/envs/ds-env/lib/python3.11/site-packages/airflow/example_dags/example_external_task_marker_dag.py took 0.134 seconds
