[2025-01-31T12:10:13.809+0700] {processor.py:186} INFO - Started process (PID=11861) to work on /home/vmphat/miniconda3/envs/ds-env/lib/python3.11/site-packages/airflow/example_dags/example_datasets.py
[2025-01-31T12:10:13.810+0700] {processor.py:914} INFO - Processing file /home/vmphat/miniconda3/envs/ds-env/lib/python3.11/site-packages/airflow/example_dags/example_datasets.py for tasks to queue
[2025-01-31T12:10:13.811+0700] {logging_mixin.py:190} INFO - [2025-01-31T12:10:13.811+0700] {dagbag.py:588} INFO - Filling up the DagBag from /home/vmphat/miniconda3/envs/ds-env/lib/python3.11/site-packages/airflow/example_dags/example_datasets.py
[2025-01-31T12:10:13.822+0700] {processor.py:925} INFO - DAG(s) 'dataset_consumes_1', 'conditional_dataset_and_time_based_timetable', 'consume_1_or_both_2_and_3_with_dataset_expressions', 'dataset_consumes_1_and_2', 'dataset_consumes_1_never_scheduled', 'dataset_produces_1', 'consume_1_and_2_with_dataset_expressions', 'consume_1_or_2_with_dataset_expressions', 'dataset_consumes_unknown_never_scheduled', 'dataset_produces_2' retrieved from /home/vmphat/miniconda3/envs/ds-env/lib/python3.11/site-packages/airflow/example_dags/example_datasets.py
[2025-01-31T12:10:14.019+0700] {logging_mixin.py:190} INFO - [2025-01-31T12:10:14.019+0700] {override.py:1912} INFO - Created Permission View: can edit on DAG:dataset_consumes_1
[2025-01-31T12:10:14.041+0700] {logging_mixin.py:190} INFO - [2025-01-31T12:10:14.040+0700] {override.py:1912} INFO - Created Permission View: can delete on DAG:dataset_consumes_1
[2025-01-31T12:10:14.062+0700] {logging_mixin.py:190} INFO - [2025-01-31T12:10:14.061+0700] {override.py:1912} INFO - Created Permission View: can read on DAG:dataset_consumes_1
[2025-01-31T12:10:14.092+0700] {logging_mixin.py:190} INFO - [2025-01-31T12:10:14.092+0700] {override.py:1912} INFO - Created Permission View: can delete on DAG Run:dataset_consumes_1
[2025-01-31T12:10:14.110+0700] {logging_mixin.py:190} INFO - [2025-01-31T12:10:14.110+0700] {override.py:1912} INFO - Created Permission View: menu access on DAG Run:dataset_consumes_1
[2025-01-31T12:10:14.144+0700] {logging_mixin.py:190} INFO - [2025-01-31T12:10:14.143+0700] {override.py:1912} INFO - Created Permission View: can read on DAG Run:dataset_consumes_1
[2025-01-31T12:10:14.178+0700] {logging_mixin.py:190} INFO - [2025-01-31T12:10:14.178+0700] {override.py:1912} INFO - Created Permission View: can create on DAG Run:dataset_consumes_1
[2025-01-31T12:10:14.215+0700] {logging_mixin.py:190} INFO - [2025-01-31T12:10:14.214+0700] {override.py:1912} INFO - Created Permission View: can edit on DAG:conditional_dataset_and_time_based_timetable
[2025-01-31T12:10:14.233+0700] {logging_mixin.py:190} INFO - [2025-01-31T12:10:14.233+0700] {override.py:1912} INFO - Created Permission View: can delete on DAG:conditional_dataset_and_time_based_timetable
[2025-01-31T12:10:14.251+0700] {logging_mixin.py:190} INFO - [2025-01-31T12:10:14.251+0700] {override.py:1912} INFO - Created Permission View: can read on DAG:conditional_dataset_and_time_based_timetable
[2025-01-31T12:10:14.280+0700] {logging_mixin.py:190} INFO - [2025-01-31T12:10:14.280+0700] {override.py:1912} INFO - Created Permission View: can delete on DAG Run:conditional_dataset_and_time_based_timetable
[2025-01-31T12:10:14.301+0700] {logging_mixin.py:190} INFO - [2025-01-31T12:10:14.301+0700] {override.py:1912} INFO - Created Permission View: menu access on DAG Run:conditional_dataset_and_time_based_timetable
[2025-01-31T12:10:14.323+0700] {logging_mixin.py:190} INFO - [2025-01-31T12:10:14.323+0700] {override.py:1912} INFO - Created Permission View: can read on DAG Run:conditional_dataset_and_time_based_timetable
[2025-01-31T12:10:14.344+0700] {logging_mixin.py:190} INFO - [2025-01-31T12:10:14.344+0700] {override.py:1912} INFO - Created Permission View: can create on DAG Run:conditional_dataset_and_time_based_timetable
[2025-01-31T12:10:14.383+0700] {logging_mixin.py:190} INFO - [2025-01-31T12:10:14.382+0700] {override.py:1912} INFO - Created Permission View: can edit on DAG:consume_1_or_both_2_and_3_with_dataset_expressions
[2025-01-31T12:10:14.401+0700] {logging_mixin.py:190} INFO - [2025-01-31T12:10:14.400+0700] {override.py:1912} INFO - Created Permission View: can delete on DAG:consume_1_or_both_2_and_3_with_dataset_expressions
[2025-01-31T12:10:14.420+0700] {logging_mixin.py:190} INFO - [2025-01-31T12:10:14.420+0700] {override.py:1912} INFO - Created Permission View: can read on DAG:consume_1_or_both_2_and_3_with_dataset_expressions
[2025-01-31T12:10:14.452+0700] {logging_mixin.py:190} INFO - [2025-01-31T12:10:14.452+0700] {override.py:1912} INFO - Created Permission View: can delete on DAG Run:consume_1_or_both_2_and_3_with_dataset_expressions
[2025-01-31T12:10:14.475+0700] {logging_mixin.py:190} INFO - [2025-01-31T12:10:14.474+0700] {override.py:1912} INFO - Created Permission View: menu access on DAG Run:consume_1_or_both_2_and_3_with_dataset_expressions
[2025-01-31T12:10:14.495+0700] {logging_mixin.py:190} INFO - [2025-01-31T12:10:14.495+0700] {override.py:1912} INFO - Created Permission View: can read on DAG Run:consume_1_or_both_2_and_3_with_dataset_expressions
[2025-01-31T12:10:14.514+0700] {logging_mixin.py:190} INFO - [2025-01-31T12:10:14.514+0700] {override.py:1912} INFO - Created Permission View: can create on DAG Run:consume_1_or_both_2_and_3_with_dataset_expressions
[2025-01-31T12:10:14.549+0700] {logging_mixin.py:190} INFO - [2025-01-31T12:10:14.549+0700] {override.py:1912} INFO - Created Permission View: can edit on DAG:dataset_consumes_1_and_2
[2025-01-31T12:10:14.566+0700] {logging_mixin.py:190} INFO - [2025-01-31T12:10:14.566+0700] {override.py:1912} INFO - Created Permission View: can delete on DAG:dataset_consumes_1_and_2
[2025-01-31T12:10:14.584+0700] {logging_mixin.py:190} INFO - [2025-01-31T12:10:14.584+0700] {override.py:1912} INFO - Created Permission View: can read on DAG:dataset_consumes_1_and_2
[2025-01-31T12:10:14.613+0700] {logging_mixin.py:190} INFO - [2025-01-31T12:10:14.612+0700] {override.py:1912} INFO - Created Permission View: can delete on DAG Run:dataset_consumes_1_and_2
[2025-01-31T12:10:14.631+0700] {logging_mixin.py:190} INFO - [2025-01-31T12:10:14.631+0700] {override.py:1912} INFO - Created Permission View: menu access on DAG Run:dataset_consumes_1_and_2
[2025-01-31T12:10:14.650+0700] {logging_mixin.py:190} INFO - [2025-01-31T12:10:14.650+0700] {override.py:1912} INFO - Created Permission View: can read on DAG Run:dataset_consumes_1_and_2
[2025-01-31T12:10:14.670+0700] {logging_mixin.py:190} INFO - [2025-01-31T12:10:14.670+0700] {override.py:1912} INFO - Created Permission View: can create on DAG Run:dataset_consumes_1_and_2
[2025-01-31T12:10:14.708+0700] {logging_mixin.py:190} INFO - [2025-01-31T12:10:14.708+0700] {override.py:1912} INFO - Created Permission View: can edit on DAG:dataset_consumes_1_never_scheduled
[2025-01-31T12:10:14.730+0700] {logging_mixin.py:190} INFO - [2025-01-31T12:10:14.729+0700] {override.py:1912} INFO - Created Permission View: can delete on DAG:dataset_consumes_1_never_scheduled
[2025-01-31T12:10:14.750+0700] {logging_mixin.py:190} INFO - [2025-01-31T12:10:14.750+0700] {override.py:1912} INFO - Created Permission View: can read on DAG:dataset_consumes_1_never_scheduled
[2025-01-31T12:10:14.785+0700] {logging_mixin.py:190} INFO - [2025-01-31T12:10:14.785+0700] {override.py:1912} INFO - Created Permission View: can delete on DAG Run:dataset_consumes_1_never_scheduled
[2025-01-31T12:10:14.804+0700] {logging_mixin.py:190} INFO - [2025-01-31T12:10:14.804+0700] {override.py:1912} INFO - Created Permission View: menu access on DAG Run:dataset_consumes_1_never_scheduled
[2025-01-31T12:10:14.824+0700] {logging_mixin.py:190} INFO - [2025-01-31T12:10:14.823+0700] {override.py:1912} INFO - Created Permission View: can read on DAG Run:dataset_consumes_1_never_scheduled
[2025-01-31T12:10:14.845+0700] {logging_mixin.py:190} INFO - [2025-01-31T12:10:14.845+0700] {override.py:1912} INFO - Created Permission View: can create on DAG Run:dataset_consumes_1_never_scheduled
[2025-01-31T12:10:14.883+0700] {logging_mixin.py:190} INFO - [2025-01-31T12:10:14.883+0700] {override.py:1912} INFO - Created Permission View: can edit on DAG:dataset_produces_1
[2025-01-31T12:10:14.902+0700] {logging_mixin.py:190} INFO - [2025-01-31T12:10:14.902+0700] {override.py:1912} INFO - Created Permission View: can delete on DAG:dataset_produces_1
[2025-01-31T12:10:14.920+0700] {logging_mixin.py:190} INFO - [2025-01-31T12:10:14.920+0700] {override.py:1912} INFO - Created Permission View: can read on DAG:dataset_produces_1
[2025-01-31T12:10:14.949+0700] {logging_mixin.py:190} INFO - [2025-01-31T12:10:14.948+0700] {override.py:1912} INFO - Created Permission View: can delete on DAG Run:dataset_produces_1
[2025-01-31T12:10:14.968+0700] {logging_mixin.py:190} INFO - [2025-01-31T12:10:14.967+0700] {override.py:1912} INFO - Created Permission View: menu access on DAG Run:dataset_produces_1
[2025-01-31T12:10:14.987+0700] {logging_mixin.py:190} INFO - [2025-01-31T12:10:14.987+0700] {override.py:1912} INFO - Created Permission View: can read on DAG Run:dataset_produces_1
[2025-01-31T12:10:15.008+0700] {logging_mixin.py:190} INFO - [2025-01-31T12:10:15.008+0700] {override.py:1912} INFO - Created Permission View: can create on DAG Run:dataset_produces_1
[2025-01-31T12:10:15.051+0700] {logging_mixin.py:190} INFO - [2025-01-31T12:10:15.050+0700] {override.py:1912} INFO - Created Permission View: can edit on DAG:consume_1_and_2_with_dataset_expressions
[2025-01-31T12:10:15.074+0700] {logging_mixin.py:190} INFO - [2025-01-31T12:10:15.074+0700] {override.py:1912} INFO - Created Permission View: can delete on DAG:consume_1_and_2_with_dataset_expressions
[2025-01-31T12:10:15.095+0700] {logging_mixin.py:190} INFO - [2025-01-31T12:10:15.095+0700] {override.py:1912} INFO - Created Permission View: can read on DAG:consume_1_and_2_with_dataset_expressions
[2025-01-31T12:10:15.129+0700] {logging_mixin.py:190} INFO - [2025-01-31T12:10:15.129+0700] {override.py:1912} INFO - Created Permission View: can delete on DAG Run:consume_1_and_2_with_dataset_expressions
[2025-01-31T12:10:15.150+0700] {logging_mixin.py:190} INFO - [2025-01-31T12:10:15.150+0700] {override.py:1912} INFO - Created Permission View: menu access on DAG Run:consume_1_and_2_with_dataset_expressions
[2025-01-31T12:10:15.171+0700] {logging_mixin.py:190} INFO - [2025-01-31T12:10:15.170+0700] {override.py:1912} INFO - Created Permission View: can read on DAG Run:consume_1_and_2_with_dataset_expressions
[2025-01-31T12:10:15.191+0700] {logging_mixin.py:190} INFO - [2025-01-31T12:10:15.191+0700] {override.py:1912} INFO - Created Permission View: can create on DAG Run:consume_1_and_2_with_dataset_expressions
[2025-01-31T12:10:15.231+0700] {logging_mixin.py:190} INFO - [2025-01-31T12:10:15.230+0700] {override.py:1912} INFO - Created Permission View: can edit on DAG:consume_1_or_2_with_dataset_expressions
[2025-01-31T12:10:15.252+0700] {logging_mixin.py:190} INFO - [2025-01-31T12:10:15.252+0700] {override.py:1912} INFO - Created Permission View: can delete on DAG:consume_1_or_2_with_dataset_expressions
[2025-01-31T12:10:15.274+0700] {logging_mixin.py:190} INFO - [2025-01-31T12:10:15.274+0700] {override.py:1912} INFO - Created Permission View: can read on DAG:consume_1_or_2_with_dataset_expressions
[2025-01-31T12:10:15.317+0700] {logging_mixin.py:190} INFO - [2025-01-31T12:10:15.317+0700] {override.py:1912} INFO - Created Permission View: can delete on DAG Run:consume_1_or_2_with_dataset_expressions
[2025-01-31T12:10:15.349+0700] {logging_mixin.py:190} INFO - [2025-01-31T12:10:15.348+0700] {override.py:1912} INFO - Created Permission View: menu access on DAG Run:consume_1_or_2_with_dataset_expressions
[2025-01-31T12:10:15.370+0700] {logging_mixin.py:190} INFO - [2025-01-31T12:10:15.370+0700] {override.py:1912} INFO - Created Permission View: can read on DAG Run:consume_1_or_2_with_dataset_expressions
[2025-01-31T12:10:15.395+0700] {logging_mixin.py:190} INFO - [2025-01-31T12:10:15.394+0700] {override.py:1912} INFO - Created Permission View: can create on DAG Run:consume_1_or_2_with_dataset_expressions
[2025-01-31T12:10:15.433+0700] {logging_mixin.py:190} INFO - [2025-01-31T12:10:15.433+0700] {override.py:1912} INFO - Created Permission View: can edit on DAG:dataset_consumes_unknown_never_scheduled
[2025-01-31T12:10:15.458+0700] {logging_mixin.py:190} INFO - [2025-01-31T12:10:15.458+0700] {override.py:1912} INFO - Created Permission View: can delete on DAG:dataset_consumes_unknown_never_scheduled
[2025-01-31T12:10:15.482+0700] {logging_mixin.py:190} INFO - [2025-01-31T12:10:15.481+0700] {override.py:1912} INFO - Created Permission View: can read on DAG:dataset_consumes_unknown_never_scheduled
[2025-01-31T12:10:15.526+0700] {logging_mixin.py:190} INFO - [2025-01-31T12:10:15.526+0700] {override.py:1912} INFO - Created Permission View: can delete on DAG Run:dataset_consumes_unknown_never_scheduled
[2025-01-31T12:10:15.550+0700] {logging_mixin.py:190} INFO - [2025-01-31T12:10:15.550+0700] {override.py:1912} INFO - Created Permission View: menu access on DAG Run:dataset_consumes_unknown_never_scheduled
[2025-01-31T12:10:15.578+0700] {logging_mixin.py:190} INFO - [2025-01-31T12:10:15.578+0700] {override.py:1912} INFO - Created Permission View: can read on DAG Run:dataset_consumes_unknown_never_scheduled
[2025-01-31T12:10:15.605+0700] {logging_mixin.py:190} INFO - [2025-01-31T12:10:15.604+0700] {override.py:1912} INFO - Created Permission View: can create on DAG Run:dataset_consumes_unknown_never_scheduled
[2025-01-31T12:10:15.656+0700] {logging_mixin.py:190} INFO - [2025-01-31T12:10:15.656+0700] {override.py:1912} INFO - Created Permission View: can edit on DAG:dataset_produces_2
[2025-01-31T12:10:15.678+0700] {logging_mixin.py:190} INFO - [2025-01-31T12:10:15.677+0700] {override.py:1912} INFO - Created Permission View: can delete on DAG:dataset_produces_2
[2025-01-31T12:10:15.703+0700] {logging_mixin.py:190} INFO - [2025-01-31T12:10:15.702+0700] {override.py:1912} INFO - Created Permission View: can read on DAG:dataset_produces_2
[2025-01-31T12:10:15.743+0700] {logging_mixin.py:190} INFO - [2025-01-31T12:10:15.742+0700] {override.py:1912} INFO - Created Permission View: can delete on DAG Run:dataset_produces_2
[2025-01-31T12:10:15.767+0700] {logging_mixin.py:190} INFO - [2025-01-31T12:10:15.767+0700] {override.py:1912} INFO - Created Permission View: menu access on DAG Run:dataset_produces_2
[2025-01-31T12:10:15.786+0700] {logging_mixin.py:190} INFO - [2025-01-31T12:10:15.786+0700] {override.py:1912} INFO - Created Permission View: can read on DAG Run:dataset_produces_2
[2025-01-31T12:10:15.810+0700] {logging_mixin.py:190} INFO - [2025-01-31T12:10:15.809+0700] {override.py:1912} INFO - Created Permission View: can create on DAG Run:dataset_produces_2
[2025-01-31T12:10:15.810+0700] {logging_mixin.py:190} INFO - [2025-01-31T12:10:15.810+0700] {dag.py:3239} INFO - Sync 10 DAGs
[2025-01-31T12:10:15.821+0700] {logging_mixin.py:190} INFO - [2025-01-31T12:10:15.821+0700] {dag.py:3262} INFO - Creating ORM DAG for consume_1_and_2_with_dataset_expressions
[2025-01-31T12:10:15.822+0700] {logging_mixin.py:190} INFO - [2025-01-31T12:10:15.822+0700] {dag.py:3262} INFO - Creating ORM DAG for conditional_dataset_and_time_based_timetable
[2025-01-31T12:10:15.823+0700] {logging_mixin.py:190} INFO - [2025-01-31T12:10:15.823+0700] {dag.py:3262} INFO - Creating ORM DAG for consume_1_or_both_2_and_3_with_dataset_expressions
[2025-01-31T12:10:15.823+0700] {logging_mixin.py:190} INFO - [2025-01-31T12:10:15.823+0700] {dag.py:3262} INFO - Creating ORM DAG for dataset_produces_1
[2025-01-31T12:10:15.823+0700] {logging_mixin.py:190} INFO - [2025-01-31T12:10:15.823+0700] {dag.py:3262} INFO - Creating ORM DAG for consume_1_or_2_with_dataset_expressions
[2025-01-31T12:10:15.824+0700] {logging_mixin.py:190} INFO - [2025-01-31T12:10:15.824+0700] {dag.py:3262} INFO - Creating ORM DAG for dataset_consumes_1
[2025-01-31T12:10:15.824+0700] {logging_mixin.py:190} INFO - [2025-01-31T12:10:15.824+0700] {dag.py:3262} INFO - Creating ORM DAG for dataset_consumes_unknown_never_scheduled
[2025-01-31T12:10:15.825+0700] {logging_mixin.py:190} INFO - [2025-01-31T12:10:15.825+0700] {dag.py:3262} INFO - Creating ORM DAG for dataset_consumes_1_never_scheduled
[2025-01-31T12:10:15.825+0700] {logging_mixin.py:190} INFO - [2025-01-31T12:10:15.825+0700] {dag.py:3262} INFO - Creating ORM DAG for dataset_consumes_1_and_2
[2025-01-31T12:10:15.826+0700] {logging_mixin.py:190} INFO - [2025-01-31T12:10:15.826+0700] {dag.py:3262} INFO - Creating ORM DAG for dataset_produces_2
[2025-01-31T12:10:15.833+0700] {logging_mixin.py:190} INFO - [2025-01-31T12:10:15.832+0700] {dag.py:4180} INFO - Setting next_dagrun for conditional_dataset_and_time_based_timetable to 2025-01-29 01:00:00+00:00, run_after=2025-01-29 01:00:00+00:00
[2025-01-31T12:10:15.833+0700] {logging_mixin.py:190} INFO - [2025-01-31T12:10:15.833+0700] {dag.py:4180} INFO - Setting next_dagrun for consume_1_and_2_with_dataset_expressions to None, run_after=None
[2025-01-31T12:10:15.833+0700] {logging_mixin.py:190} INFO - [2025-01-31T12:10:15.833+0700] {dag.py:4180} INFO - Setting next_dagrun for consume_1_or_2_with_dataset_expressions to None, run_after=None
[2025-01-31T12:10:15.834+0700] {logging_mixin.py:190} INFO - [2025-01-31T12:10:15.834+0700] {dag.py:4180} INFO - Setting next_dagrun for consume_1_or_both_2_and_3_with_dataset_expressions to None, run_after=None
[2025-01-31T12:10:15.834+0700] {logging_mixin.py:190} INFO - [2025-01-31T12:10:15.834+0700] {dag.py:4180} INFO - Setting next_dagrun for dataset_consumes_1 to None, run_after=None
[2025-01-31T12:10:15.834+0700] {logging_mixin.py:190} INFO - [2025-01-31T12:10:15.834+0700] {dag.py:4180} INFO - Setting next_dagrun for dataset_consumes_1_and_2 to None, run_after=None
[2025-01-31T12:10:15.835+0700] {logging_mixin.py:190} INFO - [2025-01-31T12:10:15.835+0700] {dag.py:4180} INFO - Setting next_dagrun for dataset_consumes_1_never_scheduled to None, run_after=None
[2025-01-31T12:10:15.835+0700] {logging_mixin.py:190} INFO - [2025-01-31T12:10:15.835+0700] {dag.py:4180} INFO - Setting next_dagrun for dataset_consumes_unknown_never_scheduled to None, run_after=None
[2025-01-31T12:10:15.836+0700] {logging_mixin.py:190} INFO - [2025-01-31T12:10:15.836+0700] {dag.py:4180} INFO - Setting next_dagrun for dataset_produces_1 to 2025-01-30 00:00:00+00:00, run_after=2025-01-31 00:00:00+00:00
[2025-01-31T12:10:15.837+0700] {logging_mixin.py:190} INFO - [2025-01-31T12:10:15.837+0700] {dag.py:4180} INFO - Setting next_dagrun for dataset_produces_2 to None, run_after=None
[2025-01-31T12:10:15.902+0700] {processor.py:208} INFO - Processing /home/vmphat/miniconda3/envs/ds-env/lib/python3.11/site-packages/airflow/example_dags/example_datasets.py took 2.097 seconds
