[2025-01-31T12:09:52.516+0700] {processor.py:186} INFO - Started process (PID=11847) to work on /home/vmphat/miniconda3/envs/ds-env/lib/python3.11/site-packages/airflow/example_dags/example_inlet_event_extra.py
[2025-01-31T12:09:52.517+0700] {processor.py:914} INFO - Processing file /home/vmphat/miniconda3/envs/ds-env/lib/python3.11/site-packages/airflow/example_dags/example_inlet_event_extra.py for tasks to queue
[2025-01-31T12:09:52.520+0700] {logging_mixin.py:190} INFO - [2025-01-31T12:09:52.519+0700] {dagbag.py:588} INFO - Filling up the DagBag from /home/vmphat/miniconda3/envs/ds-env/lib/python3.11/site-packages/airflow/example_dags/example_inlet_event_extra.py
[2025-01-31T12:09:52.533+0700] {processor.py:925} INFO - DAG(s) 'read_dataset_event_from_classic', 'read_dataset_event' retrieved from /home/vmphat/miniconda3/envs/ds-env/lib/python3.11/site-packages/airflow/example_dags/example_inlet_event_extra.py
[2025-01-31T12:09:52.820+0700] {logging_mixin.py:190} INFO - [2025-01-31T12:09:52.819+0700] {override.py:1912} INFO - Created Permission View: can edit on DAG:read_dataset_event_from_classic
[2025-01-31T12:09:52.895+0700] {logging_mixin.py:190} INFO - [2025-01-31T12:09:52.895+0700] {override.py:1912} INFO - Created Permission View: can delete on DAG:read_dataset_event_from_classic
[2025-01-31T12:09:52.934+0700] {logging_mixin.py:190} INFO - [2025-01-31T12:09:52.934+0700] {override.py:1912} INFO - Created Permission View: can read on DAG:read_dataset_event_from_classic
[2025-01-31T12:09:52.969+0700] {logging_mixin.py:190} INFO - [2025-01-31T12:09:52.969+0700] {override.py:1912} INFO - Created Permission View: can delete on DAG Run:read_dataset_event_from_classic
[2025-01-31T12:09:52.989+0700] {logging_mixin.py:190} INFO - [2025-01-31T12:09:52.989+0700] {override.py:1912} INFO - Created Permission View: menu access on DAG Run:read_dataset_event_from_classic
[2025-01-31T12:09:53.012+0700] {logging_mixin.py:190} INFO - [2025-01-31T12:09:53.011+0700] {override.py:1912} INFO - Created Permission View: can read on DAG Run:read_dataset_event_from_classic
[2025-01-31T12:09:53.033+0700] {logging_mixin.py:190} INFO - [2025-01-31T12:09:53.033+0700] {override.py:1912} INFO - Created Permission View: can create on DAG Run:read_dataset_event_from_classic
[2025-01-31T12:09:53.073+0700] {logging_mixin.py:190} INFO - [2025-01-31T12:09:53.073+0700] {override.py:1912} INFO - Created Permission View: can edit on DAG:read_dataset_event
[2025-01-31T12:09:53.095+0700] {logging_mixin.py:190} INFO - [2025-01-31T12:09:53.094+0700] {override.py:1912} INFO - Created Permission View: can delete on DAG:read_dataset_event
[2025-01-31T12:09:53.117+0700] {logging_mixin.py:190} INFO - [2025-01-31T12:09:53.117+0700] {override.py:1912} INFO - Created Permission View: can read on DAG:read_dataset_event
[2025-01-31T12:09:53.153+0700] {logging_mixin.py:190} INFO - [2025-01-31T12:09:53.153+0700] {override.py:1912} INFO - Created Permission View: can delete on DAG Run:read_dataset_event
[2025-01-31T12:09:53.173+0700] {logging_mixin.py:190} INFO - [2025-01-31T12:09:53.173+0700] {override.py:1912} INFO - Created Permission View: menu access on DAG Run:read_dataset_event
[2025-01-31T12:09:53.196+0700] {logging_mixin.py:190} INFO - [2025-01-31T12:09:53.195+0700] {override.py:1912} INFO - Created Permission View: can read on DAG Run:read_dataset_event
[2025-01-31T12:09:53.218+0700] {logging_mixin.py:190} INFO - [2025-01-31T12:09:53.218+0700] {override.py:1912} INFO - Created Permission View: can create on DAG Run:read_dataset_event
[2025-01-31T12:09:53.219+0700] {logging_mixin.py:190} INFO - [2025-01-31T12:09:53.218+0700] {dag.py:3239} INFO - Sync 2 DAGs
[2025-01-31T12:09:53.233+0700] {logging_mixin.py:190} INFO - [2025-01-31T12:09:53.233+0700] {dag.py:3262} INFO - Creating ORM DAG for read_dataset_event_from_classic
[2025-01-31T12:09:53.233+0700] {logging_mixin.py:190} INFO - [2025-01-31T12:09:53.233+0700] {dag.py:3262} INFO - Creating ORM DAG for read_dataset_event
[2025-01-31T12:09:53.242+0700] {logging_mixin.py:190} INFO - [2025-01-31T12:09:53.241+0700] {dag.py:4180} INFO - Setting next_dagrun for read_dataset_event to 2025-01-30 00:00:00+00:00, run_after=2025-01-31 00:00:00+00:00
[2025-01-31T12:09:53.244+0700] {logging_mixin.py:190} INFO - [2025-01-31T12:09:53.244+0700] {dag.py:4180} INFO - Setting next_dagrun for read_dataset_event_from_classic to 2025-01-30 00:00:00+00:00, run_after=2025-01-31 00:00:00+00:00
[2025-01-31T12:09:53.288+0700] {processor.py:208} INFO - Processing /home/vmphat/miniconda3/envs/ds-env/lib/python3.11/site-packages/airflow/example_dags/example_inlet_event_extra.py took 0.778 seconds
[2025-01-31T12:19:50.935+0700] {processor.py:186} INFO - Started process (PID=13394) to work on /home/vmphat/miniconda3/envs/ds-env/lib/python3.11/site-packages/airflow/example_dags/example_inlet_event_extra.py
[2025-01-31T12:19:50.936+0700] {processor.py:914} INFO - Processing file /home/vmphat/miniconda3/envs/ds-env/lib/python3.11/site-packages/airflow/example_dags/example_inlet_event_extra.py for tasks to queue
[2025-01-31T12:19:50.937+0700] {logging_mixin.py:190} INFO - [2025-01-31T12:19:50.937+0700] {dagbag.py:588} INFO - Filling up the DagBag from /home/vmphat/miniconda3/envs/ds-env/lib/python3.11/site-packages/airflow/example_dags/example_inlet_event_extra.py
[2025-01-31T12:19:50.947+0700] {processor.py:925} INFO - DAG(s) 'read_dataset_event', 'read_dataset_event_from_classic' retrieved from /home/vmphat/miniconda3/envs/ds-env/lib/python3.11/site-packages/airflow/example_dags/example_inlet_event_extra.py
[2025-01-31T12:19:50.967+0700] {logging_mixin.py:190} INFO - [2025-01-31T12:19:50.967+0700] {dag.py:3239} INFO - Sync 2 DAGs
[2025-01-31T12:19:51.086+0700] {logging_mixin.py:190} INFO - [2025-01-31T12:19:51.086+0700] {dag.py:4180} INFO - Setting next_dagrun for read_dataset_event to 2025-01-30 00:00:00+00:00, run_after=2025-01-31 00:00:00+00:00
[2025-01-31T12:19:51.091+0700] {logging_mixin.py:190} INFO - [2025-01-31T12:19:51.091+0700] {dag.py:4180} INFO - Setting next_dagrun for read_dataset_event_from_classic to 2025-01-30 00:00:00+00:00, run_after=2025-01-31 00:00:00+00:00
[2025-01-31T12:19:51.125+0700] {processor.py:208} INFO - Processing /home/vmphat/miniconda3/envs/ds-env/lib/python3.11/site-packages/airflow/example_dags/example_inlet_event_extra.py took 0.195 seconds
