[2025-01-31T12:09:00.575+0700] {processor.py:186} INFO - Started process (PID=11788) to work on /home/vmphat/miniconda3/envs/ds-env/lib/python3.11/site-packages/airflow/example_dags/example_subdag_operator.py
[2025-01-31T12:09:00.575+0700] {processor.py:914} INFO - Processing file /home/vmphat/miniconda3/envs/ds-env/lib/python3.11/site-packages/airflow/example_dags/example_subdag_operator.py for tasks to queue
[2025-01-31T12:09:00.577+0700] {logging_mixin.py:190} INFO - [2025-01-31T12:09:00.577+0700] {dagbag.py:588} INFO - Filling up the DagBag from /home/vmphat/miniconda3/envs/ds-env/lib/python3.11/site-packages/airflow/example_dags/example_subdag_operator.py
[2025-01-31T12:09:00.613+0700] {processor.py:925} INFO - DAG(s) 'example_subdag_operator.section-1', 'example_subdag_operator.section-2', 'example_subdag_operator' retrieved from /home/vmphat/miniconda3/envs/ds-env/lib/python3.11/site-packages/airflow/example_dags/example_subdag_operator.py
[2025-01-31T12:09:00.822+0700] {logging_mixin.py:190} INFO - [2025-01-31T12:09:00.821+0700] {override.py:1912} INFO - Created Permission View: can edit on DAG:example_subdag_operator
[2025-01-31T12:09:00.841+0700] {logging_mixin.py:190} INFO - [2025-01-31T12:09:00.841+0700] {override.py:1912} INFO - Created Permission View: can delete on DAG:example_subdag_operator
[2025-01-31T12:09:00.858+0700] {logging_mixin.py:190} INFO - [2025-01-31T12:09:00.858+0700] {override.py:1912} INFO - Created Permission View: can read on DAG:example_subdag_operator
[2025-01-31T12:09:00.885+0700] {logging_mixin.py:190} INFO - [2025-01-31T12:09:00.885+0700] {override.py:1912} INFO - Created Permission View: can delete on DAG Run:example_subdag_operator
[2025-01-31T12:09:00.902+0700] {logging_mixin.py:190} INFO - [2025-01-31T12:09:00.902+0700] {override.py:1912} INFO - Created Permission View: menu access on DAG Run:example_subdag_operator
[2025-01-31T12:09:00.920+0700] {logging_mixin.py:190} INFO - [2025-01-31T12:09:00.919+0700] {override.py:1912} INFO - Created Permission View: can read on DAG Run:example_subdag_operator
[2025-01-31T12:09:00.936+0700] {logging_mixin.py:190} INFO - [2025-01-31T12:09:00.936+0700] {override.py:1912} INFO - Created Permission View: can create on DAG Run:example_subdag_operator
[2025-01-31T12:09:00.936+0700] {logging_mixin.py:190} INFO - [2025-01-31T12:09:00.936+0700] {dag.py:3239} INFO - Sync 3 DAGs
[2025-01-31T12:09:00.946+0700] {logging_mixin.py:190} INFO - [2025-01-31T12:09:00.946+0700] {dag.py:3262} INFO - Creating ORM DAG for example_subdag_operator
[2025-01-31T12:09:00.947+0700] {logging_mixin.py:190} INFO - [2025-01-31T12:09:00.946+0700] {dag.py:3262} INFO - Creating ORM DAG for example_subdag_operator.section-2
[2025-01-31T12:09:00.947+0700] {logging_mixin.py:190} INFO - [2025-01-31T12:09:00.947+0700] {dag.py:3262} INFO - Creating ORM DAG for example_subdag_operator.section-1
[2025-01-31T12:09:00.953+0700] {logging_mixin.py:190} INFO - [2025-01-31T12:09:00.953+0700] {dag.py:4180} INFO - Setting next_dagrun for example_subdag_operator to 2022-01-01 00:00:00+00:00, run_after=2022-01-01 00:00:00+00:00
[2025-01-31T12:09:00.953+0700] {logging_mixin.py:190} INFO - [2025-01-31T12:09:00.953+0700] {dag.py:4180} INFO - Setting next_dagrun for example_subdag_operator.section-1 to None, run_after=None
[2025-01-31T12:09:00.954+0700] {logging_mixin.py:190} INFO - [2025-01-31T12:09:00.954+0700] {dag.py:4180} INFO - Setting next_dagrun for example_subdag_operator.section-2 to None, run_after=None
[2025-01-31T12:09:00.963+0700] {logging_mixin.py:190} INFO - [2025-01-31T12:09:00.963+0700] {dag.py:3239} INFO - Sync 2 DAGs
[2025-01-31T12:09:00.966+0700] {logging_mixin.py:190} INFO - [2025-01-31T12:09:00.966+0700] {dag.py:4180} INFO - Setting next_dagrun for example_subdag_operator.section-1 to None, run_after=None
[2025-01-31T12:09:00.967+0700] {logging_mixin.py:190} INFO - [2025-01-31T12:09:00.967+0700] {dag.py:4180} INFO - Setting next_dagrun for example_subdag_operator.section-2 to None, run_after=None
[2025-01-31T12:09:00.989+0700] {processor.py:208} INFO - Processing /home/vmphat/miniconda3/envs/ds-env/lib/python3.11/site-packages/airflow/example_dags/example_subdag_operator.py took 0.418 seconds
[2025-01-31T12:10:22.821+0700] {processor.py:186} INFO - Started process (PID=11870) to work on /home/vmphat/miniconda3/envs/ds-env/lib/python3.11/site-packages/airflow/example_dags/example_subdag_operator.py
[2025-01-31T12:10:22.822+0700] {processor.py:914} INFO - Processing file /home/vmphat/miniconda3/envs/ds-env/lib/python3.11/site-packages/airflow/example_dags/example_subdag_operator.py for tasks to queue
[2025-01-31T12:10:22.824+0700] {logging_mixin.py:190} INFO - [2025-01-31T12:10:22.824+0700] {dagbag.py:588} INFO - Filling up the DagBag from /home/vmphat/miniconda3/envs/ds-env/lib/python3.11/site-packages/airflow/example_dags/example_subdag_operator.py
[2025-01-31T12:10:22.862+0700] {processor.py:925} INFO - DAG(s) 'example_subdag_operator.section-1', 'example_subdag_operator.section-2', 'example_subdag_operator' retrieved from /home/vmphat/miniconda3/envs/ds-env/lib/python3.11/site-packages/airflow/example_dags/example_subdag_operator.py
[2025-01-31T12:10:22.979+0700] {logging_mixin.py:190} INFO - [2025-01-31T12:10:22.978+0700] {dag.py:3239} INFO - Sync 3 DAGs
[2025-01-31T12:10:22.995+0700] {logging_mixin.py:190} INFO - [2025-01-31T12:10:22.995+0700] {dag.py:4180} INFO - Setting next_dagrun for example_subdag_operator to 2022-01-01 00:00:00+00:00, run_after=2022-01-01 00:00:00+00:00
[2025-01-31T12:10:22.998+0700] {logging_mixin.py:190} INFO - [2025-01-31T12:10:22.998+0700] {dag.py:4180} INFO - Setting next_dagrun for example_subdag_operator.section-1 to None, run_after=None
[2025-01-31T12:10:23.000+0700] {logging_mixin.py:190} INFO - [2025-01-31T12:10:23.000+0700] {dag.py:4180} INFO - Setting next_dagrun for example_subdag_operator.section-2 to None, run_after=None
[2025-01-31T12:10:23.010+0700] {logging_mixin.py:190} INFO - [2025-01-31T12:10:23.010+0700] {dag.py:3239} INFO - Sync 2 DAGs
[2025-01-31T12:10:23.013+0700] {logging_mixin.py:190} INFO - [2025-01-31T12:10:23.013+0700] {dag.py:4180} INFO - Setting next_dagrun for example_subdag_operator.section-1 to None, run_after=None
[2025-01-31T12:10:23.014+0700] {logging_mixin.py:190} INFO - [2025-01-31T12:10:23.014+0700] {dag.py:4180} INFO - Setting next_dagrun for example_subdag_operator.section-2 to None, run_after=None
[2025-01-31T12:10:23.039+0700] {processor.py:208} INFO - Processing /home/vmphat/miniconda3/envs/ds-env/lib/python3.11/site-packages/airflow/example_dags/example_subdag_operator.py took 0.224 seconds
[2025-01-31T12:19:08.840+0700] {processor.py:186} INFO - Started process (PID=13357) to work on /home/vmphat/miniconda3/envs/ds-env/lib/python3.11/site-packages/airflow/example_dags/example_subdag_operator.py
[2025-01-31T12:19:08.841+0700] {processor.py:914} INFO - Processing file /home/vmphat/miniconda3/envs/ds-env/lib/python3.11/site-packages/airflow/example_dags/example_subdag_operator.py for tasks to queue
[2025-01-31T12:19:08.844+0700] {logging_mixin.py:190} INFO - [2025-01-31T12:19:08.844+0700] {dagbag.py:588} INFO - Filling up the DagBag from /home/vmphat/miniconda3/envs/ds-env/lib/python3.11/site-packages/airflow/example_dags/example_subdag_operator.py
[2025-01-31T12:19:08.875+0700] {processor.py:925} INFO - DAG(s) 'example_subdag_operator.section-1', 'example_subdag_operator.section-2', 'example_subdag_operator' retrieved from /home/vmphat/miniconda3/envs/ds-env/lib/python3.11/site-packages/airflow/example_dags/example_subdag_operator.py
[2025-01-31T12:19:08.896+0700] {logging_mixin.py:190} INFO - [2025-01-31T12:19:08.895+0700] {dag.py:3239} INFO - Sync 3 DAGs
[2025-01-31T12:19:08.913+0700] {logging_mixin.py:190} INFO - [2025-01-31T12:19:08.912+0700] {dag.py:4180} INFO - Setting next_dagrun for example_subdag_operator to 2022-01-01 00:00:00+00:00, run_after=2022-01-01 00:00:00+00:00
[2025-01-31T12:19:08.915+0700] {logging_mixin.py:190} INFO - [2025-01-31T12:19:08.915+0700] {dag.py:4180} INFO - Setting next_dagrun for example_subdag_operator.section-1 to None, run_after=None
[2025-01-31T12:19:08.917+0700] {logging_mixin.py:190} INFO - [2025-01-31T12:19:08.917+0700] {dag.py:4180} INFO - Setting next_dagrun for example_subdag_operator.section-2 to None, run_after=None
[2025-01-31T12:19:08.927+0700] {logging_mixin.py:190} INFO - [2025-01-31T12:19:08.927+0700] {dag.py:3239} INFO - Sync 2 DAGs
[2025-01-31T12:19:08.930+0700] {logging_mixin.py:190} INFO - [2025-01-31T12:19:08.930+0700] {dag.py:4180} INFO - Setting next_dagrun for example_subdag_operator.section-1 to None, run_after=None
[2025-01-31T12:19:08.930+0700] {logging_mixin.py:190} INFO - [2025-01-31T12:19:08.930+0700] {dag.py:4180} INFO - Setting next_dagrun for example_subdag_operator.section-2 to None, run_after=None
[2025-01-31T12:19:08.955+0700] {processor.py:208} INFO - Processing /home/vmphat/miniconda3/envs/ds-env/lib/python3.11/site-packages/airflow/example_dags/example_subdag_operator.py took 0.121 seconds
