[2025-01-31T12:09:55.262+0700] {processor.py:186} INFO - Started process (PID=11850) to work on /home/vmphat/miniconda3/envs/ds-env/lib/python3.11/site-packages/airflow/example_dags/example_branch_python_dop_operator_3.py
[2025-01-31T12:09:55.263+0700] {processor.py:914} INFO - Processing file /home/vmphat/miniconda3/envs/ds-env/lib/python3.11/site-packages/airflow/example_dags/example_branch_python_dop_operator_3.py for tasks to queue
[2025-01-31T12:09:55.265+0700] {logging_mixin.py:190} INFO - [2025-01-31T12:09:55.265+0700] {dagbag.py:588} INFO - Filling up the DagBag from /home/vmphat/miniconda3/envs/ds-env/lib/python3.11/site-packages/airflow/example_dags/example_branch_python_dop_operator_3.py
[2025-01-31T12:09:55.275+0700] {processor.py:925} INFO - DAG(s) 'example_branch_dop_operator_v3' retrieved from /home/vmphat/miniconda3/envs/ds-env/lib/python3.11/site-packages/airflow/example_dags/example_branch_python_dop_operator_3.py
[2025-01-31T12:09:55.499+0700] {logging_mixin.py:190} INFO - [2025-01-31T12:09:55.498+0700] {override.py:1912} INFO - Created Permission View: can edit on DAG:example_branch_dop_operator_v3
[2025-01-31T12:09:55.520+0700] {logging_mixin.py:190} INFO - [2025-01-31T12:09:55.519+0700] {override.py:1912} INFO - Created Permission View: can delete on DAG:example_branch_dop_operator_v3
[2025-01-31T12:09:55.537+0700] {logging_mixin.py:190} INFO - [2025-01-31T12:09:55.536+0700] {override.py:1912} INFO - Created Permission View: can read on DAG:example_branch_dop_operator_v3
[2025-01-31T12:09:55.565+0700] {logging_mixin.py:190} INFO - [2025-01-31T12:09:55.565+0700] {override.py:1912} INFO - Created Permission View: can delete on DAG Run:example_branch_dop_operator_v3
[2025-01-31T12:09:55.582+0700] {logging_mixin.py:190} INFO - [2025-01-31T12:09:55.582+0700] {override.py:1912} INFO - Created Permission View: menu access on DAG Run:example_branch_dop_operator_v3
[2025-01-31T12:09:55.600+0700] {logging_mixin.py:190} INFO - [2025-01-31T12:09:55.600+0700] {override.py:1912} INFO - Created Permission View: can read on DAG Run:example_branch_dop_operator_v3
[2025-01-31T12:09:55.618+0700] {logging_mixin.py:190} INFO - [2025-01-31T12:09:55.617+0700] {override.py:1912} INFO - Created Permission View: can create on DAG Run:example_branch_dop_operator_v3
[2025-01-31T12:09:55.618+0700] {logging_mixin.py:190} INFO - [2025-01-31T12:09:55.618+0700] {dag.py:3239} INFO - Sync 1 DAGs
[2025-01-31T12:09:55.629+0700] {logging_mixin.py:190} INFO - [2025-01-31T12:09:55.629+0700] {dag.py:3262} INFO - Creating ORM DAG for example_branch_dop_operator_v3
[2025-01-31T12:09:55.638+0700] {logging_mixin.py:190} INFO - [2025-01-31T12:09:55.638+0700] {dag.py:4180} INFO - Setting next_dagrun for example_branch_dop_operator_v3 to 2025-01-31 05:08:00+00:00, run_after=2025-01-31 05:09:00+00:00
[2025-01-31T12:09:55.669+0700] {processor.py:208} INFO - Processing /home/vmphat/miniconda3/envs/ds-env/lib/python3.11/site-packages/airflow/example_dags/example_branch_python_dop_operator_3.py took 0.411 seconds
[2025-01-31T12:19:53.584+0700] {processor.py:186} INFO - Started process (PID=13397) to work on /home/vmphat/miniconda3/envs/ds-env/lib/python3.11/site-packages/airflow/example_dags/example_branch_python_dop_operator_3.py
[2025-01-31T12:19:53.585+0700] {processor.py:914} INFO - Processing file /home/vmphat/miniconda3/envs/ds-env/lib/python3.11/site-packages/airflow/example_dags/example_branch_python_dop_operator_3.py for tasks to queue
[2025-01-31T12:19:53.587+0700] {logging_mixin.py:190} INFO - [2025-01-31T12:19:53.587+0700] {dagbag.py:588} INFO - Filling up the DagBag from /home/vmphat/miniconda3/envs/ds-env/lib/python3.11/site-packages/airflow/example_dags/example_branch_python_dop_operator_3.py
[2025-01-31T12:19:53.595+0700] {processor.py:925} INFO - DAG(s) 'example_branch_dop_operator_v3' retrieved from /home/vmphat/miniconda3/envs/ds-env/lib/python3.11/site-packages/airflow/example_dags/example_branch_python_dop_operator_3.py
[2025-01-31T12:19:53.627+0700] {logging_mixin.py:190} INFO - [2025-01-31T12:19:53.627+0700] {dag.py:3239} INFO - Sync 1 DAGs
[2025-01-31T12:19:53.756+0700] {logging_mixin.py:190} INFO - [2025-01-31T12:19:53.756+0700] {dag.py:4180} INFO - Setting next_dagrun for example_branch_dop_operator_v3 to 2025-01-31 05:18:00+00:00, run_after=2025-01-31 05:19:00+00:00
[2025-01-31T12:19:53.831+0700] {processor.py:208} INFO - Processing /home/vmphat/miniconda3/envs/ds-env/lib/python3.11/site-packages/airflow/example_dags/example_branch_python_dop_operator_3.py took 0.251 seconds
