[2025-01-31T12:09:03.930+0700] {processor.py:186} INFO - Started process (PID=11790) to work on /home/vmphat/miniconda3/envs/ds-env/lib/python3.11/site-packages/airflow/example_dags/tutorial_dag.py
[2025-01-31T12:09:03.931+0700] {processor.py:914} INFO - Processing file /home/vmphat/miniconda3/envs/ds-env/lib/python3.11/site-packages/airflow/example_dags/tutorial_dag.py for tasks to queue
[2025-01-31T12:09:03.933+0700] {logging_mixin.py:190} INFO - [2025-01-31T12:09:03.932+0700] {dagbag.py:588} INFO - Filling up the DagBag from /home/vmphat/miniconda3/envs/ds-env/lib/python3.11/site-packages/airflow/example_dags/tutorial_dag.py
[2025-01-31T12:09:03.938+0700] {processor.py:925} INFO - DAG(s) 'tutorial_dag' retrieved from /home/vmphat/miniconda3/envs/ds-env/lib/python3.11/site-packages/airflow/example_dags/tutorial_dag.py
[2025-01-31T12:09:04.172+0700] {logging_mixin.py:190} INFO - [2025-01-31T12:09:04.172+0700] {override.py:1912} INFO - Created Permission View: can edit on DAG:tutorial_dag
[2025-01-31T12:09:04.195+0700] {logging_mixin.py:190} INFO - [2025-01-31T12:09:04.195+0700] {override.py:1912} INFO - Created Permission View: can delete on DAG:tutorial_dag
[2025-01-31T12:09:04.212+0700] {logging_mixin.py:190} INFO - [2025-01-31T12:09:04.212+0700] {override.py:1912} INFO - Created Permission View: can read on DAG:tutorial_dag
[2025-01-31T12:09:04.241+0700] {logging_mixin.py:190} INFO - [2025-01-31T12:09:04.240+0700] {override.py:1912} INFO - Created Permission View: can delete on DAG Run:tutorial_dag
[2025-01-31T12:09:04.259+0700] {logging_mixin.py:190} INFO - [2025-01-31T12:09:04.258+0700] {override.py:1912} INFO - Created Permission View: menu access on DAG Run:tutorial_dag
[2025-01-31T12:09:04.276+0700] {logging_mixin.py:190} INFO - [2025-01-31T12:09:04.276+0700] {override.py:1912} INFO - Created Permission View: can read on DAG Run:tutorial_dag
[2025-01-31T12:09:04.293+0700] {logging_mixin.py:190} INFO - [2025-01-31T12:09:04.293+0700] {override.py:1912} INFO - Created Permission View: can create on DAG Run:tutorial_dag
[2025-01-31T12:09:04.294+0700] {logging_mixin.py:190} INFO - [2025-01-31T12:09:04.294+0700] {dag.py:3239} INFO - Sync 1 DAGs
[2025-01-31T12:09:04.304+0700] {logging_mixin.py:190} INFO - [2025-01-31T12:09:04.304+0700] {dag.py:3262} INFO - Creating ORM DAG for tutorial_dag
[2025-01-31T12:09:04.305+0700] {logging_mixin.py:190} INFO - [2025-01-31T12:09:04.305+0700] {dag.py:4180} INFO - Setting next_dagrun for tutorial_dag to None, run_after=None
[2025-01-31T12:09:04.336+0700] {processor.py:208} INFO - Processing /home/vmphat/miniconda3/envs/ds-env/lib/python3.11/site-packages/airflow/example_dags/tutorial_dag.py took 0.410 seconds
[2025-01-31T12:10:25.288+0700] {processor.py:186} INFO - Started process (PID=11872) to work on /home/vmphat/miniconda3/envs/ds-env/lib/python3.11/site-packages/airflow/example_dags/tutorial_dag.py
[2025-01-31T12:10:25.290+0700] {processor.py:914} INFO - Processing file /home/vmphat/miniconda3/envs/ds-env/lib/python3.11/site-packages/airflow/example_dags/tutorial_dag.py for tasks to queue
[2025-01-31T12:10:25.293+0700] {logging_mixin.py:190} INFO - [2025-01-31T12:10:25.292+0700] {dagbag.py:588} INFO - Filling up the DagBag from /home/vmphat/miniconda3/envs/ds-env/lib/python3.11/site-packages/airflow/example_dags/tutorial_dag.py
[2025-01-31T12:10:25.298+0700] {processor.py:925} INFO - DAG(s) 'tutorial_dag' retrieved from /home/vmphat/miniconda3/envs/ds-env/lib/python3.11/site-packages/airflow/example_dags/tutorial_dag.py
[2025-01-31T12:10:25.429+0700] {logging_mixin.py:190} INFO - [2025-01-31T12:10:25.429+0700] {dag.py:3239} INFO - Sync 1 DAGs
[2025-01-31T12:10:25.444+0700] {logging_mixin.py:190} INFO - [2025-01-31T12:10:25.444+0700] {dag.py:4180} INFO - Setting next_dagrun for tutorial_dag to None, run_after=None
[2025-01-31T12:10:25.510+0700] {processor.py:208} INFO - Processing /home/vmphat/miniconda3/envs/ds-env/lib/python3.11/site-packages/airflow/example_dags/tutorial_dag.py took 0.225 seconds
[2025-01-31T12:19:11.284+0700] {processor.py:186} INFO - Started process (PID=13359) to work on /home/vmphat/miniconda3/envs/ds-env/lib/python3.11/site-packages/airflow/example_dags/tutorial_dag.py
[2025-01-31T12:19:11.285+0700] {processor.py:914} INFO - Processing file /home/vmphat/miniconda3/envs/ds-env/lib/python3.11/site-packages/airflow/example_dags/tutorial_dag.py for tasks to queue
[2025-01-31T12:19:11.288+0700] {logging_mixin.py:190} INFO - [2025-01-31T12:19:11.287+0700] {dagbag.py:588} INFO - Filling up the DagBag from /home/vmphat/miniconda3/envs/ds-env/lib/python3.11/site-packages/airflow/example_dags/tutorial_dag.py
[2025-01-31T12:19:11.293+0700] {processor.py:925} INFO - DAG(s) 'tutorial_dag' retrieved from /home/vmphat/miniconda3/envs/ds-env/lib/python3.11/site-packages/airflow/example_dags/tutorial_dag.py
[2025-01-31T12:19:11.316+0700] {logging_mixin.py:190} INFO - [2025-01-31T12:19:11.316+0700] {dag.py:3239} INFO - Sync 1 DAGs
[2025-01-31T12:19:11.331+0700] {logging_mixin.py:190} INFO - [2025-01-31T12:19:11.331+0700] {dag.py:4180} INFO - Setting next_dagrun for tutorial_dag to None, run_after=None
[2025-01-31T12:19:11.385+0700] {processor.py:208} INFO - Processing /home/vmphat/miniconda3/envs/ds-env/lib/python3.11/site-packages/airflow/example_dags/tutorial_dag.py took 0.105 seconds
