[2025-01-31T12:09:29.796+0700] {processor.py:186} INFO - Started process (PID=11820) to work on /home/vmphat/miniconda3/envs/ds-env/lib/python3.11/site-packages/airflow/example_dags/tutorial_taskflow_api.py
[2025-01-31T12:09:29.797+0700] {processor.py:914} INFO - Processing file /home/vmphat/miniconda3/envs/ds-env/lib/python3.11/site-packages/airflow/example_dags/tutorial_taskflow_api.py for tasks to queue
[2025-01-31T12:09:29.799+0700] {logging_mixin.py:190} INFO - [2025-01-31T12:09:29.799+0700] {dagbag.py:588} INFO - Filling up the DagBag from /home/vmphat/miniconda3/envs/ds-env/lib/python3.11/site-packages/airflow/example_dags/tutorial_taskflow_api.py
[2025-01-31T12:09:29.806+0700] {processor.py:925} INFO - DAG(s) 'tutorial_taskflow_api' retrieved from /home/vmphat/miniconda3/envs/ds-env/lib/python3.11/site-packages/airflow/example_dags/tutorial_taskflow_api.py
[2025-01-31T12:09:30.018+0700] {logging_mixin.py:190} INFO - [2025-01-31T12:09:30.018+0700] {override.py:1912} INFO - Created Permission View: can edit on DAG:tutorial_taskflow_api
[2025-01-31T12:09:30.048+0700] {logging_mixin.py:190} INFO - [2025-01-31T12:09:30.048+0700] {override.py:1912} INFO - Created Permission View: can delete on DAG:tutorial_taskflow_api
[2025-01-31T12:09:30.066+0700] {logging_mixin.py:190} INFO - [2025-01-31T12:09:30.066+0700] {override.py:1912} INFO - Created Permission View: can read on DAG:tutorial_taskflow_api
[2025-01-31T12:09:30.104+0700] {logging_mixin.py:190} INFO - [2025-01-31T12:09:30.103+0700] {override.py:1912} INFO - Created Permission View: can delete on DAG Run:tutorial_taskflow_api
[2025-01-31T12:09:30.131+0700] {logging_mixin.py:190} INFO - [2025-01-31T12:09:30.131+0700] {override.py:1912} INFO - Created Permission View: menu access on DAG Run:tutorial_taskflow_api
[2025-01-31T12:09:30.160+0700] {logging_mixin.py:190} INFO - [2025-01-31T12:09:30.159+0700] {override.py:1912} INFO - Created Permission View: can read on DAG Run:tutorial_taskflow_api
[2025-01-31T12:09:30.200+0700] {logging_mixin.py:190} INFO - [2025-01-31T12:09:30.199+0700] {override.py:1912} INFO - Created Permission View: can create on DAG Run:tutorial_taskflow_api
[2025-01-31T12:09:30.200+0700] {logging_mixin.py:190} INFO - [2025-01-31T12:09:30.200+0700] {dag.py:3239} INFO - Sync 1 DAGs
[2025-01-31T12:09:30.219+0700] {logging_mixin.py:190} INFO - [2025-01-31T12:09:30.219+0700] {dag.py:3262} INFO - Creating ORM DAG for tutorial_taskflow_api
[2025-01-31T12:09:30.220+0700] {logging_mixin.py:190} INFO - [2025-01-31T12:09:30.220+0700] {dag.py:4180} INFO - Setting next_dagrun for tutorial_taskflow_api to None, run_after=None
[2025-01-31T12:09:30.290+0700] {processor.py:208} INFO - Processing /home/vmphat/miniconda3/envs/ds-env/lib/python3.11/site-packages/airflow/example_dags/tutorial_taskflow_api.py took 0.499 seconds
[2025-01-31T12:10:47.582+0700] {processor.py:186} INFO - Started process (PID=11891) to work on /home/vmphat/miniconda3/envs/ds-env/lib/python3.11/site-packages/airflow/example_dags/tutorial_taskflow_api.py
[2025-01-31T12:10:47.583+0700] {processor.py:914} INFO - Processing file /home/vmphat/miniconda3/envs/ds-env/lib/python3.11/site-packages/airflow/example_dags/tutorial_taskflow_api.py for tasks to queue
[2025-01-31T12:10:47.590+0700] {logging_mixin.py:190} INFO - [2025-01-31T12:10:47.588+0700] {dagbag.py:588} INFO - Filling up the DagBag from /home/vmphat/miniconda3/envs/ds-env/lib/python3.11/site-packages/airflow/example_dags/tutorial_taskflow_api.py
[2025-01-31T12:10:47.601+0700] {processor.py:925} INFO - DAG(s) 'tutorial_taskflow_api' retrieved from /home/vmphat/miniconda3/envs/ds-env/lib/python3.11/site-packages/airflow/example_dags/tutorial_taskflow_api.py
[2025-01-31T12:10:47.632+0700] {logging_mixin.py:190} INFO - [2025-01-31T12:10:47.631+0700] {dag.py:3239} INFO - Sync 1 DAGs
[2025-01-31T12:10:47.648+0700] {logging_mixin.py:190} INFO - [2025-01-31T12:10:47.648+0700] {dag.py:4180} INFO - Setting next_dagrun for tutorial_taskflow_api to None, run_after=None
[2025-01-31T12:10:47.699+0700] {processor.py:208} INFO - Processing /home/vmphat/miniconda3/envs/ds-env/lib/python3.11/site-packages/airflow/example_dags/tutorial_taskflow_api.py took 0.124 seconds
[2025-01-31T12:19:31.998+0700] {processor.py:186} INFO - Started process (PID=13378) to work on /home/vmphat/miniconda3/envs/ds-env/lib/python3.11/site-packages/airflow/example_dags/tutorial_taskflow_api.py
[2025-01-31T12:19:31.999+0700] {processor.py:914} INFO - Processing file /home/vmphat/miniconda3/envs/ds-env/lib/python3.11/site-packages/airflow/example_dags/tutorial_taskflow_api.py for tasks to queue
[2025-01-31T12:19:32.002+0700] {logging_mixin.py:190} INFO - [2025-01-31T12:19:32.002+0700] {dagbag.py:588} INFO - Filling up the DagBag from /home/vmphat/miniconda3/envs/ds-env/lib/python3.11/site-packages/airflow/example_dags/tutorial_taskflow_api.py
[2025-01-31T12:19:32.008+0700] {processor.py:925} INFO - DAG(s) 'tutorial_taskflow_api' retrieved from /home/vmphat/miniconda3/envs/ds-env/lib/python3.11/site-packages/airflow/example_dags/tutorial_taskflow_api.py
[2025-01-31T12:19:32.041+0700] {logging_mixin.py:190} INFO - [2025-01-31T12:19:32.041+0700] {dag.py:3239} INFO - Sync 1 DAGs
[2025-01-31T12:19:32.057+0700] {logging_mixin.py:190} INFO - [2025-01-31T12:19:32.056+0700] {dag.py:4180} INFO - Setting next_dagrun for tutorial_taskflow_api to None, run_after=None
[2025-01-31T12:19:32.108+0700] {processor.py:208} INFO - Processing /home/vmphat/miniconda3/envs/ds-env/lib/python3.11/site-packages/airflow/example_dags/tutorial_taskflow_api.py took 0.114 seconds
