[2025-01-31T12:09:18.459+0700] {processor.py:186} INFO - Started process (PID=11806) to work on /home/vmphat/miniconda3/envs/ds-env/lib/python3.11/site-packages/airflow/example_dags/tutorial_objectstorage.py
[2025-01-31T12:09:18.460+0700] {processor.py:914} INFO - Processing file /home/vmphat/miniconda3/envs/ds-env/lib/python3.11/site-packages/airflow/example_dags/tutorial_objectstorage.py for tasks to queue
[2025-01-31T12:09:18.462+0700] {logging_mixin.py:190} INFO - [2025-01-31T12:09:18.462+0700] {dagbag.py:588} INFO - Filling up the DagBag from /home/vmphat/miniconda3/envs/ds-env/lib/python3.11/site-packages/airflow/example_dags/tutorial_objectstorage.py
[2025-01-31T12:09:18.474+0700] {processor.py:925} INFO - DAG(s) 'tutorial_objectstorage' retrieved from /home/vmphat/miniconda3/envs/ds-env/lib/python3.11/site-packages/airflow/example_dags/tutorial_objectstorage.py
[2025-01-31T12:09:18.674+0700] {logging_mixin.py:190} INFO - [2025-01-31T12:09:18.674+0700] {override.py:1912} INFO - Created Permission View: can edit on DAG:tutorial_objectstorage
[2025-01-31T12:09:18.699+0700] {logging_mixin.py:190} INFO - [2025-01-31T12:09:18.699+0700] {override.py:1912} INFO - Created Permission View: can delete on DAG:tutorial_objectstorage
[2025-01-31T12:09:18.722+0700] {logging_mixin.py:190} INFO - [2025-01-31T12:09:18.721+0700] {override.py:1912} INFO - Created Permission View: can read on DAG:tutorial_objectstorage
[2025-01-31T12:09:18.759+0700] {logging_mixin.py:190} INFO - [2025-01-31T12:09:18.759+0700] {override.py:1912} INFO - Created Permission View: can delete on DAG Run:tutorial_objectstorage
[2025-01-31T12:09:18.784+0700] {logging_mixin.py:190} INFO - [2025-01-31T12:09:18.784+0700] {override.py:1912} INFO - Created Permission View: menu access on DAG Run:tutorial_objectstorage
[2025-01-31T12:09:18.810+0700] {logging_mixin.py:190} INFO - [2025-01-31T12:09:18.809+0700] {override.py:1912} INFO - Created Permission View: can read on DAG Run:tutorial_objectstorage
[2025-01-31T12:09:18.835+0700] {logging_mixin.py:190} INFO - [2025-01-31T12:09:18.834+0700] {override.py:1912} INFO - Created Permission View: can create on DAG Run:tutorial_objectstorage
[2025-01-31T12:09:18.835+0700] {logging_mixin.py:190} INFO - [2025-01-31T12:09:18.835+0700] {dag.py:3239} INFO - Sync 1 DAGs
[2025-01-31T12:09:18.849+0700] {logging_mixin.py:190} INFO - [2025-01-31T12:09:18.849+0700] {dag.py:3262} INFO - Creating ORM DAG for tutorial_objectstorage
[2025-01-31T12:09:18.850+0700] {logging_mixin.py:190} INFO - [2025-01-31T12:09:18.849+0700] {dag.py:4180} INFO - Setting next_dagrun for tutorial_objectstorage to None, run_after=None
[2025-01-31T12:09:18.884+0700] {processor.py:208} INFO - Processing /home/vmphat/miniconda3/envs/ds-env/lib/python3.11/site-packages/airflow/example_dags/tutorial_objectstorage.py took 0.429 seconds
[2025-01-31T12:10:37.015+0700] {processor.py:186} INFO - Started process (PID=11881) to work on /home/vmphat/miniconda3/envs/ds-env/lib/python3.11/site-packages/airflow/example_dags/tutorial_objectstorage.py
[2025-01-31T12:10:37.017+0700] {processor.py:914} INFO - Processing file /home/vmphat/miniconda3/envs/ds-env/lib/python3.11/site-packages/airflow/example_dags/tutorial_objectstorage.py for tasks to queue
[2025-01-31T12:10:37.019+0700] {logging_mixin.py:190} INFO - [2025-01-31T12:10:37.018+0700] {dagbag.py:588} INFO - Filling up the DagBag from /home/vmphat/miniconda3/envs/ds-env/lib/python3.11/site-packages/airflow/example_dags/tutorial_objectstorage.py
[2025-01-31T12:10:37.133+0700] {processor.py:925} INFO - DAG(s) 'tutorial_objectstorage' retrieved from /home/vmphat/miniconda3/envs/ds-env/lib/python3.11/site-packages/airflow/example_dags/tutorial_objectstorage.py
[2025-01-31T12:10:37.167+0700] {logging_mixin.py:190} INFO - [2025-01-31T12:10:37.167+0700] {dag.py:3239} INFO - Sync 1 DAGs
[2025-01-31T12:10:37.183+0700] {logging_mixin.py:190} INFO - [2025-01-31T12:10:37.183+0700] {dag.py:4180} INFO - Setting next_dagrun for tutorial_objectstorage to None, run_after=None
[2025-01-31T12:10:37.290+0700] {processor.py:208} INFO - Processing /home/vmphat/miniconda3/envs/ds-env/lib/python3.11/site-packages/airflow/example_dags/tutorial_objectstorage.py took 0.279 seconds
[2025-01-31T12:19:21.606+0700] {processor.py:186} INFO - Started process (PID=13369) to work on /home/vmphat/miniconda3/envs/ds-env/lib/python3.11/site-packages/airflow/example_dags/tutorial_objectstorage.py
[2025-01-31T12:19:21.607+0700] {processor.py:914} INFO - Processing file /home/vmphat/miniconda3/envs/ds-env/lib/python3.11/site-packages/airflow/example_dags/tutorial_objectstorage.py for tasks to queue
[2025-01-31T12:19:21.612+0700] {logging_mixin.py:190} INFO - [2025-01-31T12:19:21.611+0700] {dagbag.py:588} INFO - Filling up the DagBag from /home/vmphat/miniconda3/envs/ds-env/lib/python3.11/site-packages/airflow/example_dags/tutorial_objectstorage.py
[2025-01-31T12:19:21.618+0700] {processor.py:925} INFO - DAG(s) 'tutorial_objectstorage' retrieved from /home/vmphat/miniconda3/envs/ds-env/lib/python3.11/site-packages/airflow/example_dags/tutorial_objectstorage.py
[2025-01-31T12:19:21.650+0700] {logging_mixin.py:190} INFO - [2025-01-31T12:19:21.650+0700] {dag.py:3239} INFO - Sync 1 DAGs
[2025-01-31T12:19:21.666+0700] {logging_mixin.py:190} INFO - [2025-01-31T12:19:21.666+0700] {dag.py:4180} INFO - Setting next_dagrun for tutorial_objectstorage to None, run_after=None
[2025-01-31T12:19:21.739+0700] {processor.py:208} INFO - Processing /home/vmphat/miniconda3/envs/ds-env/lib/python3.11/site-packages/airflow/example_dags/tutorial_objectstorage.py took 0.137 seconds
