[2025-01-31T12:09:02.222+0700] {processor.py:186} INFO - Started process (PID=11789) to work on /home/vmphat/miniconda3/envs/ds-env/lib/python3.11/site-packages/airflow/example_dags/tutorial_taskflow_templates.py
[2025-01-31T12:09:02.223+0700] {processor.py:914} INFO - Processing file /home/vmphat/miniconda3/envs/ds-env/lib/python3.11/site-packages/airflow/example_dags/tutorial_taskflow_templates.py for tasks to queue
[2025-01-31T12:09:02.225+0700] {logging_mixin.py:190} INFO - [2025-01-31T12:09:02.224+0700] {dagbag.py:588} INFO - Filling up the DagBag from /home/vmphat/miniconda3/envs/ds-env/lib/python3.11/site-packages/airflow/example_dags/tutorial_taskflow_templates.py
[2025-01-31T12:09:02.236+0700] {processor.py:925} INFO - DAG(s) 'tutorial_taskflow_templates' retrieved from /home/vmphat/miniconda3/envs/ds-env/lib/python3.11/site-packages/airflow/example_dags/tutorial_taskflow_templates.py
[2025-01-31T12:09:02.463+0700] {logging_mixin.py:190} INFO - [2025-01-31T12:09:02.463+0700] {override.py:1912} INFO - Created Permission View: can edit on DAG:tutorial_taskflow_templates
[2025-01-31T12:09:02.482+0700] {logging_mixin.py:190} INFO - [2025-01-31T12:09:02.482+0700] {override.py:1912} INFO - Created Permission View: can delete on DAG:tutorial_taskflow_templates
[2025-01-31T12:09:02.499+0700] {logging_mixin.py:190} INFO - [2025-01-31T12:09:02.498+0700] {override.py:1912} INFO - Created Permission View: can read on DAG:tutorial_taskflow_templates
[2025-01-31T12:09:02.526+0700] {logging_mixin.py:190} INFO - [2025-01-31T12:09:02.526+0700] {override.py:1912} INFO - Created Permission View: can delete on DAG Run:tutorial_taskflow_templates
[2025-01-31T12:09:02.544+0700] {logging_mixin.py:190} INFO - [2025-01-31T12:09:02.544+0700] {override.py:1912} INFO - Created Permission View: menu access on DAG Run:tutorial_taskflow_templates
[2025-01-31T12:09:02.561+0700] {logging_mixin.py:190} INFO - [2025-01-31T12:09:02.561+0700] {override.py:1912} INFO - Created Permission View: can read on DAG Run:tutorial_taskflow_templates
[2025-01-31T12:09:02.578+0700] {logging_mixin.py:190} INFO - [2025-01-31T12:09:02.578+0700] {override.py:1912} INFO - Created Permission View: can create on DAG Run:tutorial_taskflow_templates
[2025-01-31T12:09:02.579+0700] {logging_mixin.py:190} INFO - [2025-01-31T12:09:02.579+0700] {dag.py:3239} INFO - Sync 1 DAGs
[2025-01-31T12:09:02.589+0700] {logging_mixin.py:190} INFO - [2025-01-31T12:09:02.589+0700] {dag.py:3262} INFO - Creating ORM DAG for tutorial_taskflow_templates
[2025-01-31T12:09:02.596+0700] {logging_mixin.py:190} INFO - [2025-01-31T12:09:02.596+0700] {dag.py:4180} INFO - Setting next_dagrun for tutorial_taskflow_templates to 2025-01-30 00:00:00+00:00, run_after=2025-01-31 00:00:00+00:00
[2025-01-31T12:09:02.626+0700] {processor.py:208} INFO - Processing /home/vmphat/miniconda3/envs/ds-env/lib/python3.11/site-packages/airflow/example_dags/tutorial_taskflow_templates.py took 0.408 seconds
[2025-01-31T12:10:24.258+0700] {processor.py:186} INFO - Started process (PID=11871) to work on /home/vmphat/miniconda3/envs/ds-env/lib/python3.11/site-packages/airflow/example_dags/tutorial_taskflow_templates.py
[2025-01-31T12:10:24.259+0700] {processor.py:914} INFO - Processing file /home/vmphat/miniconda3/envs/ds-env/lib/python3.11/site-packages/airflow/example_dags/tutorial_taskflow_templates.py for tasks to queue
[2025-01-31T12:10:24.262+0700] {logging_mixin.py:190} INFO - [2025-01-31T12:10:24.261+0700] {dagbag.py:588} INFO - Filling up the DagBag from /home/vmphat/miniconda3/envs/ds-env/lib/python3.11/site-packages/airflow/example_dags/tutorial_taskflow_templates.py
[2025-01-31T12:10:24.270+0700] {processor.py:925} INFO - DAG(s) 'tutorial_taskflow_templates' retrieved from /home/vmphat/miniconda3/envs/ds-env/lib/python3.11/site-packages/airflow/example_dags/tutorial_taskflow_templates.py
[2025-01-31T12:10:24.396+0700] {logging_mixin.py:190} INFO - [2025-01-31T12:10:24.396+0700] {dag.py:3239} INFO - Sync 1 DAGs
[2025-01-31T12:10:24.421+0700] {logging_mixin.py:190} INFO - [2025-01-31T12:10:24.421+0700] {dag.py:4180} INFO - Setting next_dagrun for tutorial_taskflow_templates to 2025-01-30 00:00:00+00:00, run_after=2025-01-31 00:00:00+00:00
[2025-01-31T12:10:24.482+0700] {processor.py:208} INFO - Processing /home/vmphat/miniconda3/envs/ds-env/lib/python3.11/site-packages/airflow/example_dags/tutorial_taskflow_templates.py took 0.228 seconds
[2025-01-31T12:19:10.112+0700] {processor.py:186} INFO - Started process (PID=13358) to work on /home/vmphat/miniconda3/envs/ds-env/lib/python3.11/site-packages/airflow/example_dags/tutorial_taskflow_templates.py
[2025-01-31T12:19:10.113+0700] {processor.py:914} INFO - Processing file /home/vmphat/miniconda3/envs/ds-env/lib/python3.11/site-packages/airflow/example_dags/tutorial_taskflow_templates.py for tasks to queue
[2025-01-31T12:19:10.115+0700] {logging_mixin.py:190} INFO - [2025-01-31T12:19:10.115+0700] {dagbag.py:588} INFO - Filling up the DagBag from /home/vmphat/miniconda3/envs/ds-env/lib/python3.11/site-packages/airflow/example_dags/tutorial_taskflow_templates.py
[2025-01-31T12:19:10.125+0700] {processor.py:925} INFO - DAG(s) 'tutorial_taskflow_templates' retrieved from /home/vmphat/miniconda3/envs/ds-env/lib/python3.11/site-packages/airflow/example_dags/tutorial_taskflow_templates.py
[2025-01-31T12:19:10.164+0700] {logging_mixin.py:190} INFO - [2025-01-31T12:19:10.164+0700] {dag.py:3239} INFO - Sync 1 DAGs
[2025-01-31T12:19:10.193+0700] {logging_mixin.py:190} INFO - [2025-01-31T12:19:10.193+0700] {dag.py:4180} INFO - Setting next_dagrun for tutorial_taskflow_templates to 2025-01-30 00:00:00+00:00, run_after=2025-01-31 00:00:00+00:00
[2025-01-31T12:19:10.249+0700] {processor.py:208} INFO - Processing /home/vmphat/miniconda3/envs/ds-env/lib/python3.11/site-packages/airflow/example_dags/tutorial_taskflow_templates.py took 0.141 seconds
