\BOOKMARK [1][-]{section*.1}{\376\377\000T\000h\000\364\000n\000g\000\040\000t\000i\000n\000\040\000n\000h\000\363\000m}{}% 1
\BOOKMARK [1][-]{section.1}{\376\377\000C\000H\001\257\001\240\000N\000G\000\040\0001\000:\000\040\000G\000I\036\332\000I\000\040\000T\000H\000I\036\306\000U\000\040\000C\000H\000U\000N\000G}{}% 2
\BOOKMARK [2][-]{subsection.1.1}{\376\377\000T\036\325\000n\000g\000\040\000q\000u\000a\000n\000\040\000v\036\301\000\040\000c\000h\036\347\000\040\001\021\036\301}{section.1}% 3
\BOOKMARK [2][-]{subsection.1.2}{\376\377\001\020\036\331\000n\000g\000\040\000l\036\361\000c\000\040\000n\000g\000h\000i\000\352\000n\000\040\000c\036\351\000u}{section.1}% 4
\BOOKMARK [2][-]{subsection.1.3}{\376\377\000P\000h\036\241\000m\000\040\000v\000i\000\040\000n\000g\000h\000i\000\352\000n\000\040\000c\036\351\000u}{section.1}% 5
\BOOKMARK [1][-]{section.2}{\376\377\000C\000H\001\257\001\240\000N\000G\000\040\0002\000:\000\040\000T\036\324\000N\000G\000\040\000Q\000U\000A\000N\000\040\000V\036\300\000\040\000C\000\301\000C\000\040\000C\000\324\000N\000G\000\040\000N\000G\000H\036\306\000\040\001\020\001\257\036\342\000C\000\040\000S\036\354\000\040\000D\036\344\000N\000G\000\040\000T\000R\000O\000N\000G\000\040\001\020\036\322\000\040\000\301\000N}{}% 6
\BOOKMARK [2][-]{subsection.2.1}{\376\377\000T\000h\000u\000\040\000t\000h\036\255\000p\000\040\000d\036\357\000\040\000l\000i\036\307\000u\000\040\000t\036\353\000\040\000T\000i\000k\000T\000o\000k}{section.2}% 7
\BOOKMARK [2][-]{subsection.2.2}{\376\377\000K\000h\000\341\000m\000\040\000p\000h\000\341\000\040\000v\000\340\000\040\000t\000i\036\301\000n\000\040\000x\036\355\000\040\000l\000\375\000\040\000d\036\357\000\040\000l\000i\036\307\000u}{section.2}% 8
\BOOKMARK [3][-]{subsubsection.2.2.1}{\376\377\000S\036\355\000\040\000d\036\345\000n\000g\000\040\000b\036\331\000\040\000t\000h\001\260\000\040\000v\000i\036\307\000n\000\040\000P\000y\000t\000h\000o\000n\000\040\000p\000h\036\325\000\040\000b\000i\036\277\000n}{subsection.2.2}% 9
\BOOKMARK [3][-]{subsubsection.2.2.2}{\376\377\000S\036\355\000\040\000d\036\345\000n\000g\000\040\000J\000u\000p\000y\000t\000e\000r\000\040\000N\000o\000t\000e\000b\000o\000o\000k}{subsection.2.2}% 10
\BOOKMARK [3][-]{subsubsection.2.2.3}{\376\377\000L\001\260\000u\000\040\000t\000r\036\357\000\040\000d\036\357\000\040\000l\000i\036\307\000u\000\040\001\021\000\343\000\040\000t\000i\036\301\000n\000\040\000x\036\355\000\040\000l\000\375\000\040\000d\001\260\036\333\000i\000\040\001\021\036\313\000n\000h\000\040\000d\036\241\000n\000g\000\040\000P\000a\000r\000q\000u\000e\000t}{subsection.2.2}% 11
\BOOKMARK [2][-]{subsection.2.3}{\376\377\000T\000r\000\355\000c\000h\000\040\000x\000u\036\245\000t\000\040\001\021\036\267\000c\000\040\000t\000r\001\260\000n\000g}{section.2}% 12
\BOOKMARK [3][-]{subsubsection.2.3.1}{\376\377\000T\036\241\000o\000\040\001\021\001\260\036\335\000n\000g\000\040\000d\036\253\000n\000\040\001\021\036\277\000n\000\040\000v\000i\000d\000e\000o\000\040\000T\000i\000k\000T\000o\000k}{subsection.2.3}% 13
\BOOKMARK [3][-]{subsubsection.2.3.2}{\376\377\000T\036\243\000i\000\040\000x\000u\036\321\000n\000g\000\040\000a\000u\000d\000i\000o\000\040\000b\036\261\000n\000g\000\040\000F\000F\000m\000p\000e\000g\000\040\000v\000\340\000\040\000Y\000T\000-\000D\000L\000P}{subsection.2.3}% 14
\BOOKMARK [3][-]{subsubsection.2.3.3}{\376\377\000S\036\355\000\040\000d\036\345\000n\000g\000\040\000G\000e\000m\000i\000n\000i\000\040\000A\000P\000I\000\040\001\021\036\303\000\040\000t\000r\000\355\000c\000h\000\040\000x\000u\036\245\000t\000\040\000t\000r\000a\000n\000s\000c\000r\000i\000p\000t\000\040\000v\000\340\000\040\000x\000\341\000c\000\040\001\021\036\313\000n\000h\000\040\000n\036\331\000i\000\040\000d\000u\000n\000g}{subsection.2.3}% 15
\BOOKMARK [3][-]{subsubsection.2.3.4}{\376\377\000S\036\355\000\040\000d\036\345\000n\000g\000\040\000G\000e\000m\000i\000n\000i\000\040\000A\000P\000I\000\040\001\021\036\303\000\040\000p\000h\000\342\000n\000\040\000l\000o\036\241\000i\000\040\000v\000i\000d\000e\000o}{subsection.2.3}% 16
\BOOKMARK [2][-]{subsection.2.4}{\376\377\000X\000\342\000y\000\040\000d\036\361\000n\000g\000\040\000d\000a\000s\000h\000b\000o\000a\000r\000d\000\040\000v\000\340\000\040\000w\000e\000b\000a\000p\000p}{section.2}% 17
\BOOKMARK [3][-]{subsubsection.2.4.1}{\376\377\000T\036\241\000o\000\040\000b\000i\036\303\000u\000\040\001\021\036\323\000\040\000t\001\260\001\241\000n\000g\000\040\000t\000\341\000c\000\040\000v\036\333\000i\000\040\000P\000l\000o\000t\000l\000y\000\040\000v\000\340\000\040\000n\000h\036\255\000n\000\040\000x\000\351\000t\000\040\000t\036\353\000\040\000G\000e\000m\000i\000n\000i\000\040\000A\000P\000I}{subsection.2.4}% 18
\BOOKMARK [3][-]{subsubsection.2.4.2}{\376\377\000X\000\342\000y\000\040\000d\036\361\000n\000g\000\040\000w\000e\000b\000a\000p\000p\000\040\000v\036\333\000i\000\040\000S\000t\000r\000e\000a\000m\000l\000i\000t}{subsection.2.4}% 19
\BOOKMARK [3][-]{subsubsection.2.4.3}{\376\377\000T\000r\000i\036\303\000n\000\040\000k\000h\000a\000i\000\040\000t\000r\000\352\000n\000\040\000S\000t\000r\000e\000a\000m\000l\000i\000t\000\040\000C\000o\000m\000m\000u\000n\000i\000t\000y\000\040\000C\000l\000o\000u\000d}{subsection.2.4}% 20
\BOOKMARK [2][-]{subsection.2.5}{\376\377\000X\000\342\000y\000\040\000d\036\361\000n\000g\000\040\036\351\000n\000g\000\040\000d\036\345\000n\000g\000\040\000S\000t\000r\000e\000a\000m\000l\000i\000t\000\040\001\021\000a\000\040\000t\000r\000a\000n\000g\000\040\000\050\000M\000u\000l\000t\000i\000p\000a\000g\000e\000\040\000A\000p\000p\000\051}{section.2}% 21
\BOOKMARK [2][-]{subsection.2.6}{\376\377\000C\000a\000c\000h\000e\000\040\000d\036\357\000\040\000l\000i\036\307\000u\000\040\001\021\036\303\000\040\000g\000i\036\243\000m\000\040\000t\000h\036\335\000i\000\040\000g\000i\000a\000n\000\040\000t\036\243\000i\000\040\000t\000r\000a\000n\000g}{section.2}% 22
\BOOKMARK [2][-]{subsection.2.7}{\376\377\000Q\000u\000y\000\040\000t\000r\000\354\000n\000h\000\040\000s\036\355\000\040\000d\036\345\000n\000g\000\040\000G\000e\000m\000i\000n\000i\000\040\000A\000P\000I\000\040\001\021\036\303\000\040\000t\036\241\000o\000\040\000n\000h\036\255\000n\000\040\000x\000\351\000t\000\040\000c\000h\000o\000\040\000c\000\341\000c\000\040\000b\000i\036\303\000u\000\040\001\021\036\323}{section.2}% 23
\BOOKMARK [3][-]{subsubsection.2.7.1}{\376\377\000X\000\341\000c\000\040\001\021\036\313\000n\000h\000\040\000r\000\365\000\040\000n\000h\000i\036\307\000m\000\040\000v\036\345\000\040\000t\000r\036\315\000n\000g\000\040\000t\000\342\000m}{subsection.2.7}% 24
\BOOKMARK [3][-]{subsubsection.2.7.2}{\376\377\000C\000u\000n\000g\000\040\000c\036\245\000p\000\040\000`\000`\000H\001\260\036\333\000n\000g\000\040\000d\036\253\000n\000\040\000c\000h\000i\000\040\000t\000i\036\277\000t\000'\000'\000\040\000c\000h\000o\000\040\000A\000I\000\040\000\050\000P\000r\000o\000m\000p\000t\000\040\000E\000n\000g\000i\000n\000e\000e\000r\000i\000n\000g\000\051}{subsection.2.7}% 25
\BOOKMARK [3][-]{subsubsection.2.7.3}{\376\377\000C\000u\000n\000g\000\040\000c\036\245\000p\000\040\000`\000`\001\020\036\247\000u\000\040\000v\000\340\000o\000'\000'\000\040\000c\000h\000o\000\040\000A\000I}{subsection.2.7}% 26
\BOOKMARK [3][-]{subsubsection.2.7.4}{\376\377\000V\000\355\000\040\000d\036\345\000\040\000m\000i\000n\000h\000\040\000h\036\315\000a\000\040\000v\036\301\000\040\000c\000\342\000u\000\040\000p\000r\000o\000m\000p\000t}{subsection.2.7}% 27
\BOOKMARK [1][-]{section.3}{\376\377\000C\000H\001\257\001\240\000N\000G\000\040\0003\000:\000\040\000T\000H\000U\000\040\000T\000H\036\254\000P\000\040\000D\036\356\000\040\000L\000I\036\306\000U}{}% 28
\BOOKMARK [1][-]{section.4}{\376\377\000C\000H\001\257\001\240\000N\000G\000\040\0004\000:\000\040\000T\000I\036\300\000N\000\040\000X\036\354\000\040\000L\000\335\000\040\000D\036\356\000\040\000L\000I\036\306\000U\000\040\000V\000\300\000\040\000R\000\332\000T\000\040\000T\000R\000\315\000C\000H\000\040\001\020\036\266\000C\000\040\000T\000R\001\257\000N\000G}{}% 29
\BOOKMARK [2][-]{subsection.4.1}{\376\377\000G\000i\036\333\000i\000\040\000t\000h\000i\036\307\000u\000\040\000c\000h\000u\000n\000g}{section.4}% 30
\BOOKMARK [2][-]{subsection.4.2}{\376\377\000K\000h\000\341\000m\000\040\000p\000h\000\341\000\040\000v\000\340\000\040\000T\000i\036\301\000n\000\040\000x\036\355\000\040\000l\000\375\000\040\000d\036\357\000\040\000l\000i\036\307\000u\000\040\000\050\000D\000a\000t\000a\000\040\000E\000x\000p\000l\000o\000r\000a\000t\000i\000o\000n\000\040\000a\000n\000d\000\040\000P\000r\000e\000p\000r\000o\000c\000e\000s\000s\000i\000n\000g\000\040\000-\000\040\000D\000E\000P\000\051}{section.4}% 31
\BOOKMARK [3][-]{subsubsection.4.2.1}{\376\377\000T\000\354\000m\000\040\000h\000i\036\303\000u\000\040\000t\036\255\000p\000\040\000d\036\357\000\040\000l\000i\036\307\000u\000\040\000t\000h\000\364}{subsection.4.2}% 32
\BOOKMARK [3][-]{subsubsection.4.2.2}{\376\377\000P\000h\000\342\000n\000\040\000t\000\355\000c\000h\000\040\000v\000\340\000\040\000x\036\355\000\040\000l\000\375\000\040\000d\036\357\000\040\000l\000i\036\307\000u\000\040\000t\000r\000\371\000n\000g\000\040\000l\036\267\000p\000\040\000\050\000D\000u\000p\000l\000i\000c\000a\000t\000e\000\040\000A\000n\000a\000l\000y\000s\000i\000s\000\051}{subsection.4.2}% 33
\BOOKMARK [3][-]{subsubsection.4.2.3}{\376\377\000P\000h\000\342\000n\000\040\000t\000\355\000c\000h\000\040\000v\000\340\000\040\000x\036\355\000\040\000l\000\375\000\040\000g\000i\000\341\000\040\000t\000r\036\313\000\040\000b\036\313\000\040\000t\000h\000i\036\277\000u\000\040\000\050\000M\000i\000s\000s\000i\000n\000g\000\040\000V\000a\000l\000u\000e\000\040\000A\000n\000a\000l\000y\000s\000i\000s\000\051}{subsection.4.2}% 34
\BOOKMARK [3][-]{subsubsection.4.2.4}{\376\377\000P\000h\000\342\000n\000\040\000t\000\355\000c\000h\000\040\000v\000\340\000\040\000c\000h\000u\036\251\000n\000\040\000h\000\363\000a\000\040\000k\000i\036\303\000u\000\040\000d\036\357\000\040\000l\000i\036\307\000u}{subsection.4.2}% 35
\BOOKMARK [3][-]{subsubsection.4.2.5}{\376\377\000P\000h\000\342\000n\000\040\000t\000\355\000c\000h\000\040\000p\000h\000\342\000n\000\040\000b\036\321\000\040\000g\000i\000\341\000\040\000t\000r\036\313}{subsection.4.2}% 36
\BOOKMARK [3][-]{subsubsection.4.2.6}{\376\377\000L\000o\036\241\000i\000\040\000b\036\317\000\040\000c\000\341\000c\000\040\000c\036\331\000t\000\040\000k\000h\000\364\000n\000g\000\040\000c\036\247\000n\000\040\000t\000h\000i\036\277\000t\000/\000t\000r\000\371\000n\000g\000\040\000l\036\267\000p}{subsection.4.2}% 37
\BOOKMARK [3][-]{subsubsection.4.2.7}{\376\377\000X\036\355\000\040\000l\000\375\000\040\000d\036\357\000\040\000l\000i\036\307\000u\000\040\000t\000h\000i\036\277\000u\000\040\000t\000r\000o\000n\000g\000\040\000c\000\341\000c\000\040\000c\036\331\000t\000\040\000c\000\362\000n\000\040\000l\036\241\000i}{subsection.4.2}% 38
\BOOKMARK [3][-]{subsubsection.4.2.8}{\376\377\000L\001\260\000u\000\040\000t\000r\036\357\000\040\000d\036\357\000\040\000l\000i\036\307\000u\000\040\001\021\000\343\000\040\000x\036\355\000\040\000l\000\375}{subsection.4.2}% 39
\BOOKMARK [2][-]{subsection.4.3}{\376\377\000R\000\372\000t\000\040\000t\000r\000\355\000c\000h\000\040\001\021\036\267\000c\000\040\000t\000r\001\260\000n\000g\000\040\000\050\000F\000e\000a\000t\000u\000r\000e\000\040\000E\000n\000g\000i\000n\000e\000e\000r\000i\000n\000g\000\040\000-\000\040\000F\000E\000\051}{section.4}% 40
\BOOKMARK [3][-]{subsubsection.4.3.1}{\376\377\000T\000r\000\355\000c\000h\000\040\000x\000u\036\245\000t\000\040\000h\000a\000s\000h\000t\000a\000g\000\040\000t\036\353\000\040\000m\000\364\000\040\000t\036\243\000\040\000v\000i\000d\000e\000o\000\040\000\050\000d\000e\000s\000c\000\051}{subsection.4.3}% 41
\BOOKMARK [3][-]{subsubsection.4.3.2}{\376\377\000T\000r\000\355\000c\000h\000\040\000x\000u\036\245\000t\000\040\001\021\036\267\000c\000\040\000t\000r\001\260\000n\000g\000\040\000t\000h\036\335\000i\000\040\000g\000i\000a\000n\000\040\000t\036\353\000\040\000c\000r\000e\000a\000t\000e\000T\000i\000m\000e}{subsection.4.3}% 42
\BOOKMARK [3][-]{subsubsection.4.3.3}{\376\377\000C\000h\036\315\000n\000\040\000t\000o\000p\000\040\000v\000i\000d\000e\000o\000\040\000h\000\340\000n\000g\000\040\000t\000u\036\247\000n\000\040\001\021\036\303\000\040\000p\000h\000\342\000n\000\040\000t\000\355\000c\000h\000\040\000n\036\331\000i\000\040\000d\000u\000n\000g}{subsection.4.3}% 43
\BOOKMARK [3][-]{subsubsection.4.3.4}{\376\377\000T\000r\000\355\000c\000h\000\040\000x\000u\036\245\000t\000\040\000n\036\331\000i\000\040\000d\000u\000n\000g\000\040\000a\000u\000d\000i\000o\000\040\000t\000h\000\340\000n\000h\000\040\000v\001\003\000n\000\040\000b\036\243\000n\000\040\000\050\000A\000u\000d\000i\000o\000\040\000T\000r\000a\000n\000s\000c\000r\000i\000p\000t\000i\000o\000n\000\051}{subsection.4.3}% 44
\BOOKMARK [3][-]{subsubsection.4.3.5}{\376\377\000T\000r\000\355\000c\000h\000\040\000x\000u\036\245\000t\000\040\000t\000h\000\364\000n\000g\000\040\000t\000i\000n\000\040\000m\000\363\000n\000\040\001\003\000n\000\040\000v\000\340\000\040\001\021\036\313\000a\000\040\001\021\000i\036\303\000m}{subsection.4.3}% 45
\BOOKMARK [3][-]{subsubsection.4.3.6}{\376\377\000T\000r\000\355\000c\000h\000\040\000x\000u\036\245\000t\000\040\001\021\036\267\000c\000\040\000t\000r\001\260\000n\000g\000\040\000v\036\301\000\040\000t\000h\036\303\000\040\000l\000o\036\241\000i\000\040\000c\036\347\000a\000\040\000v\000i\000d\000e\000o}{subsection.4.3}% 46
\BOOKMARK [1][-]{section.5}{\376\377\000C\000H\001\257\001\240\000N\000G\000\040\0005\000:\000\040\000C\000\324\000N\000G\000\040\000C\036\344\000\040\000H\036\326\000\040\000T\000R\036\342\000\040\000V\000I\036\276\000T\000\040\000K\036\312\000C\000H\000\040\000B\036\242\000N\000\040\000C\000H\000O\000\040\000V\000I\000D\000E\000O\000\040\000T\000I\000K\000T\000O\000K}{}% 47
\BOOKMARK [2][-]{subsection.5.1}{\376\377\000T\000r\000\355\000c\000h\000\040\000x\000u\036\245\000t\000\040\001\021\036\267\000c\000\040\000t\000r\001\260\000n\000g\000\040\000n\036\331\000i\000\040\000d\000u\000n\000g}{section.5}% 48
\BOOKMARK [2][-]{subsection.5.2}{\376\377\000L\036\315\000c\000\040\000v\000i\000d\000e\000o\000\040\000t\001\260\001\241\000n\000g\000\040\001\021\036\323\000n\000g\000\040\000t\000h\000e\000o\000\040\000m\000\364\000\040\000t\036\243\000\040\000n\000g\001\260\036\335\000i\000\040\000d\000\371\000n\000g}{section.5}% 49
\BOOKMARK [2][-]{subsection.5.3}{\376\377\000S\000i\000n\000h\000\040\000k\036\313\000c\000h\000\040\000b\036\243\000n\000\040\000t\000h\000\364\000\040\000t\036\353\000\040\000v\000i\000d\000e\000o\000\040\000m\036\253\000u}{section.5}% 50
\BOOKMARK [2][-]{subsection.5.4}{\376\377\001\020\036\313\000n\000h\000\040\000d\036\241\000n\000g\000\040\000l\036\241\000i\000\040\000k\036\313\000c\000h\000\040\000b\036\243\000n\000\040\000c\000\363\000\040\000c\036\245\000u\000\040\000t\000r\000\372\000c}{section.5}% 51
\BOOKMARK [2][-]{subsection.5.5}{\376\377\000T\000r\000i\036\303\000n\000\040\000k\000h\000a\000i\000\040\000h\036\307\000\040\000t\000h\036\321\000n\000g\000\040\000t\000r\000\352\000n\000\040\000g\000i\000a\000o\000\040\000d\000i\036\307\000n\000\040\000w\000e\000b}{section.5}% 52
\BOOKMARK [1][-]{section.6}{\376\377\000C\000H\001\257\001\240\000N\000G\000\040\0006\000:\000\040\000D\000A\000S\000H\000B\000O\000A\000R\000D\000\040\000P\000H\000\302\000N\000\040\000T\000\315\000C\000H\000\040\000U\000S\000E\000R}{}% 53
\BOOKMARK [2][-]{subsection.6.1}{\376\377\000P\000h\000\342\000n\000\040\000p\000h\036\321\000i\000\040\000c\036\347\000a\000\040\000d\036\357\000\040\000l\000i\036\307\000u}{section.6}% 54
\BOOKMARK [3][-]{subsubsection.6.1.1}{\376\377\000P\000h\000\342\000n\000\040\000P\000h\036\321\000i\000\040\000S\036\321\000\040\000L\001\260\036\343\000t\000\040\000T\000h\000\355\000c\000h}{subsection.6.1}% 55
\BOOKMARK [3][-]{subsubsection.6.1.2}{\376\377\000P\000h\000\342\000n\000\040\000P\000h\036\321\000i\000\040\000S\036\321\000\040\000N\000g\001\260\036\335\000i\000\040\000T\000h\000e\000o\000\040\000D\000\365\000i}{subsection.6.1}% 56
\BOOKMARK [3][-]{subsubsection.6.1.3}{\376\377\000P\000h\000\342\000n\000\040\000P\000h\036\321\000i\000\040\000S\036\321\000\040\000L\001\260\036\343\000n\000g\000\040\000V\000i\000d\000e\000o}{subsection.6.1}% 57
\BOOKMARK [2][-]{subsection.6.2}{\376\377\000P\000h\000\342\000n\000\040\000T\000\355\000c\000h\000\040\000T\001\260\001\241\000n\000g\000\040\000Q\000u\000a\000n}{section.6}% 58
\BOOKMARK [2][-]{subsection.6.3}{\376\377\000P\000h\000\342\000n\000\040\000T\000\355\000c\000h\000\040\000M\036\351\000c\000\040\001\020\036\331\000\040\000T\001\260\001\241\000n\000g\000\040\000T\000\341\000c\000\040\000T\000h\000e\000o\000\040\000N\000h\000\363\000m\000\040\000N\000g\001\260\036\335\000i\000\040\000T\000h\000e\000o\000\040\000D\000\365\000i}{section.6}% 59
\BOOKMARK [3][-]{subsubsection.6.3.1}{\376\377\000P\000h\000\342\000n\000\040\000C\000h\000i\000a\000\040\000N\000h\000\363\000m\000\040\000N\000g\001\260\036\335\000i\000\040\000T\000h\000e\000o\000\040\000D\000\365\000i}{subsection.6.3}% 60
\BOOKMARK [3][-]{subsubsection.6.3.2}{\376\377\000B\036\243\000n\000g\000\040\000S\000o\000\040\000S\000\341\000n\000h\000\040\000M\036\351\000c\000\040\001\020\036\331\000\040\000T\001\260\001\241\000n\000g\000\040\000T\000\341\000c}{subsection.6.3}% 61
\BOOKMARK [2][-]{subsection.6.4}{\376\377\036\242\000n\000h\000\040\000H\001\260\036\337\000n\000g\000\040\000c\036\347\000a\000\040\000S\036\321\000\040\000L\001\260\036\343\000n\000g\000\040\000V\000i\000d\000e\000o\000\040\001\020\036\277\000n\000\040\000T\001\260\001\241\000n\000g\000\040\000T\000\341\000c}{section.6}% 62
\BOOKMARK [2][-]{subsection.6.5}{\376\377\000P\000h\000\342\000n\000\040\000t\000\355\000c\000h\000\040\000\375\000\040\000n\000g\000h\001\051\000a\000\040\000t\000h\036\321\000n\000g\000\040\000k\000\352\000\040\000v\036\301\000\040\000t\036\247\000n\000\040\000s\000u\036\245\000t\000\040\001\021\001\003\000n\000g\000\040\000t\036\243\000i\000\040\000v\000i\000d\000e\000o\000\040\000m\036\327\000i\000\040\000t\000u\036\247\000n\000,\000\040\000s\036\321\000\040\000l\001\260\036\343\000n\000g\000\040\000h\000a\000s\000h\000t\000a\000g\000\040\000t\000r\000u\000n\000g\000\040\000b\000\354\000n\000h\000\040\000t\000r\000\352\000n\000\040\000m\036\327\000i\000\040\000v\000i\000d\000e\000o\000\040\000v\000\340\000\040\000t\000h\036\335\000i\000\040\000l\001\260\036\343\000n\000g\000\040\000v\000i\000d\000e\000o\000\040\000t\000r\000u\000n\000g\000\040\000b\000\354\000n\000h\000\040\000g\000i\036\357\000a\000\040\000c\000\341\000c\000\040\000n\000h\000\363\000m\000\040\000n\000g\001\260\036\335\000i\000\040\000d\000\371\000n\000g}{section.6}% 63
\BOOKMARK [3][-]{subsubsection.6.5.1}{\376\377\000V\036\301\000\040\000T\036\247\000n\000\040\000S\000u\036\245\000t\000\040\001\020\001\003\000n\000g\000\040\000T\036\243\000i\000\040\000V\000i\000d\000e\000o\000\040\000M\036\327\000i\000\040\000T\000u\036\247\000n}{subsection.6.5}% 64
\BOOKMARK [3][-]{subsubsection.6.5.2}{\376\377\000V\036\301\000\040\000S\036\321\000\040\000L\001\260\036\343\000n\000g\000\040\000H\000a\000s\000h\000t\000a\000g}{subsection.6.5}% 65
\BOOKMARK [3][-]{subsubsection.6.5.3}{\376\377\000V\036\301\000\040\000T\000h\036\335\000i\000\040\000L\001\260\036\343\000n\000g\000\040\000V\000i\000d\000e\000o\000\040\000T\000r\000u\000n\000g\000\040\000B\000\354\000n\000h}{subsection.6.5}% 66
\BOOKMARK [2][-]{subsection.6.6}{\376\377\000T\036\325\000n\000g\000\040\000q\000u\000a\000n\000\040\000K\036\371\000\040\000t\000h\000u\036\255\000t}{section.6}% 67
\BOOKMARK [3][-]{subsubsection.6.6.1}{\376\377\000N\000g\000u\036\323\000n\000\040\000D\036\357\000\040\000l\000i\036\307\000u}{subsection.6.6}% 68
\BOOKMARK [3][-]{subsubsection.6.6.2}{\376\377\000H\036\261\000n\000g\000\040\000s\036\321}{subsection.6.6}% 69
\BOOKMARK [3][-]{subsubsection.6.6.3}{\376\377\000H\000\340\000m\000\040\000T\000i\036\307\000n\000\040\000\355\000c\000h\000\040\000C\000h\000u\000n\000g}{subsection.6.6}% 70
\BOOKMARK [3][-]{subsubsection.6.6.4}{\376\377\000H\000\340\000m\000\040\000T\000i\036\307\000n\000\040\000\355\000c\000h\000\040\000v\000\340\000\040\000T\000r\036\361\000c\000\040\000q\000u\000a\000n\000\040\000h\000\363\000a\000\040\000t\000h\000e\000o\000\040\000C\000h\036\351\000c\000\040\000n\001\003\000n\000g\000\040\000B\036\243\000n\000g\000\040\001\020\000i\036\301\000u\000\040\000k\000h\000i\036\303\000n}{subsection.6.6}% 71
\BOOKMARK [3][-]{subsubsection.6.6.5}{\376\377\000B\036\321\000\040\000c\036\345\000c\000\040\000C\000h\000u\000n\000g\000\040\000c\036\347\000a\000\040\000c\000\341\000c\000\040\000B\036\243\000n\000g\000\040\001\020\000i\036\301\000u\000\040\000k\000h\000i\036\303\000n}{subsection.6.6}% 72
\BOOKMARK [3][-]{subsubsection.6.6.6}{\376\377\000L\001\260\000u\000\040\000t\000r\036\357\000\040\001\020\036\307\000m\000\040\000\050\000C\000a\000c\000h\000i\000n\000g\000\051}{subsection.6.6}% 73
\BOOKMARK [3][-]{subsubsection.6.6.7}{\376\377\000T\000\355\000c\000h\000\040\000h\036\343\000p\000\040\000T\000r\000\355\000\040\000t\000u\036\307\000\040\000N\000h\000\342\000n\000\040\000t\036\241\000o\000\040\000\050\000A\000I\000\040\000I\000n\000t\000e\000g\000r\000a\000t\000i\000o\000n\000\051}{subsection.6.6}% 74
\BOOKMARK [3][-]{subsubsection.6.6.8}{\376\377\000K\000i\036\303\000m\000\040\001\021\036\313\000n\000h\000\040\000T\000h\036\321\000n\000g\000\040\000k\000\352}{subsection.6.6}% 75
\BOOKMARK [3][-]{subsubsection.6.6.9}{\376\377\000H\001\260\036\333\000n\000g\000\040\000d\036\253\000n\000\040\000t\001\260\001\241\000n\000g\000\040\000t\000\341\000c\000\040\000t\000r\000\352\000n\000\040\000t\000r\000a\000n\000g\000\040\000w\000e\000b}{subsection.6.6}% 76
\BOOKMARK [1][-]{section.7}{\376\377\000C\000H\001\257\001\240\000N\000G\000\040\0007\000:\000\040\000D\000A\000S\000H\000B\000O\000A\000R\000D\000\040\000P\000H\000\302\000N\000\040\000T\000\315\000C\000H\000\040\000V\000I\000D\000E\000O}{}% 77
\BOOKMARK [2][-]{subsection.7.1}{\376\377\000G\000i\036\333\000i\000\040\000t\000h\000i\036\307\000u}{section.7}% 78
\BOOKMARK [2][-]{subsection.7.2}{\376\377\000K\000i\036\277\000n\000\040\000t\000r\000\372\000c\000\040\000H\036\307\000\040\000t\000h\036\321\000n\000g\000\040\000v\000\340\000\040\000C\000\364\000n\000g\000\040\000n\000g\000h\036\307\000\040\000S\036\355\000\040\000d\036\345\000n\000g}{section.7}% 79
\BOOKMARK [2][-]{subsection.7.3}{\376\377\000L\000u\036\323\000n\000g\000\040\000D\036\357\000\040\000l\000i\036\307\000u\000\040\000v\000\340\000\040\000T\000i\036\301\000n\000\040\000x\036\355\000\040\000l\000\375}{section.7}% 80
\BOOKMARK [2][-]{subsection.7.4}{\376\377\000C\000\341\000c\000\040\000T\000r\000a\000n\000g\000\040\000P\000h\000\342\000n\000\040\000t\000\355\000c\000h}{section.7}% 81
\BOOKMARK [3][-]{subsubsection.7.4.1}{\376\377\000P\000h\000\342\000n\000\040\000t\000\355\000c\000h\000\040\000H\000i\036\307\000u\000\040\000s\000u\036\245\000t\000\040\000V\000i\000d\000e\000o}{subsection.7.4}% 82
\BOOKMARK [3][-]{subsubsection.7.4.2}{\376\377\000P\000h\000\342\000n\000\040\000t\000\355\000c\000h\000\040\000H\000a\000s\000h\000t\000a\000g\000\040\000T\036\325\000n\000g\000\040\000q\000u\000a\000n}{subsection.7.4}% 83
\BOOKMARK [3][-]{subsubsection.7.4.3}{\376\377\000P\000h\000\342\000n\000\040\000t\000\355\000c\000h\000\040\000H\000a\000s\000h\000t\000a\000g\000\040\001\020\001\241\000n\000\040\000l\036\273}{subsection.7.4}% 84
\BOOKMARK [2][-]{subsection.7.5}{\376\377\000T\000\355\000c\000h\000\040\000h\036\343\000p\000\040\000T\000r\000\355\000\040\000t\000u\036\307\000\040\000N\000h\000\342\000n\000\040\000t\036\241\000o\000\040\000\050\000A\000I\000\051}{section.7}% 85
\BOOKMARK [1][-]{section.8}{\376\377\000C\000H\001\257\001\240\000N\000G\000\040\0008\000:\000\040\000D\000A\000S\000H\000B\000O\000A\000R\000D\000\040\000P\000H\000\302\000N\000\040\000T\000\315\000C\000H\000\040\000X\000U\000\040\000H\001\257\036\332\000N\000G}{}% 86
\BOOKMARK [2][-]{subsection.8.1}{\376\377\000G\000i\036\333\000i\000\040\000t\000h\000i\036\307\000u\000\040\000v\000\340\000\040\000T\036\325\000n\000g\000\040\000q\000u\000a\000n\000\040\000d\036\357\000\040\000l\000i\036\307\000u}{section.8}% 87
\BOOKMARK [2][-]{subsection.8.2}{\376\377\000P\000h\000\342\000n\000\040\000t\000\355\000c\000h\000\040\000X\000u\000\040\000h\001\260\036\333\000n\000g\000\040\000t\000h\000e\000o\000\040\000t\000h\036\335\000i\000\040\000g\000i\000a\000n}{section.8}% 88
\BOOKMARK [2][-]{subsection.8.3}{\376\377\000P\000h\000\342\000n\000\040\000t\000\355\000c\000h\000\040\000P\000h\000\342\000n\000\040\000b\036\321\000\040\001\021\036\313\000a\000\040\000l\000\375}{section.8}% 89
\BOOKMARK [3][-]{subsubsection.8.3.1}{\376\377\000P\000h\000\342\000n\000\040\000b\036\321\000\040\000T\036\311\000n\000h\000/\000T\000h\000\340\000n\000h\000\040\000p\000h\036\321\000\040\001\021\001\260\036\343\000c\000\040\001\021\036\301\000\040\000c\036\255\000p}{subsection.8.3}% 90
\BOOKMARK [3][-]{subsubsection.8.3.2}{\376\377\000P\000h\000\342\000n\000\040\000b\036\321\000\040\000T\036\311\000n\000h\000/\000T\000h\000\340\000n\000h\000\040\000p\000h\036\321\000\040\000t\000h\000u\036\331\000c\000\040\000t\036\353\000n\000g\000\040\000v\000\371\000n\000g\000\040\000m\000i\036\301\000n}{subsection.8.3}% 91
\BOOKMARK [3][-]{subsubsection.8.3.3}{\376\377\000P\000h\000\342\000n\000\040\000b\036\321\000\040\000Q\000u\036\255\000n\000/\000H\000u\000y\036\307\000n\000\040\000t\000h\000u\036\331\000c\000\040\000T\036\311\000n\000h\000/\000T\000h\000\340\000n\000h\000\040\000p\000h\036\321}{subsection.8.3}% 92
\BOOKMARK [2][-]{subsection.8.4}{\376\377\000P\000h\000\342\000n\000\040\000t\000\355\000c\000h\000\040\000M\000\363\000n\000\040\001\003\000n\000\040\000t\000h\000e\000o\000\040\000d\000a\000n\000h\000\040\000m\036\345\000c\000\040\000v\000\340\000\040\000X\000u\000\040\000h\001\260\036\333\000n\000g}{section.8}% 93
\BOOKMARK [3][-]{subsubsection.8.4.1}{\376\377\000P\000h\000\342\000n\000\040\000t\000\355\000c\000h\000\040\000m\000\363\000n\000\040\001\003\000n\000\040\000t\000h\000e\000o\000\040\000d\000a\000n\000h\000\040\000m\036\345\000c}{subsection.8.4}% 94
\BOOKMARK [3][-]{subsubsection.8.4.2}{\376\377\000P\000h\000\342\000n\000\040\000t\000\355\000c\000h\000\040\000m\000\363\000n\000\040\001\003\000n\000\040\000N\036\325\000i\000\040\000b\036\255\000t\000\040\000q\000u\000a\000\040\000t\036\353\000n\000g\000\040\000t\000u\036\247\000n}{subsection.8.4}% 95
\BOOKMARK [1][-]{section.9}{\376\377\000C\000H\001\257\001\240\000N\000G\000\040\0009\000:\000\040\000M\036\330\000T\000\040\000V\000\300\000I\000\040\000C\000\324\000N\000G\000\040\000C\036\344\000\040\000B\036\324\000\040\000T\000R\036\342\000\040\000C\000H\000O\000\040\000V\000I\036\306\000C\000\040\000P\000H\000\301\000T\000\040\000T\000R\000I\036\302\000N\000\040\000K\000\312\000N\000H\000\040\000T\000I\000K\000T\000O\000K}{}% 96
\BOOKMARK [2][-]{subsection.9.1}{\376\377\000G\000i\036\333\000i\000\040\000t\000h\000i\036\307\000u\000\040\000c\000h\000u\000n\000g}{section.9}% 97
\BOOKMARK [2][-]{subsection.9.2}{\376\377\000C\000\364\000n\000g\000\040\000c\036\345\000\040\000h\036\327\000\040\000t\000r\036\343\000\040\000n\000g\000h\000i\000\352\000n\000\040\000c\036\351\000u\000\040\000c\000h\036\347\000\040\001\021\036\301}{section.9}% 98
\BOOKMARK [3][-]{subsubsection.9.2.1}{\376\377\000T\036\325\000n\000g\000\040\000q\000u\000a\000n}{subsection.9.2}% 99
\BOOKMARK [3][-]{subsubsection.9.2.2}{\376\377\000M\036\345\000c\000\040\000t\000i\000\352\000u\000\040\000v\000\340\000\040\000L\036\343\000i\000\040\000\355\000c\000h}{subsection.9.2}% 100
\BOOKMARK [3][-]{subsubsection.9.2.3}{\376\377\000K\000i\036\277\000n\000\040\000t\000r\000\372\000c\000\040\000v\000\340\000\040\000C\000\364\000n\000g\000\040\000n\000g\000h\036\307\000\040\000s\036\355\000\040\000d\036\345\000n\000g}{subsection.9.2}% 101
\BOOKMARK [3][-]{subsubsection.9.2.4}{\376\377\000T\000h\000i\036\277\000t\000\040\000k\036\277\000\040\000g\000i\000a\000o\000\040\000d\000i\036\307\000n\000\040\000n\000g\001\260\036\335\000i\000\040\000d\000\371\000n\000g\000\040\000v\000\340\000\040\000L\000u\036\323\000n\000g\000\040\000t\001\260\001\241\000n\000g\000\040\000t\000\341\000c}{subsection.9.2}% 102
\BOOKMARK [3][-]{subsubsection.9.2.5}{\376\377\000K\036\371\000\040\000t\000h\000u\036\255\000t\000\040\000P\000r\000o\000m\000p\000t\000i\000n\000g}{subsection.9.2}% 103
\BOOKMARK [3][-]{subsubsection.9.2.6}{\376\377\000T\001\260\001\241\000n\000g\000\040\000t\000\341\000c\000\040\000v\036\333\000i\000\040\000G\000e\000m\000i\000n\000i\000\040\000A\000P\000I\000\040\000v\000\340\000\040\000X\036\355\000\040\000l\000\375\000\040\000k\036\277\000t\000\040\000q\000u\036\243}{subsection.9.2}% 104
\BOOKMARK [3][-]{subsubsection.9.2.7}{\376\377\000M\000i\000n\000h\000\040\000h\036\315\000a\000\040\000c\000\341\000c\000h\000\040\000s\036\355\000\040\000d\036\345\000n\000g\000\040\000c\000\364\000n\000g\000\040\000c\036\345}{subsection.9.2}% 105
\BOOKMARK [2][-]{subsection.9.3}{\376\377\000C\000\364\000n\000g\000\040\000c\036\345\000\040\000g\036\343\000i\000\040\000\375\000\040\000c\000\341\000c\000h\000\040\000q\000u\000a\000y\000\040\000v\000i\000d\000e\000o\000\040\036\251\000m\000\040\000t\000h\036\361\000c}{section.9}% 106
\BOOKMARK [3][-]{subsubsection.9.3.1}{\376\377\000T\036\325\000n\000g\000\040\000q\000u\000a\000n}{subsection.9.3}% 107
\BOOKMARK [3][-]{subsubsection.9.3.2}{\376\377\000M\036\345\000c\000\040\000t\000i\000\352\000u\000\040\000v\000\340\000\040\000L\036\343\000i\000\040\000\355\000c\000h}{subsection.9.3}% 108
\BOOKMARK [3][-]{subsubsection.9.3.3}{\376\377\000K\000i\036\277\000n\000\040\000t\000r\000\372\000c\000\040\000v\000\340\000\040\000C\000\364\000n\000g\000\040\000n\000g\000h\036\307\000\040\000s\036\355\000\040\000d\036\345\000n\000g}{subsection.9.3}% 109
\BOOKMARK [3][-]{subsubsection.9.3.4}{\376\377\000T\000h\000i\036\277\000t\000\040\000k\036\277\000\040\000g\000i\000a\000o\000\040\000d\000i\036\307\000n\000\040\000n\000g\001\260\036\335\000i\000\040\000d\000\371\000n\000g\000\040\000v\000\340\000\040\000L\000u\036\323\000n\000g\000\040\000t\001\260\001\241\000n\000g\000\040\000t\000\341\000c}{subsection.9.3}% 110
\BOOKMARK [3][-]{subsubsection.9.3.5}{\376\377\000K\036\371\000\040\000t\000h\000u\036\255\000t\000\040\000P\000r\000o\000m\000p\000t\000i\000n\000g\000\040\000c\000h\000u\000y\000\352\000n\000\040\000b\000i\036\307\000t\000\040\000t\000h\000e\000o\000\040\000t\000h\036\303\000\040\000l\000o\036\241\000i\000\040\000v\000i\000d\000e\000o}{subsection.9.3}% 111
\BOOKMARK [3][-]{subsubsection.9.3.6}{\376\377\000T\001\260\001\241\000n\000g\000\040\000t\000\341\000c\000\040\000v\036\333\000i\000\040\000G\000e\000m\000i\000n\000i\000\040\000A\000P\000I\000\040\000v\000\340\000\040\000X\036\355\000\040\000l\000\375\000\040\000k\036\277\000t\000\040\000q\000u\036\243}{subsection.9.3}% 112
\BOOKMARK [3][-]{subsubsection.9.3.7}{\376\377\000M\000i\000n\000h\000\040\000h\036\315\000a\000\040\000c\000\341\000c\000h\000\040\000s\036\355\000\040\000d\036\345\000n\000g\000\040\000c\000\364\000n\000g\000\040\000c\036\345}{subsection.9.3}% 113
\BOOKMARK [1][-]{section.10}{\376\377\000C\000H\001\257\001\240\000N\000G\000\040\0001\0000\000:\000\040\000B\000\300\000N\000\040\000L\000U\036\254\000N\000\040\000V\000\300\000\040\000K\036\276\000T\000\040\000L\000U\036\254\000N}{}% 114
\BOOKMARK [2][-]{subsection.10.1}{\376\377\000B\000\340\000n\000\040\000l\000u\036\255\000n}{section.10}% 115
\BOOKMARK [3][-]{subsubsection.10.1.1}{\376\377\000T\000\363\000m\000\040\000t\036\257\000t\000\040\000c\000\341\000c\000\040\000k\036\277\000t\000\040\000q\000u\036\243\000\040\001\021\036\241\000t\000\040\001\021\001\260\036\343\000c}{subsection.10.1}% 116
\BOOKMARK [3][-]{subsubsection.10.1.2}{\376\377\000C\000\341\000c\000\040\000p\000h\000\341\000t\000\040\000h\000i\036\307\000n\000\040\000c\000h\000\355\000n\000h\000\040\000t\036\353\000\040\000p\000h\000\342\000n\000\040\000t\000\355\000c\000h\000\040\000d\036\357\000\040\000l\000i\036\307\000u\000\040\000T\000i\000k\000T\000o\000k}{subsection.10.1}% 117
\BOOKMARK [3][-]{subsubsection.10.1.3}{\376\377\000\335\000\040\000n\000g\000h\001\051\000a\000\040\000v\000\340\000\040\001\020\000\363\000n\000g\000\040\000g\000\363\000p}{subsection.10.1}% 118
\BOOKMARK [2][-]{subsection.10.2}{\376\377\000K\036\277\000t\000\040\000l\000u\036\255\000n\000\040\000v\000\340\000\040\000H\001\260\036\333\000n\000g\000\040\000p\000h\000\341\000t\000\040\000t\000r\000i\036\303\000n\000\040\000t\001\260\001\241\000n\000g\000\040\000l\000a\000i}{section.10}% 119
\BOOKMARK [3][-]{subsubsection.10.2.1}{\376\377\000K\036\277\000t\000\040\000l\000u\036\255\000n}{subsection.10.2}% 120
\BOOKMARK [3][-]{subsubsection.10.2.2}{\376\377\000H\001\260\036\333\000n\000g\000\040\000p\000h\000\341\000t\000\040\000t\000r\000i\036\303\000n\000\040\000t\001\260\001\241\000n\000g\000\040\000l\000a\000i}{subsection.10.2}% 121
\BOOKMARK [1][-]{section*.139}{\376\377\000T\000\340\000i\000\040\000l\000i\036\307\000u\000\040\000t\000h\000a\000m\000\040\000k\000h\036\243\000o}{}% 122
